<?xml version="1.0" encoding="utf-8"?><testsuites name="pytest tests"><testsuite name="pytest" errors="0" failures="0" skipped="0" tests="9" time="3.527" timestamp="2026-04-28T01:57:18.816745+00:00" hostname="agent-env-048a8fa0-4afe-49ee-81b3-30f0d0fa8b74"><testcase classname="backend.tests.test_equipment_master.TestEquipmentMasterList" name="test_list_all_shape_and_count" time="0.181" /><testcase classname="backend.tests.test_equipment_master.TestEquipmentMasterList" name="test_category_filter_excavators" time="0.117" /><testcase classname="backend.tests.test_equipment_master.TestAdminAuth" name="test_login_returns_token" time="0.203" /><testcase classname="backend.tests.test_equipment_master.TestAdminAuth" name="test_login_bad_password" time="0.115" /><testcase classname="backend.tests.test_equipment_master.TestEquipmentMasterStatus" name="test_status_requires_admin" time="0.109" /><testcase classname="backend.tests.test_equipment_master.TestEquipmentMasterStatus" name="test_status_with_admin" time="0.213" /><testcase classname="backend.tests.test_equipment_master.TestEquipmentMasterUpload" name="test_upload_requires_admin" time="0.159" /><testcase classname="backend.tests.test_equipment_master.TestEquipmentMasterUpload" name="test_upload_rejects_non_xlsx" time="0.126" /><testcase classname="backend.tests.test_equipment_master.TestEquipmentMasterUpload" name="test_upload_replaces_fleet_and_seed_file" time="2.258" /></testsuite></testsuites>