<?xml version="1.0" encoding="utf-8"?><testsuites name="pytest tests"><testsuite name="pytest" errors="0" failures="0" skipped="0" tests="11" time="0.050" timestamp="2026-06-15T22:53:42.793647+00:00" hostname="agent-env-048a8fa0-4afe-49ee-81b3-30f0d0fa8b74"><testcase classname="backend.tests.test_track14_pm_staffing_discoverability" name="test_admin_hub_v2_has_project_staffing_tile" time="0.001" /><testcase classname="backend.tests.test_track14_pm_staffing_discoverability" name="test_pm_hub_v2_has_project_staffing_destination" time="0.000" /><testcase classname="backend.tests.test_track14_pm_staffing_discoverability" name="test_app_js_wires_new_routes" time="0.000" /><testcase classname="backend.tests.test_track14_pm_staffing_discoverability" name="test_project_staffing_hub_page_exists_with_testids" time="0.000" /><testcase classname="backend.tests.test_track14_pm_staffing_discoverability" name="test_job_team_roster_panel_pm_scope_note_present" time="0.000" /><testcase classname="backend.tests.test_track14_pm_staffing_discoverability" name="test_admin_job_master_team_button_is_prominent" time="0.000" /><testcase classname="backend.tests.test_track14_pm_staffing_discoverability" name="test_pm_project_detail_renders_team_panel_inline" time="0.000" /><testcase classname="backend.tests.test_track14_pm_staffing_discoverability" name="test_hr_employees_drawer_shows_project_assignments" time="0.000" /><testcase classname="backend.tests.test_track14_pm_staffing_discoverability" name="test_backend_staffing_summary_endpoint_registered" time="0.000" /><testcase classname="backend.tests.test_track14_pm_staffing_discoverability" name="test_global_search_includes_staffing_kind" time="0.000" /><testcase classname="backend.tests.test_track14_pm_staffing_discoverability" name="test_role_registry_unchanged_seventeen_roles" time="0.001" /></testsuite></testsuites>