<?xml version="1.0" encoding="utf-8"?><testsuites name="pytest tests"><testsuite name="pytest" errors="0" failures="0" skipped="0" tests="12" time="2.373" timestamp="2026-05-08T10:29:25.895409+00:00" hostname="agent-env-048a8fa0-4afe-49ee-81b3-30f0d0fa8b74"><testcase classname="backend.tests.test_iter51_thumb_signed" name="test_list_includes_thumb_token" time="0.245" /><testcase classname="backend.tests.test_iter51_thumb_signed" name="test_thumb_signed_valid_token_returns_image" time="0.130" /><testcase classname="backend.tests.test_iter51_thumb_signed" name="test_thumb_signed_cache_miss_then_hit" time="0.458" /><testcase classname="backend.tests.test_iter51_thumb_signed" name="test_thumb_signed_bogus_token_403" time="0.100" /><testcase classname="backend.tests.test_iter51_thumb_signed" name="test_thumb_signed_missing_token_422" time="0.101" /><testcase classname="backend.tests.test_iter51_thumb_signed" name="test_token_is_photo_id_bound" time="0.120" /><testcase classname="backend.tests.test_iter51_thumb_signed" name="test_thumb_auth_header_path_works" time="0.144" /><testcase classname="backend.tests.test_iter51_thumb_signed" name="test_content_negotiation_avif" time="0.130" /><testcase classname="backend.tests.test_iter51_thumb_signed" name="test_content_negotiation_webp" time="0.110" /><testcase classname="backend.tests.test_iter51_thumb_signed" name="test_content_negotiation_jpeg_only" time="0.119" /><testcase classname="backend.tests.test_iter51_thumb_signed" name="test_admin_reindex_wipes_thumb_cache" time="0.443" /><testcase classname="backend.tests.test_iter51_thumb_signed" name="test_pillow_heif_registered" time="0.228" /></testsuite></testsuites>