<?xml version="1.0" encoding="utf-8"?><testsuites name="pytest tests"><testsuite name="pytest" errors="0" failures="1" skipped="0" tests="10" time="24.164" timestamp="2026-06-15T22:56:14.408743+00:00" hostname="agent-env-048a8fa0-4afe-49ee-81b3-30f0d0fa8b74"><testcase classname="backend.tests.test_track14_pm_staffing_e2e_iteration517" name="test_staffing_summary_admin" time="21.604" /><testcase classname="backend.tests.test_track14_pm_staffing_e2e_iteration517" name="test_staffing_summary_pm_scoped" time="0.785" /><testcase classname="backend.tests.test_track14_pm_staffing_e2e_iteration517" name="test_employee_project_assignments_pm" time="0.183" /><testcase classname="backend.tests.test_track14_pm_staffing_e2e_iteration517" name="test_search_staffing_pm_scope" time="0.272" /><testcase classname="backend.tests.test_track14_pm_staffing_e2e_iteration517" name="test_search_staffing_admin" time="0.181" /><testcase classname="backend.tests.test_track14_pm_staffing_e2e_iteration517" name="test_pm_endpoint_blocks_admin_only_roles[pm]" time="0.196" /><testcase classname="backend.tests.test_track14_pm_staffing_e2e_iteration517" name="test_pm_endpoint_blocks_admin_only_roles[co_pm]" time="0.211" /><testcase classname="backend.tests.test_track14_pm_staffing_e2e_iteration517" name="test_pm_endpoint_blocks_admin_only_roles[executive_oversight]" time="0.189" /><testcase classname="backend.tests.test_track14_pm_staffing_e2e_iteration517" name="test_admin_endpoint_rejects_pm_token" time="0.189" /><testcase classname="backend.tests.test_track14_pm_staffing_e2e_iteration517" name="test_pm_can_assign_superintendent" time="0.222"><failure message="AssertionError: PM should be able to assign superintendent, got 403: {&quot;detail&quot;:&quot;PM not assigned to this project&quot;}&#10;assert 403 in (200, 201, 409)&#10; +  where 403 = &lt;Response [403]&gt;.status_code">backend/tests/test_track14_pm_staffing_e2e_iteration517.py:198: in test_pm_can_assign_superintendent
    assert r.status_code in (
E   AssertionError: PM should be able to assign superintendent, got 403: {"detail":"PM not assigned to this project"}
E   assert 403 in (200, 201, 409)
E    +  where 403 = &lt;Response [403]&gt;.status_code</failure></testcase></testsuite></testsuites>