<?xml version="1.0" encoding="utf-8"?><testsuites name="pytest tests"><testsuite name="pytest" errors="0" failures="0" skipped="0" tests="15" time="2.114" timestamp="2026-05-15T13:03:33.939019+00:00" hostname="agent-env-048a8fa0-4afe-49ee-81b3-30f0d0fa8b74"><testcase classname="backend.tests.test_iter137_master_lookup.TestEquipmentTypeahead" name="test_equipment_typeahead_returns_results" time="0.102" /><testcase classname="backend.tests.test_iter137_master_lookup.TestEquipmentTypeahead" name="test_equipment_empty_query_returns_empty" time="0.112" /><testcase classname="backend.tests.test_iter137_master_lookup.TestEquipmentTypeahead" name="test_equipment_empty_query_with_limit_returns_empty" time="0.124" /><testcase classname="backend.tests.test_iter137_master_lookup.TestEquipmentTypeahead" name="test_equipment_typeahead_no_auth_required" time="0.141" /><testcase classname="backend.tests.test_iter137_master_lookup.TestEmployeeTypeahead" name="test_employee_typeahead_returns_results" time="0.105" /><testcase classname="backend.tests.test_iter137_master_lookup.TestEmployeeTypeahead" name="test_employee_empty_query_returns_empty" time="0.105" /><testcase classname="backend.tests.test_iter137_master_lookup.TestAuditGating" name="test_audit_requires_admin_token" time="0.101" /><testcase classname="backend.tests.test_iter137_master_lookup.TestAuditGating" name="test_audit_with_admin_returns_shape" time="0.111" /><testcase classname="backend.tests.test_iter137_master_lookup.TestBackfillEquipment" name="test_backfill_equipment_dry_run_no_mutation" time="0.359" /><testcase classname="backend.tests.test_iter137_master_lookup.TestBackfillEquipment" name="test_backfill_equipment_real_run_idempotent" time="0.253" /><testcase classname="backend.tests.test_iter137_master_lookup.TestBackfillEmployees" name="test_backfill_employees_real_run" time="0.113" /><testcase classname="backend.tests.test_iter137_master_lookup.TestRegression" name="test_training_center_portals_total_18" time="0.104" /><testcase classname="backend.tests.test_iter137_master_lookup.TestRegression" name="test_deploy_readiness_overall_ready" time="0.121" /><testcase classname="backend.tests.test_iter137_master_lookup.TestRegression" name="test_safety_corrective_actions_list_ok" time="0.133" /><testcase classname="backend.tests.test_iter137_master_lookup.TestRegression" name="test_safety_fire_extinguishers_list_ok" time="0.103" /></testsuite></testsuites>