<?xml version="1.0" encoding="utf-8"?><testsuites name="pytest tests"><testsuite name="pytest" errors="0" failures="0" skipped="0" tests="27" time="5.742" timestamp="2026-05-15T10:04:09.401300+00:00" hostname="agent-env-048a8fa0-4afe-49ee-81b3-30f0d0fa8b74"><testcase classname="backend.tests.test_safety_portal_iter120.TestSafetyOverview" name="test_overview_has_new_fields" time="0.449" /><testcase classname="backend.tests.test_safety_portal_iter120.TestFireExtinguishers" name="test_create_shape" time="0.104" /><testcase classname="backend.tests.test_safety_portal_iter120.TestFireExtinguishers" name="test_list_and_status_filter" time="0.189" /><testcase classname="backend.tests.test_safety_portal_iter120.TestFireExtinguishers" name="test_patch" time="0.101" /><testcase classname="backend.tests.test_safety_portal_iter120.TestFireExtinguishers" name="test_inspect_auto_next_due" time="0.168" /><testcase classname="backend.tests.test_safety_portal_iter120.TestFireExtinguishers" name="test_overdue_filter" time="0.454" /><testcase classname="backend.tests.test_safety_portal_iter120.TestDocuments" name="test_upload_shape" time="0.469" /><testcase classname="backend.tests.test_safety_portal_iter120.TestDocuments" name="test_list_excludes_file_data" time="0.110" /><testcase classname="backend.tests.test_safety_portal_iter120.TestDocuments" name="test_download_bytes" time="0.367" /><testcase classname="backend.tests.test_safety_portal_iter120.TestDocuments" name="test_patch" time="0.107" /><testcase classname="backend.tests.test_safety_portal_iter120.TestDocuments" name="test_cross_portal_read_hr" time="0.970" /><testcase classname="backend.tests.test_safety_portal_iter120.TestDocuments" name="test_cross_portal_read_admin" time="0.113" /><testcase classname="backend.tests.test_safety_portal_iter120.TestDocuments" name="test_hr_cannot_write" time="0.100" /><testcase classname="backend.tests.test_safety_portal_iter120.TestDocuments" name="test_admin_cannot_write_safety_docs" time="0.350" /><testcase classname="backend.tests.test_safety_portal_iter120.TestTraining" name="test_create_auto_resolve_name" time="0.218" /><testcase classname="backend.tests.test_safety_portal_iter120.TestTraining" name="test_list_filter_by_employee" time="0.121" /><testcase classname="backend.tests.test_safety_portal_iter120.TestTraining" name="test_cross_portal_read_hr" time="0.127" /><testcase classname="backend.tests.test_safety_portal_iter120.TestTraining" name="test_cross_portal_read_admin" time="0.104" /><testcase classname="backend.tests.test_safety_portal_iter120.TestTraining" name="test_hr_cannot_create" time="0.107" /><testcase classname="backend.tests.test_safety_portal_iter120.TestTraining" name="test_patch" time="0.239" /><testcase classname="backend.tests.test_safety_portal_iter120.TestEmployeeProfile" name="test_safety_token" time="0.113" /><testcase classname="backend.tests.test_safety_portal_iter120.TestEmployeeProfile" name="test_hr_token" time="0.104" /><testcase classname="backend.tests.test_safety_portal_iter120.TestEmployeeProfile" name="test_admin_token" time="0.106" /><testcase classname="backend.tests.test_safety_portal_iter120.TestEmployeeProfile" name="test_404_unknown" time="0.097" /><testcase classname="backend.tests.test_safety_portal_iter120.TestDigest" name="test_preview" time="0.102" /><testcase classname="backend.tests.test_safety_portal_iter120.TestDigest" name="test_send_preview_env_no_send" time="0.107" /><testcase classname="backend.tests.test_safety_portal_iter120.TestAdminSafetyOverview" name="test_admin_overview_fields" time="0.113" /></testsuite></testsuites>