<?xml version="1.0" encoding="utf-8"?><testsuites name="pytest tests"><testsuite name="pytest" errors="0" failures="7" skipped="7" tests="46" time="54.066" timestamp="2026-05-03T01:53:08.710707+00:00" hostname="agent-env-048a8fa0-4afe-49ee-81b3-30f0d0fa8b74"><testcase classname="backend.tests.test_iter30_bilingual_videos.TestTrainingVideosGet" name="test_response_shape_is_dict_per_slug" time="0.109" /><testcase classname="backend.tests.test_iter30_bilingual_videos.TestTrainingVideosGet" name="test_en_url_contains_language_fingerprint[field-01-hub-navigation-expected0]" time="0.110"><failure message="AssertionError: EN URL must be https: /api/training/video/field-01-hub-navigation.en.mp4&#10;assert False&#10; +  where False = &lt;built-in method startswith of str object at 0xfa239df54ce0&gt;('https://')&#10; +    where &lt;built-in method startswith of str object at 0xfa239df54ce0&gt; = '/api/training/video/field-01-hub-navigation.en.mp4'.startswith">E   AssertionError: EN URL must be https: /api/training/video/field-01-hub-navigation.en.mp4
    assert False
     +  where False = &lt;built-in method startswith of str object at 0xfa239df54ce0&gt;('https://')
     +    where &lt;built-in method startswith of str object at 0xfa239df54ce0&gt; = '/api/training/video/field-01-hub-navigation.en.mp4'.startswith</failure></testcase><testcase classname="backend.tests.test_iter30_bilingual_videos.TestTrainingVideosGet" name="test_en_url_contains_language_fingerprint[field-02-daily-report-expected1]" time="0.120"><failure message="AssertionError: EN URL must be https: /api/training/video/field-02-daily-report.en.mp4&#10;assert False&#10; +  where False = &lt;built-in method startswith of str object at 0xfa239df54ff0&gt;('https://')&#10; +    where &lt;built-in method startswith of str object at 0xfa239df54ff0&gt; = '/api/training/video/field-02-daily-report.en.mp4'.startswith">E   AssertionError: EN URL must be https: /api/training/video/field-02-daily-report.en.mp4
    assert False
     +  where False = &lt;built-in method startswith of str object at 0xfa239df54ff0&gt;('https://')
     +    where &lt;built-in method startswith of str object at 0xfa239df54ff0&gt; = '/api/training/video/field-02-daily-report.en.mp4'.startswith</failure></testcase><testcase classname="backend.tests.test_iter30_bilingual_videos.TestTrainingVideosGet" name="test_en_url_contains_language_fingerprint[field-03-equipment-preop-expected2]" time="0.124"><failure message="AssertionError: EN URL must be https: /api/training/video/field-03-equipment-preop.en.mp4&#10;assert False&#10; +  where False = &lt;built-in method startswith of str object at 0xfa239df54f10&gt;('https://')&#10; +    where &lt;built-in method startswith of str object at 0xfa239df54f10&gt; = '/api/training/video/field-03-equipment-preop.en.mp4'.startswith">E   AssertionError: EN URL must be https: /api/training/video/field-03-equipment-preop.en.mp4
    assert False
     +  where False = &lt;built-in method startswith of str object at 0xfa239df54f10&gt;('https://')
     +    where &lt;built-in method startswith of str object at 0xfa239df54f10&gt; = '/api/training/video/field-03-equipment-preop.en.mp4'.startswith</failure></testcase><testcase classname="backend.tests.test_iter30_bilingual_videos.TestTrainingVideosGet" name="test_es_url_contains_language_fingerprint[field-01-hub-navigation-expected0]" time="0.103"><failure message="AssertionError: ES URL must be https: /api/training/video/field-01-hub-navigation.es.mp4&#10;assert False&#10; +  where False = &lt;built-in method startswith of str object at 0xfa239df54dc0&gt;('https://')&#10; +    where &lt;built-in method startswith of str object at 0xfa239df54dc0&gt; = '/api/training/video/field-01-hub-navigation.es.mp4'.startswith">E   AssertionError: ES URL must be https: /api/training/video/field-01-hub-navigation.es.mp4
    assert False
     +  where False = &lt;built-in method startswith of str object at 0xfa239df54dc0&gt;('https://')
     +    where &lt;built-in method startswith of str object at 0xfa239df54dc0&gt; = '/api/training/video/field-01-hub-navigation.es.mp4'.startswith</failure></testcase><testcase classname="backend.tests.test_iter30_bilingual_videos.TestTrainingVideosGet" name="test_es_url_contains_language_fingerprint[field-02-daily-report-expected1]" time="0.122"><failure message="AssertionError: ES URL must be https: /api/training/video/field-02-daily-report.es.mp4&#10;assert False&#10; +  where False = &lt;built-in method startswith of str object at 0xfa239df551b0&gt;('https://')&#10; +    where &lt;built-in method startswith of str object at 0xfa239df551b0&gt; = '/api/training/video/field-02-daily-report.es.mp4'.startswith">E   AssertionError: ES URL must be https: /api/training/video/field-02-daily-report.es.mp4
    assert False
     +  where False = &lt;built-in method startswith of str object at 0xfa239df551b0&gt;('https://')
     +    where &lt;built-in method startswith of str object at 0xfa239df551b0&gt; = '/api/training/video/field-02-daily-report.es.mp4'.startswith</failure></testcase><testcase classname="backend.tests.test_iter30_bilingual_videos.TestTrainingVideosGet" name="test_es_url_contains_language_fingerprint[field-03-equipment-preop-expected2]" time="0.105"><failure message="AssertionError: ES URL must be https: /api/training/video/field-03-equipment-preop.es.mp4&#10;assert False&#10; +  where False = &lt;built-in method startswith of str object at 0xfa239df54dc0&gt;('https://')&#10; +    where &lt;built-in method startswith of str object at 0xfa239df54dc0&gt; = '/api/training/video/field-03-equipment-preop.es.mp4'.startswith">E   AssertionError: ES URL must be https: /api/training/video/field-03-equipment-preop.es.mp4
    assert False
     +  where False = &lt;built-in method startswith of str object at 0xfa239df54dc0&gt;('https://')
     +    where &lt;built-in method startswith of str object at 0xfa239df54dc0&gt; = '/api/training/video/field-03-equipment-preop.es.mp4'.startswith</failure></testcase><testcase classname="backend.tests.test_iter30_bilingual_videos.TestTrainingVideosGet" name="test_en_and_es_urls_differ_per_slug" time="0.117" /><testcase classname="backend.tests.test_iter30_bilingual_videos.TestTrainingVideosPutAuth" name="test_pm_token_rejected_by_admin_strict" time="0.215" /><testcase classname="backend.tests.test_iter30_bilingual_videos.TestTrainingVideosPutAuth" name="test_no_token_rejected" time="0.107" /><testcase classname="backend.tests.test_iter30_bilingual_videos.TestTrainingVideosPutRoundtrip" name="test_put_new_bilingual_shape_roundtrip" time="0.342" /><testcase classname="backend.tests.test_iter30_bilingual_videos.TestTrainingVideosPutRoundtrip" name="test_put_legacy_single_string_stored_as_en" time="0.324" /><testcase classname="backend.tests.test_iter30_bilingual_videos.TestTrainingVideosPutRoundtrip" name="test_put_en_only_then_es_only_merges" time="0.473" /><testcase classname="backend.tests.test_iter30_bilingual_videos.TestTrainingVideosPutRoundtrip" name="test_default_field_slugs_untouched_after_admin_write" time="0.449" /><testcase classname="backend.tests.test_iter29_predeploy.TestAuth" name="test_admin_wrong_password" time="0.110" /><testcase classname="backend.tests.test_iter29_predeploy.TestAuth" name="test_pm_wrong_password" time="0.050" /><testcase classname="backend.tests.test_iter29_predeploy.TestAuth" name="test_shop_wrong_password" time="0.047" /><testcase classname="backend.tests.test_iter29_predeploy.TestAuth" name="test_dev_wrong_password" time="0.045" /><testcase classname="backend.tests.test_iter29_predeploy.TestAuth" name="test_dev_rejects_admin_token" time="0.091" /><testcase classname="backend.tests.test_iter29_predeploy.TestAuth" name="test_dev_rejects_pm_token" time="0.094" /><testcase classname="backend.tests.test_iter29_predeploy.TestAuth" name="test_dev_accepts_dev_token" time="4.381" /><testcase classname="backend.tests.test_iter29_predeploy.TestTrainingVideo" name="test_videos_endpoint_autoseeds" time="0.053"><failure message="AssertionError: invalid en url: {'en': '/api/training/video/field-01-hub-navigation.en.mp4', 'es': '/api/training/video/field-01-hub-navigation.es.mp4'}&#10;assert False&#10; +  where False = &lt;built-in method startswith of str object at 0xfa239df55f40&gt;('http')&#10; +    where &lt;built-in method startswith of str object at 0xfa239df55f40&gt; = '/api/training/video/field-01-hub-navigation.en.mp4'.startswith">E   AssertionError: invalid en url: {'en': '/api/training/video/field-01-hub-navigation.en.mp4', 'es': '/api/training/video/field-01-hub-navigation.es.mp4'}
    assert False
     +  where False = &lt;built-in method startswith of str object at 0xfa239df55f40&gt;('http')
     +    where &lt;built-in method startswith of str object at 0xfa239df55f40&gt; = '/api/training/video/field-01-hub-navigation.en.mp4'.startswith</failure></testcase><testcase classname="backend.tests.test_iter29_predeploy.TestTrainingPDFFooterField" name="test_field_packet_footer_one_per_page[en]" time="1.009" /><testcase classname="backend.tests.test_iter29_predeploy.TestTrainingPDFFooterField" name="test_field_packet_footer_one_per_page[es]" time="0.941" /><testcase classname="backend.tests.test_iter29_predeploy.TestTrainingPDFFooterField" name="test_field_packet_footer_one_per_page[bi]" time="3.237" /><testcase classname="backend.tests.test_iter29_predeploy.TestTrainingPDFFooterGated" name="test_gated_packet_footer_one_per_page[en-shop-X-Shop-Token-shop_token]" time="0.916" /><testcase classname="backend.tests.test_iter29_predeploy.TestTrainingPDFFooterGated" name="test_gated_packet_footer_one_per_page[en-pm-X-PM-Token-pm_token]" time="1.351" /><testcase classname="backend.tests.test_iter29_predeploy.TestTrainingPDFFooterGated" name="test_gated_packet_footer_one_per_page[en-admin-X-Admin-Token-admin_token]" time="1.545" /><testcase classname="backend.tests.test_iter29_predeploy.TestTrainingPDFFooterGated" name="test_gated_packet_footer_one_per_page[es-shop-X-Shop-Token-shop_token]" time="0.871" /><testcase classname="backend.tests.test_iter29_predeploy.TestTrainingPDFFooterGated" name="test_gated_packet_footer_one_per_page[es-pm-X-PM-Token-pm_token]" time="1.334" /><testcase classname="backend.tests.test_iter29_predeploy.TestTrainingPDFFooterGated" name="test_gated_packet_footer_one_per_page[es-admin-X-Admin-Token-admin_token]" time="1.555" /><testcase classname="backend.tests.test_iter29_predeploy.TestTrainingPDFFooterGated" name="test_gated_packet_footer_one_per_page[bi-shop-X-Shop-Token-shop_token]" time="1.866" /><testcase classname="backend.tests.test_iter29_predeploy.TestTrainingPDFFooterGated" name="test_gated_packet_footer_one_per_page[bi-pm-X-PM-Token-pm_token]" time="3.096" /><testcase classname="backend.tests.test_iter29_predeploy.TestTrainingPDFFooterGated" name="test_gated_packet_footer_one_per_page[bi-admin-X-Admin-Token-admin_token]" time="4.325" /><testcase classname="backend.tests.test_iter29_predeploy.TestCoreWorkflows" name="test_post_daily_report" time="0.000"><skipped type="pytest.skip" message="Workflow POST schemas have many strict required fields; covered by existing /app/backend/tests/test_daily_reports.py, test_equipment_inspections.py, test_inspections.py, test_meetings_jhas.py, test_incidents.py">/app/backend/tests/test_iter29_predeploy.py:203: Workflow POST schemas have many strict required fields; covered by existing /app/backend/tests/test_daily_reports.py, test_equipment_inspections.py, test_inspections.py, test_meetings_jhas.py, test_incidents.py</skipped></testcase><testcase classname="backend.tests.test_iter29_predeploy.TestCoreWorkflows" name="test_post_equipment_inspection_FAIL" time="0.000"><skipped type="pytest.skip" message="Workflow POST schemas have many strict required fields; covered by existing /app/backend/tests/test_daily_reports.py, test_equipment_inspections.py, test_inspections.py, test_meetings_jhas.py, test_incidents.py">/app/backend/tests/test_iter29_predeploy.py:218: Workflow POST schemas have many strict required fields; covered by existing /app/backend/tests/test_daily_reports.py, test_equipment_inspections.py, test_inspections.py, test_meetings_jhas.py, test_incidents.py</skipped></testcase><testcase classname="backend.tests.test_iter29_predeploy.TestCoreWorkflows" name="test_post_inspection" time="0.000"><skipped type="pytest.skip" message="Workflow POST schemas have many strict required fields; covered by existing /app/backend/tests/test_daily_reports.py, test_equipment_inspections.py, test_inspections.py, test_meetings_jhas.py, test_incidents.py">/app/backend/tests/test_iter29_predeploy.py:238: Workflow POST schemas have many strict required fields; covered by existing /app/backend/tests/test_daily_reports.py, test_equipment_inspections.py, test_inspections.py, test_meetings_jhas.py, test_incidents.py</skipped></testcase><testcase classname="backend.tests.test_iter29_predeploy.TestCoreWorkflows" name="test_post_meeting" time="0.000"><skipped type="pytest.skip" message="Workflow POST schemas have many strict required fields; covered by existing /app/backend/tests/test_daily_reports.py, test_equipment_inspections.py, test_inspections.py, test_meetings_jhas.py, test_incidents.py">/app/backend/tests/test_iter29_predeploy.py:254: Workflow POST schemas have many strict required fields; covered by existing /app/backend/tests/test_daily_reports.py, test_equipment_inspections.py, test_inspections.py, test_meetings_jhas.py, test_incidents.py</skipped></testcase><testcase classname="backend.tests.test_iter29_predeploy.TestCoreWorkflows" name="test_post_jha" time="0.000"><skipped type="pytest.skip" message="Workflow POST schemas have many strict required fields; covered by existing /app/backend/tests/test_daily_reports.py, test_equipment_inspections.py, test_inspections.py, test_meetings_jhas.py, test_incidents.py">/app/backend/tests/test_iter29_predeploy.py:269: Workflow POST schemas have many strict required fields; covered by existing /app/backend/tests/test_daily_reports.py, test_equipment_inspections.py, test_inspections.py, test_meetings_jhas.py, test_incidents.py</skipped></testcase><testcase classname="backend.tests.test_iter29_predeploy.TestCoreWorkflows" name="test_post_incident" time="0.000"><skipped type="pytest.skip" message="Workflow POST schemas have many strict required fields; covered by existing /app/backend/tests/test_daily_reports.py, test_equipment_inspections.py, test_inspections.py, test_meetings_jhas.py, test_incidents.py">/app/backend/tests/test_iter29_predeploy.py:285: Workflow POST schemas have many strict required fields; covered by existing /app/backend/tests/test_daily_reports.py, test_equipment_inspections.py, test_inspections.py, test_meetings_jhas.py, test_incidents.py</skipped></testcase><testcase classname="backend.tests.test_iter29_predeploy.TestShopSignoffLoop" name="test_fail_appears_in_open_items" time="0.097" /><testcase classname="backend.tests.test_iter29_predeploy.TestShopSignoffLoop" name="test_shop_signoff_round_trip" time="0.000"><skipped type="pytest.skip" message="no FAIL inspection id captured">/app/backend/tests/test_iter29_predeploy.py:327: no FAIL inspection id captured</skipped></testcase><testcase classname="backend.tests.test_iter29_predeploy.TestMisc" name="test_terms_page" time="0.050" /><testcase classname="backend.tests.test_iter29_predeploy.TestMisc" name="test_privacy_page" time="0.048" /><testcase classname="backend.tests.test_iter29_predeploy.TestMisc" name="test_admin_protected_without_token" time="0.165" /><testcase classname="backend.tests.test_iter29_predeploy.TestMisc" name="test_admin_backup_run_and_list" time="23.853" /></testsuite></testsuites>