<?xml version="1.0" encoding="utf-8"?><testsuites name="pytest tests"><testsuite name="pytest" errors="0" failures="0" skipped="0" tests="17" time="2.549" timestamp="2026-05-15T09:51:45.733776+00:00" hostname="agent-env-048a8fa0-4afe-49ee-81b3-30f0d0fa8b74"><testcase classname="backend.tests.test_iter130_admin_ops.TestSystemHealth" name="test_requires_admin_token" time="0.116" /><testcase classname="backend.tests.test_iter130_admin_ops.TestSystemHealth" name="test_pm_token_rejected" time="0.447" /><testcase classname="backend.tests.test_iter130_admin_ops.TestSystemHealth" name="test_admin_returns_full_shape" time="0.100" /><testcase classname="backend.tests.test_iter130_admin_ops.TestAuditLog" name="test_requires_admin" time="0.101" /><testcase classname="backend.tests.test_iter130_admin_ops.TestAuditLog" name="test_default_shape" time="0.113" /><testcase classname="backend.tests.test_iter130_admin_ops.TestAuditLog" name="test_limit_capped_200" time="0.096" /><testcase classname="backend.tests.test_iter130_admin_ops.TestAuditLog" name="test_source_filter" time="0.105" /><testcase classname="backend.tests.test_iter130_admin_ops.TestAuditLog" name="test_q_filter" time="0.123" /><testcase classname="backend.tests.test_iter130_admin_ops.TestAuditLog" name="test_actor_and_action_filters_work" time="0.108" /><testcase classname="backend.tests.test_iter130_admin_ops.TestGlobalSearch" name="test_requires_admin" time="0.101" /><testcase classname="backend.tests.test_iter130_admin_ops.TestGlobalSearch" name="test_short_query_rejected" time="0.110" /><testcase classname="backend.tests.test_iter130_admin_ops.TestGlobalSearch" name="test_basic_search_shape" time="0.117" /><testcase classname="backend.tests.test_iter130_admin_ops.TestGlobalSearch" name="test_regex_metachars_safe" time="0.110" /><testcase classname="backend.tests.test_iter130_admin_ops.TestGlobalSearch" name="test_equipment_link_format" time="0.289" /><testcase classname="backend.tests.test_iter130_admin_ops.TestDeployRecovery" name="test_requires_admin" time="0.100" /><testcase classname="backend.tests.test_iter130_admin_ops.TestDeployRecovery" name="test_shape" time="0.105" /><testcase classname="backend.tests.test_iter130_admin_ops.TestDeployRecovery" name="test_idempotent_readonly" time="0.209" /></testsuite></testsuites>