<?xml version="1.0" encoding="utf-8"?><testsuites name="pytest tests"><testsuite name="pytest" errors="0" failures="0" skipped="0" tests="16" time="3.109" timestamp="2026-05-03T18:06:28.131925+00:00" hostname="agent-env-048a8fa0-4afe-49ee-81b3-30f0d0fa8b74"><testcase classname="backend.tests.test_qaqc_inspections_iter32.TestQaqcCreate" name="test_concrete_form_post_persists_concrete_fields" time="0.212" /><testcase classname="backend.tests.test_qaqc_inspections_iter32.TestQaqcCreate" name="test_rebar_post" time="0.113" /><testcase classname="backend.tests.test_qaqc_inspections_iter32.TestQaqcCreate" name="test_subcontractor_work_post" time="0.110" /><testcase classname="backend.tests.test_qaqc_inspections_iter32.TestQaqcCreate" name="test_unknown_kind_rejected" time="0.128" /><testcase classname="backend.tests.test_qaqc_inspections_iter32.TestPmBackfill" name="test_pm_backfilled_from_jobs_master" time="0.232" /><testcase classname="backend.tests.test_qaqc_inspections_iter32.TestPmBackfill" name="test_pm_explicit_value_not_overwritten" time="0.246" /><testcase classname="backend.tests.test_qaqc_inspections_iter32.TestAdminListAndPmScoped" name="test_admin_list_includes_pm_fields" time="0.106" /><testcase classname="backend.tests.test_qaqc_inspections_iter32.TestAdminListAndPmScoped" name="test_admin_list_requires_auth" time="0.148" /><testcase classname="backend.tests.test_qaqc_inspections_iter32.TestAdminListAndPmScoped" name="test_pm_scoped_empty_pm_returns_empty" time="0.099" /><testcase classname="backend.tests.test_qaqc_inspections_iter32.TestAdminListAndPmScoped" name="test_pm_scoped_by_email_filters" time="0.107" /><testcase classname="backend.tests.test_qaqc_inspections_iter32.TestAdminListAndPmScoped" name="test_pm_scoped_by_name_filters" time="0.097" /><testcase classname="backend.tests.test_qaqc_inspections_iter32.TestAdminListAndPmScoped" name="test_pm_scoped_unknown_pm_returns_empty" time="0.109" /><testcase classname="backend.tests.test_qaqc_inspections_iter32.TestAdminListAndPmScoped" name="test_pm_scoped_accepts_pm_token" time="0.207" /><testcase classname="backend.tests.test_qaqc_inspections_iter32.TestAdminListAndPmScoped" name="test_pm_scoped_requires_auth" time="0.108" /><testcase classname="backend.tests.test_qaqc_inspections_iter32.TestStatsAndDelete" name="test_stats_endpoint" time="0.119" /><testcase classname="backend.tests.test_qaqc_inspections_iter32.TestStatsAndDelete" name="test_delete_record" time="0.917" /></testsuite></testsuites>