<?xml version="1.0" encoding="utf-8"?><testsuites name="pytest tests"><testsuite name="pytest" errors="0" failures="0" skipped="0" tests="17" time="4.270" timestamp="2026-05-13T03:02:35.440983+00:00" hostname="agent-env-048a8fa0-4afe-49ee-81b3-30f0d0fa8b74"><testcase classname="tests.test_iter79_regression.TestBackupVerificationCron" name="test_state_returns_schedule" time="0.240" /><testcase classname="tests.test_iter79_regression.TestBackupVerificationCron" name="test_preview_returns_report" time="0.419" /><testcase classname="tests.test_iter79_regression.TestBackupVerificationCron" name="test_state_requires_admin_token" time="0.142" /><testcase classname="tests.test_iter79_regression.TestBackupVerificationCron" name="test_preview_requires_admin_token" time="0.107" /><testcase classname="tests.test_iter79_regression.TestBackupVerificationCron" name="test_run_now_requires_admin_token" time="0.113" /><testcase classname="tests.test_iter79_regression.TestBackupVerificationCron" name="test_state_rejects_hr_token" time="0.440" /><testcase classname="tests.test_iter79_regression.TestCrossPortalIsolation" name="test_hr_token_rejected_on_admin_jobs" time="0.456" /><testcase classname="tests.test_iter79_regression.TestCrossPortalIsolation" name="test_public_no_token_admin_endpoints" time="0.325" /><testcase classname="tests.test_iter79_regression.TestPortalLogins" name="test_admin_login" time="0.141" /><testcase classname="tests.test_iter79_regression.TestPortalLogins" name="test_hr_login" time="0.366" /><testcase classname="tests.test_iter79_regression.TestPortalLogins" name="test_pm_login" time="0.352" /><testcase classname="tests.test_iter79_regression.TestPortalLogins" name="test_shop_login" time="0.338" /><testcase classname="tests.test_iter79_regression.TestPortalLogins" name="test_leadership_login" time="0.105" /><testcase classname="tests.test_iter79_regression.TestPublicSubmissions" name="test_daily_report_post" time="0.108" /><testcase classname="tests.test_iter79_regression.TestPublicSubmissions" name="test_equipment_inspection_post" time="0.125" /><testcase classname="tests.test_iter79_regression.TestEmailSubjectHelper" name="test_build_email_subject_format" time="0.315" /><testcase classname="tests.test_iter79_regression.TestBranding" name="test_index_title" time="0.132" /></testsuite></testsuites>