<?xml version="1.0" encoding="utf-8"?><testsuites name="pytest tests"><testsuite name="pytest" errors="0" failures="0" skipped="1" tests="29" time="6.941" timestamp="2026-05-05T12:25:53.669087+00:00" hostname="agent-env-048a8fa0-4afe-49ee-81b3-30f0d0fa8b74"><testcase classname="backend.tests.test_iter36_pre_redeploy.TestAdminAuth" name="test_admin_login_ok" time="0.421" /><testcase classname="backend.tests.test_iter36_pre_redeploy.TestAdminAuth" name="test_admin_login_wrong_pw" time="0.267" /><testcase classname="backend.tests.test_iter36_pre_redeploy.TestAdminAuth" name="test_admin_check" time="0.343" /><testcase classname="backend.tests.test_iter36_pre_redeploy.TestDateAudit" name="test_get_scan" time="0.226" /><testcase classname="backend.tests.test_iter36_pre_redeploy.TestDateAudit" name="test_requires_admin" time="0.352" /><testcase classname="backend.tests.test_iter36_pre_redeploy.TestPmAuth" name="test_pm_me" time="0.447" /><testcase classname="backend.tests.test_iter36_pre_redeploy.TestPmAuth" name="test_pm_forgot_password_existing_email" time="0.681" /><testcase classname="backend.tests.test_iter36_pre_redeploy.TestPmAuth" name="test_pm_forgot_password_unknown_email" time="0.112" /><testcase classname="backend.tests.test_iter36_pre_redeploy.TestPmAuth" name="test_pm_login_wrong_pw" time="0.426" /><testcase classname="backend.tests.test_iter36_pre_redeploy.TestPmScopedLists" name="test_pm_can_read[/inspections]" time="0.106" /><testcase classname="backend.tests.test_iter36_pre_redeploy.TestPmScopedLists" name="test_pm_can_read[/meetings]" time="0.194" /><testcase classname="backend.tests.test_iter36_pre_redeploy.TestPmScopedLists" name="test_pm_can_read[/jhas]" time="0.316" /><testcase classname="backend.tests.test_iter36_pre_redeploy.TestPmScopedLists" name="test_pm_can_read[/incidents]" time="0.454" /><testcase classname="backend.tests.test_iter36_pre_redeploy.TestPmScopedLists" name="test_pm_can_read[/daily-reports]" time="0.173" /><testcase classname="backend.tests.test_iter36_pre_redeploy.TestPmScopedLists" name="test_pm_can_read[/equipment-inspections]" time="0.113" /><testcase classname="backend.tests.test_iter36_pre_redeploy.TestPmScopedLists" name="test_pm_can_read[/qaqc-inspections]" time="0.141" /><testcase classname="backend.tests.test_iter36_pre_redeploy.TestPmScopedLists" name="test_pm_can_read[/admin/jobs]" time="0.220" /><testcase classname="backend.tests.test_iter36_pre_redeploy.TestPmScopedLists" name="test_admin_can_read[/inspections]" time="0.119" /><testcase classname="backend.tests.test_iter36_pre_redeploy.TestPmScopedLists" name="test_admin_can_read[/meetings]" time="0.109" /><testcase classname="backend.tests.test_iter36_pre_redeploy.TestPmScopedLists" name="test_admin_can_read[/jhas]" time="0.109" /><testcase classname="backend.tests.test_iter36_pre_redeploy.TestPmScopedLists" name="test_admin_can_read[/incidents]" time="0.197" /><testcase classname="backend.tests.test_iter36_pre_redeploy.TestPmScopedLists" name="test_admin_can_read[/daily-reports]" time="0.135" /><testcase classname="backend.tests.test_iter36_pre_redeploy.TestPmScopedLists" name="test_admin_can_read[/equipment-inspections]" time="0.182" /><testcase classname="backend.tests.test_iter36_pre_redeploy.TestPmScopedLists" name="test_admin_can_read[/qaqc-inspections]" time="0.141" /><testcase classname="backend.tests.test_iter36_pre_redeploy.TestPmScopedLists" name="test_admin_can_read[/admin/jobs]" time="0.216" /><testcase classname="backend.tests.test_iter36_pre_redeploy.TestPmScopedLists" name="test_pm_scope_subset_of_admin" time="0.239" /><testcase classname="backend.tests.test_iter36_pre_redeploy.TestShop" name="test_shop_login_ok" time="0.106" /><testcase classname="backend.tests.test_iter36_pre_redeploy.TestShop" name="test_shop_check" time="0.213" /><testcase classname="backend.tests.test_iter36_pre_redeploy.TestDatePersistence" name="test_post_inspection_keeps_date_string" time="0.126"><skipped type="pytest.skip" message="public inspection POST rejected fields: {&quot;detail&quot;:[{&quot;type&quot;:&quot;missing&quot;,&quot;loc&quot;:[&quot;body&quot;,&quot;project_name&quot;],&quot;msg&quot;:&quot;Field required&quot;,&quot;input&quot;:{&quot;project_number&quot;:&quot;TEST_DATE_AUDIT&quot;,&quot;date&quot;:&quot;2026-05-05&quot;,&quot;foreman&quot;:&quot;TEST_Iter36&quot;,&quot;crew&quot;:[&quot;TEST_user&quot;],&quot;items&quot;:[">/app/backend/tests/test_iter36_pre_redeploy.py:214: public inspection POST rejected fields: {"detail":[{"type":"missing","loc":["body","project_name"],"msg":"Field required","input":{"project_number":"TEST_DATE_AUDIT","date":"2026-05-05","foreman":"TEST_Iter36","crew":["TEST_user"],"items":[</skipped></testcase></testsuite></testsuites>