<?xml version="1.0" encoding="utf-8"?><testsuites name="pytest tests"><testsuite name="pytest" errors="0" failures="0" skipped="0" tests="111" time="62.884" timestamp="2026-05-15T11:19:01.666252+00:00" hostname="agent-env-048a8fa0-4afe-49ee-81b3-30f0d0fa8b74"><testcase classname="backend.tests.test_iter129_predeploy_audit.TestSuperAdminUniversalAccess" name="test_admin_token_overview" time="0.440" /><testcase classname="backend.tests.test_iter129_predeploy_audit.TestSuperAdminUniversalAccess" name="test_pm_me" time="0.101" /><testcase classname="backend.tests.test_iter129_predeploy_audit.TestSuperAdminUniversalAccess" name="test_shop_me" time="0.105" /><testcase classname="backend.tests.test_iter129_predeploy_audit.TestSuperAdminUniversalAccess" name="test_hr_me" time="0.113" /><testcase classname="backend.tests.test_iter129_predeploy_audit.TestSuperAdminUniversalAccess" name="test_safety_me" time="0.099" /><testcase classname="backend.tests.test_iter129_predeploy_audit.TestSuperAdminUniversalAccess" name="test_dispatch_me" time="0.109" /><testcase classname="backend.tests.test_iter129_predeploy_audit" name="test_operations_read_accepts_any_portal_token[/api/operations/events-admin]" time="0.123" /><testcase classname="backend.tests.test_iter129_predeploy_audit" name="test_operations_read_accepts_any_portal_token[/api/operations/events-pm]" time="0.112" /><testcase classname="backend.tests.test_iter129_predeploy_audit" name="test_operations_read_accepts_any_portal_token[/api/operations/events-shop]" time="0.165" /><testcase classname="backend.tests.test_iter129_predeploy_audit" name="test_operations_read_accepts_any_portal_token[/api/operations/events-hr]" time="0.119" /><testcase classname="backend.tests.test_iter129_predeploy_audit" name="test_operations_read_accepts_any_portal_token[/api/operations/events-safety]" time="0.113" /><testcase classname="backend.tests.test_iter129_predeploy_audit" name="test_operations_read_accepts_any_portal_token[/api/operations/events-dispatch]" time="0.107" /><testcase classname="backend.tests.test_iter129_predeploy_audit" name="test_operations_read_accepts_any_portal_token[/api/operations/holds-admin]" time="0.121" /><testcase classname="backend.tests.test_iter129_predeploy_audit" name="test_operations_read_accepts_any_portal_token[/api/operations/holds-pm]" time="0.108" /><testcase classname="backend.tests.test_iter129_predeploy_audit" name="test_operations_read_accepts_any_portal_token[/api/operations/holds-shop]" time="0.124" /><testcase classname="backend.tests.test_iter129_predeploy_audit" name="test_operations_read_accepts_any_portal_token[/api/operations/holds-hr]" time="0.118" /><testcase classname="backend.tests.test_iter129_predeploy_audit" name="test_operations_read_accepts_any_portal_token[/api/operations/holds-safety]" time="0.120" /><testcase classname="backend.tests.test_iter129_predeploy_audit" name="test_operations_read_accepts_any_portal_token[/api/operations/holds-dispatch]" time="0.114" /><testcase classname="backend.tests.test_iter129_predeploy_audit" name="test_operations_read_accepts_any_portal_token[/api/operations/transfers-admin]" time="0.121" /><testcase classname="backend.tests.test_iter129_predeploy_audit" name="test_operations_read_accepts_any_portal_token[/api/operations/transfers-pm]" time="0.102" /><testcase classname="backend.tests.test_iter129_predeploy_audit" name="test_operations_read_accepts_any_portal_token[/api/operations/transfers-shop]" time="0.107" /><testcase classname="backend.tests.test_iter129_predeploy_audit" name="test_operations_read_accepts_any_portal_token[/api/operations/transfers-hr]" time="0.102" /><testcase classname="backend.tests.test_iter129_predeploy_audit" name="test_operations_read_accepts_any_portal_token[/api/operations/transfers-safety]" time="0.114" /><testcase classname="backend.tests.test_iter129_predeploy_audit" name="test_operations_read_accepts_any_portal_token[/api/operations/transfers-dispatch]" time="0.119" /><testcase classname="backend.tests.test_iter129_predeploy_audit" name="test_operations_read_accepts_any_portal_token[/api/operations/utilization-admin]" time="0.138" /><testcase classname="backend.tests.test_iter129_predeploy_audit" name="test_operations_read_accepts_any_portal_token[/api/operations/utilization-pm]" time="0.131" /><testcase classname="backend.tests.test_iter129_predeploy_audit" name="test_operations_read_accepts_any_portal_token[/api/operations/utilization-shop]" time="0.131" /><testcase classname="backend.tests.test_iter129_predeploy_audit" name="test_operations_read_accepts_any_portal_token[/api/operations/utilization-hr]" time="0.127" /><testcase classname="backend.tests.test_iter129_predeploy_audit" name="test_operations_read_accepts_any_portal_token[/api/operations/utilization-safety]" time="0.151" /><testcase classname="backend.tests.test_iter129_predeploy_audit" name="test_operations_read_accepts_any_portal_token[/api/operations/utilization-dispatch]" time="0.116" /><testcase classname="backend.tests.test_iter129_predeploy_audit" name="test_operations_read_accepts_any_portal_token[/api/operations/idle-equipment-admin]" time="0.122" /><testcase classname="backend.tests.test_iter129_predeploy_audit" name="test_operations_read_accepts_any_portal_token[/api/operations/idle-equipment-pm]" time="0.105" /><testcase classname="backend.tests.test_iter129_predeploy_audit" name="test_operations_read_accepts_any_portal_token[/api/operations/idle-equipment-shop]" time="0.099" /><testcase classname="backend.tests.test_iter129_predeploy_audit" name="test_operations_read_accepts_any_portal_token[/api/operations/idle-equipment-hr]" time="0.114" /><testcase classname="backend.tests.test_iter129_predeploy_audit" name="test_operations_read_accepts_any_portal_token[/api/operations/idle-equipment-safety]" time="0.101" /><testcase classname="backend.tests.test_iter129_predeploy_audit" name="test_operations_read_accepts_any_portal_token[/api/operations/idle-equipment-dispatch]" time="0.101" /><testcase classname="backend.tests.test_iter129_predeploy_audit" name="test_operations_write_blocks_non_admin_non_dispatch[pm-True]" time="0.328" /><testcase classname="backend.tests.test_iter129_predeploy_audit" name="test_operations_write_blocks_non_admin_non_dispatch[shop-True]" time="0.100" /><testcase classname="backend.tests.test_iter129_predeploy_audit" name="test_operations_write_blocks_non_admin_non_dispatch[hr-True]" time="0.102" /><testcase classname="backend.tests.test_iter129_predeploy_audit" name="test_operations_write_blocks_non_admin_non_dispatch[safety-True]" time="0.105" /><testcase classname="backend.tests.test_iter129_predeploy_audit" name="test_operations_write_admin_allowed" time="0.219" /><testcase classname="backend.tests.test_iter129_predeploy_audit" name="test_operations_write_dispatch_allowed" time="0.213" /><testcase classname="backend.tests.test_iter129_predeploy_audit.TestPendingHoldWorkflow" name="test_create_pending_hold_status_pending" time="0.203" /><testcase classname="backend.tests.test_iter129_predeploy_audit.TestPendingHoldWorkflow" name="test_approve_pending" time="0.403" /><testcase classname="backend.tests.test_iter129_predeploy_audit.TestPendingHoldWorkflow" name="test_dismiss_requires_reason" time="0.329" /><testcase classname="backend.tests.test_iter129_predeploy_audit.TestAdminImpersonateDispatch" name="test_impersonate_unknown_returns_404" time="0.112" /><testcase classname="backend.tests.test_iter129_predeploy_audit.TestAdminImpersonateDispatch" name="test_impersonate_happy_path" time="0.307" /><testcase classname="backend.tests.test_iter130_admin_ops.TestSystemHealth" name="test_requires_admin_token" time="0.106" /><testcase classname="backend.tests.test_iter130_admin_ops.TestSystemHealth" name="test_pm_token_rejected" time="0.448" /><testcase classname="backend.tests.test_iter130_admin_ops.TestSystemHealth" name="test_admin_returns_full_shape" time="0.124" /><testcase classname="backend.tests.test_iter130_admin_ops.TestAuditLog" name="test_requires_admin" time="0.096" /><testcase classname="backend.tests.test_iter130_admin_ops.TestAuditLog" name="test_default_shape" time="0.108" /><testcase classname="backend.tests.test_iter130_admin_ops.TestAuditLog" name="test_limit_capped_200" time="0.104" /><testcase classname="backend.tests.test_iter130_admin_ops.TestAuditLog" name="test_source_filter" time="0.104" /><testcase classname="backend.tests.test_iter130_admin_ops.TestAuditLog" name="test_q_filter" time="0.131" /><testcase classname="backend.tests.test_iter130_admin_ops.TestAuditLog" name="test_actor_and_action_filters_work" time="0.102" /><testcase classname="backend.tests.test_iter130_admin_ops.TestGlobalSearch" name="test_requires_admin" time="0.101" /><testcase classname="backend.tests.test_iter130_admin_ops.TestGlobalSearch" name="test_short_query_rejected" time="0.116" /><testcase classname="backend.tests.test_iter130_admin_ops.TestGlobalSearch" name="test_basic_search_shape" time="0.111" /><testcase classname="backend.tests.test_iter130_admin_ops.TestGlobalSearch" name="test_regex_metachars_safe" time="0.107" /><testcase classname="backend.tests.test_iter130_admin_ops.TestGlobalSearch" name="test_equipment_link_format" time="15.322" /><testcase classname="backend.tests.test_iter130_admin_ops.TestDeployRecovery" name="test_requires_admin" time="15.178" /><testcase classname="backend.tests.test_iter130_admin_ops.TestDeployRecovery" name="test_shape" time="12.404" /><testcase classname="backend.tests.test_iter130_admin_ops.TestDeployRecovery" name="test_idempotent_readonly" time="0.233" /><testcase classname="backend.tests.test_iter132_final.TestSystemHealthRecent" name="test_anonymous_blocked" time="0.069" /><testcase classname="backend.tests.test_iter132_final.TestSystemHealthRecent" name="test_admin_returns_shape" time="0.439" /><testcase classname="backend.tests.test_iter132_final.TestSystemHealthRecent" name="test_rows_normalized_shape" time="0.112" /><testcase classname="backend.tests.test_iter132_final.TestSystemHealthRecent" name="test_no_alerts_in_preview" time="1.147" /><testcase classname="backend.tests.test_iter132_final.TestIntegrationReadiness" name="test_anonymous_blocked" time="0.067" /><testcase classname="backend.tests.test_iter132_final.TestIntegrationReadiness" name="test_admin_accepted" time="0.119" /><testcase classname="backend.tests.test_iter132_final.TestIntegrationReadiness" name="test_dispatch_accepted" time="0.458" /><testcase classname="backend.tests.test_iter132_final.TestHealthMonitorSanity" name="test_collection_populated" time="0.107" /><testcase classname="backend.tests.test_safety_portal_iter120.TestSafetyOverview" name="test_overview_has_new_fields" time="0.458" /><testcase classname="backend.tests.test_safety_portal_iter120.TestFireExtinguishers" name="test_create_shape" time="0.111" /><testcase classname="backend.tests.test_safety_portal_iter120.TestFireExtinguishers" name="test_list_and_status_filter" time="0.235" /><testcase classname="backend.tests.test_safety_portal_iter120.TestFireExtinguishers" name="test_patch" time="0.109" /><testcase classname="backend.tests.test_safety_portal_iter120.TestFireExtinguishers" name="test_inspect_auto_next_due" time="0.124" /><testcase classname="backend.tests.test_safety_portal_iter120.TestFireExtinguishers" name="test_overdue_filter" time="0.457" /><testcase classname="backend.tests.test_safety_portal_iter120.TestDocuments" name="test_upload_shape" time="0.496" /><testcase classname="backend.tests.test_safety_portal_iter120.TestDocuments" name="test_list_excludes_file_data" time="0.103" /><testcase classname="backend.tests.test_safety_portal_iter120.TestDocuments" name="test_download_bytes" time="0.321" /><testcase classname="backend.tests.test_safety_portal_iter120.TestDocuments" name="test_patch" time="0.126" /><testcase classname="backend.tests.test_safety_portal_iter120.TestDocuments" name="test_cross_portal_read_hr" time="0.996" /><testcase classname="backend.tests.test_safety_portal_iter120.TestDocuments" name="test_cross_portal_read_admin" time="0.104" /><testcase classname="backend.tests.test_safety_portal_iter120.TestDocuments" name="test_hr_cannot_write" time="0.103" /><testcase classname="backend.tests.test_safety_portal_iter120.TestDocuments" name="test_admin_cannot_write_safety_docs" time="0.342" /><testcase classname="backend.tests.test_safety_portal_iter120.TestTraining" name="test_create_auto_resolve_name" time="0.224" /><testcase classname="backend.tests.test_safety_portal_iter120.TestTraining" name="test_list_filter_by_employee" time="0.103" /><testcase classname="backend.tests.test_safety_portal_iter120.TestTraining" name="test_cross_portal_read_hr" time="0.102" /><testcase classname="backend.tests.test_safety_portal_iter120.TestTraining" name="test_cross_portal_read_admin" time="0.126" /><testcase classname="backend.tests.test_safety_portal_iter120.TestTraining" name="test_hr_cannot_create" time="0.115" /><testcase classname="backend.tests.test_safety_portal_iter120.TestTraining" name="test_patch" time="0.209" /><testcase classname="backend.tests.test_safety_portal_iter120.TestEmployeeProfile" name="test_safety_token" time="0.126" /><testcase classname="backend.tests.test_safety_portal_iter120.TestEmployeeProfile" name="test_hr_token" time="0.126" /><testcase classname="backend.tests.test_safety_portal_iter120.TestEmployeeProfile" name="test_admin_token" time="0.112" /><testcase classname="backend.tests.test_safety_portal_iter120.TestEmployeeProfile" name="test_404_unknown" time="0.102" /><testcase classname="backend.tests.test_safety_portal_iter120.TestDigest" name="test_preview" time="0.110" /><testcase classname="backend.tests.test_safety_portal_iter120.TestDigest" name="test_send_preview_env_no_send" time="0.114" /><testcase classname="backend.tests.test_safety_portal_iter120.TestAdminSafetyOverview" name="test_admin_overview_fields" time="0.125" /><testcase classname="backend.tests.test_iter128_impersonate_pending_holds.TestImpersonate" name="test_impersonate_success_returns_token_and_user" time="0.337" /><testcase classname="backend.tests.test_iter128_impersonate_pending_holds.TestImpersonate" name="test_impersonate_token_resolves_via_dispatch_me" time="0.156" /><testcase classname="backend.tests.test_iter128_impersonate_pending_holds.TestImpersonate" name="test_impersonate_unknown_id_returns_404" time="0.100" /><testcase classname="backend.tests.test_iter128_impersonate_pending_holds.TestImpersonate" name="test_impersonate_requires_admin" time="0.127" /><testcase classname="backend.tests.test_iter128_impersonate_pending_holds.TestImpersonate" name="test_impersonate_disabled_user_returns_409" time="0.515" /><testcase classname="backend.tests.test_iter128_impersonate_pending_holds.TestImpersonate" name="test_impersonate_writes_audit_event" time="0.122" /><testcase classname="backend.tests.test_iter128_impersonate_pending_holds.TestPendingHolds" name="test_create_pending_hold_active_false" time="0.336" /><testcase classname="backend.tests.test_iter128_impersonate_pending_holds.TestPendingHolds" name="test_list_pending_holds" time="0.169" /><testcase classname="backend.tests.test_iter128_impersonate_pending_holds.TestPendingHolds" name="test_approve_pending_hold_flips_to_active" time="0.152" /><testcase classname="backend.tests.test_iter128_impersonate_pending_holds.TestPendingHolds" name="test_dismiss_pending_hold_with_reason" time="0.155" /><testcase classname="backend.tests.test_iter128_impersonate_pending_holds.TestPendingHolds" name="test_dismiss_without_reason_returns_422" time="0.163" /><testcase classname="backend.tests.test_iter128_impersonate_pending_holds.TestPendingHolds" name="test_approve_already_active_returns_409" time="0.216" /></testsuite></testsuites>