<?xml version="1.0" encoding="utf-8"?><testsuites name="pytest tests"><testsuite name="pytest" errors="0" failures="0" skipped="0" tests="9" time="3.234" timestamp="2026-05-24T21:35:25.804605+00:00" hostname="agent-env-048a8fa0-4afe-49ee-81b3-30f0d0fa8b74"><testcase classname="tests.test_iter410_tanker_continuity" name="test_tanker_in_haul_types" time="0.236" /><testcase classname="tests.test_iter410_tanker_continuity" name="test_seeded_tanker_sources" time="0.262" /><testcase classname="tests.test_iter410_tanker_continuity" name="test_seeded_tanker_destinations" time="0.246" /><testcase classname="tests.test_iter410_tanker_continuity" name="test_liquid_products_seeded_with_categories" time="0.257" /><testcase classname="tests.test_iter410_tanker_continuity" name="test_post_tanker_assignment_persists_liquid_product" time="0.248" /><testcase classname="tests.test_iter410_tanker_continuity" name="test_historical_tanker_values_merge_with_history_flag" time="0.348" /><testcase classname="tests.test_iter410_tanker_continuity" name="test_tanker_cycle_carries_liquid_product" time="1.149" /><testcase classname="tests.test_iter410_tanker_continuity" name="test_material_post_still_works_without_liquid_product" time="0.222" /><testcase classname="tests.test_iter410_tanker_continuity" name="test_no_internal_field_leakage_in_tanker_arrays" time="0.233" /></testsuite></testsuites>