<?xml version="1.0" encoding="utf-8"?><testsuites name="pytest tests"><testsuite name="pytest" errors="0" failures="1" skipped="0" tests="9" time="32.641" timestamp="2026-07-05T03:50:50.978312+00:00" hostname="agent-env-048a8fa0-4afe-49ee-81b3-30f0d0fa8b74"><testcase classname="backend.tests.test_ods_001_e2e_review.TestOdsMeta" name="test_meta_shape" time="29.413" /><testcase classname="backend.tests.test_ods_001_e2e_review.TestSpineEmission" name="test_draft_triggers_emission_within_5s" time="0.392" /><testcase classname="backend.tests.test_ods_001_e2e_review.TestIdempotency" name="test_manual_reingest_idempotent" time="0.743" /><testcase classname="backend.tests.test_ods_001_e2e_review.TestProjectSummary" name="test_summary_aggregates" time="0.074" /><testcase classname="backend.tests.test_ods_001_e2e_review.TestSnapshot" name="test_snapshot_has_aggregates_and_dicts" time="0.073" /><testcase classname="backend.tests.test_ods_001_e2e_review.TestProjectConfig" name="test_put_creates_and_increments_version" time="0.393" /><testcase classname="backend.tests.test_ods_001_e2e_review.TestV1ZeroDrift" name="test_v1_daily_reports_get" time="0.045" /><testcase classname="backend.tests.test_ods_001_e2e_review.TestV1ZeroDrift" name="test_route_count_1455" time="1.184"><failure message="AssertionError: route_count=1448 (expected 1455 per review spec)&#10;assert 1448 == 1455">backend/tests/test_ods_001_e2e_review.py:234: in test_route_count_1455
    assert route_count == 1455, f"route_count={route_count} (expected 1455 per review spec)"
E   AssertionError: route_count=1448 (expected 1455 per review spec)
E   assert 1448 == 1455</failure></testcase><testcase classname="backend.tests.test_ods_001_e2e_review.TestDrV2AISynthesis" name="test_synthesis_returns_three_outputs" time="0.174" /></testsuite></testsuites>