<?xml version="1.0" encoding="utf-8"?><testsuites name="pytest tests"><testsuite name="pytest" errors="0" failures="0" skipped="1" tests="10" time="20.917" timestamp="2026-06-11T10:46:05.319670+00:00" hostname="agent-env-048a8fa0-4afe-49ee-81b3-30f0d0fa8b74"><testcase classname="tests.test_operations_map_masci_vocab" name="test_snapshot_requires_admin_token" time="18.465" /><testcase classname="tests.test_operations_map_masci_vocab" name="test_snapshot_invalid_token_rejected" time="0.221" /><testcase classname="tests.test_operations_map_masci_vocab" name="test_snapshot_top_level_keys" time="1.257" /><testcase classname="tests.test_operations_map_masci_vocab" name="test_operational_summary_structure" time="0.000" /><testcase classname="tests.test_operations_map_masci_vocab" name="test_project_rollups_shape" time="0.000" /><testcase classname="tests.test_operations_map_masci_vocab" name="test_project_rollups_no_raw_family_strings" time="0.000" /><testcase classname="tests.test_operations_map_masci_vocab" name="test_search_endpoint_responds" time="0.249" /><testcase classname="tests.test_operations_map_masci_vocab" name="test_timeline_endpoint_responds" time="0.203" /><testcase classname="tests.test_operations_map_masci_vocab" name="test_asset_detail_endpoint" time="0.404" /><testcase classname="tests.test_operations_map_masci_vocab" name="test_geofence_endpoint" time="0.000"><skipped type="pytest.skip" message="no geofences in preview snapshot">/app/backend/tests/test_operations_map_masci_vocab.py:128: no geofences in preview snapshot</skipped></testcase></testsuite></testsuites>