<?xml version="1.0" encoding="utf-8"?><testsuites name="pytest tests"><testsuite name="pytest" errors="0" failures="0" skipped="0" tests="34" time="18.164" timestamp="2026-05-25T20:29:25.385928+00:00" hostname="agent-env-048a8fa0-4afe-49ee-81b3-30f0d0fa8b74"><testcase classname="tests.test_phase30_field_memory_live.TestFieldMemoryAuthGating" name="test_create_anonymous_401" time="7.968" /><testcase classname="tests.test_phase30_field_memory_live.TestFieldMemoryAuthGating" name="test_list_anonymous_401" time="0.134" /><testcase classname="tests.test_phase30_field_memory_live.TestFieldMemoryAuthGating" name="test_resolve_anonymous_401" time="0.126" /><testcase classname="tests.test_phase30_field_memory_live.TestFieldMemoryAdmin" name="test_create_lists_resolves_full_cycle" time="2.084" /><testcase classname="tests.test_phase30_field_memory_live.TestFieldMemoryAdmin" name="test_invalid_subject_kind_400" time="0.181" /><testcase classname="tests.test_phase30_field_memory_live.TestFieldMemoryAdmin" name="test_empty_body_400" time="0.169" /><testcase classname="tests.test_phase30_field_memory_live.TestFieldMemoryAdmin" name="test_resolve_missing_404" time="0.211" /><testcase classname="tests.test_phase30_field_memory_live.TestFieldMemoryAdmin" name="test_resolve_invalid_reason_400" time="0.360" /><testcase classname="tests.test_phase30_field_memory_live.TestRoleMatrix" name="test_dispatch_can_write_assignment" time="1.500" /><testcase classname="tests.test_phase30_field_memory_live.TestRoleMatrix" name="test_dispatch_cannot_write_equipment_403" time="0.237" /><testcase classname="tests.test_phase30_field_memory_live.TestRoleMatrix" name="test_dispatch_cannot_write_project_403" time="0.223" /><testcase classname="tests.test_phase30_field_memory_live.TestRoleMatrix" name="test_dispatch_can_write_recovery_event" time="0.254" /><testcase classname="tests.test_phase30_field_memory_live.TestRoleMatrix" name="test_shop_can_write_equipment" time="1.322" /><testcase classname="tests.test_phase30_field_memory_live.TestRoleMatrix" name="test_shop_cannot_write_project_403" time="0.197" /><testcase classname="tests.test_phase30_field_memory_live.TestRoleMatrix" name="test_shop_cannot_write_assignment_403" time="0.196" /><testcase classname="tests.test_phase30_field_memory_live.TestRoleMatrix" name="test_hr_cannot_write_403" time="0.624" /><testcase classname="tests.test_phase30_field_memory_live.TestRoleMatrix" name="test_fl_can_write_project" time="0.577" /><testcase classname="tests.test_phase30_field_memory_live.TestNoDeleteEndpoint" name="test_delete_field_memory_not_allowed" time="0.170" /><testcase classname="tests.test_phase30_field_memory_live.TestPhase28_29Regression" name="test_persistence_health_admin_only" time="0.347" /><testcase classname="tests.test_phase30_field_memory_live.TestPhase28_29Regression" name="test_persistence_health_anonymous_blocked" time="0.143" /><testcase classname="tests.test_phase30_field_memory_live.TestPhase28_29Regression" name="test_operational_attachments_storage_summary_admin" time="0.235" /><testcase classname="tests.test_phase30_field_memory_live.TestPhase28_29Regression" name="test_stability_sweep_dry_run" time="0.291" /><testcase classname="tests.test_phase30_field_memory_live.TestPhase28_29Regression" name="test_dispatch_operational_moments_any_portal" time="0.204" /><testcase classname="tests.test_iter432_field_memory" name="test_iter432_field_memory_create_and_list_field_leadership" time="0.008" /><testcase classname="tests.test_iter432_field_memory" name="test_iter432_field_memory_shop_can_write_equipment_but_not_project" time="0.006" /><testcase classname="tests.test_iter432_field_memory" name="test_iter432_field_memory_dispatch_can_write_assignment_but_not_equipment" time="0.006" /><testcase classname="tests.test_iter432_field_memory" name="test_iter432_field_memory_hr_cannot_write" time="0.005" /><testcase classname="tests.test_iter432_field_memory" name="test_iter432_field_memory_invalid_subject_kind_400" time="0.004" /><testcase classname="tests.test_iter432_field_memory" name="test_iter432_field_memory_empty_body_400" time="0.004" /><testcase classname="tests.test_iter432_field_memory" name="test_iter432_field_memory_resolve_flow" time="0.010" /><testcase classname="tests.test_iter432_field_memory" name="test_iter432_field_memory_resolve_invalid_reason_400" time="0.005" /><testcase classname="tests.test_iter432_field_memory" name="test_iter432_field_memory_resolve_missing_note_404" time="0.004" /><testcase classname="tests.test_iter432_field_memory" name="test_iter432_field_memory_actor_meta_uses_portal_kind_slug" time="0.013" /><testcase classname="tests.test_iter432_field_memory" name="test_iter432_field_memory_no_delete_endpoint_registered" time="0.003" /></testsuite></testsuites>