<?xml version="1.0" encoding="utf-8"?><testsuites name="pytest tests"><testsuite name="pytest" errors="0" failures="0" skipped="0" tests="9" time="6.198" timestamp="2026-07-15T14:36:01.407528+00:00" hostname="agent-env-e0a7f87a-b339-4e75-89c6-b294af577ac1"><testcase classname="tests.test_iteration_571_photo_intel_summary.TestDraftPhotoIntelligence" name="test_draft_photo_intel_returns_lifecycle_status_not_not_requested" time="1.000" /><testcase classname="tests.test_iteration_571_photo_intel_summary.TestDraftPhotoIntelligence" name="test_draft_photo_intel_no_photos_returns_no_photos" time="0.169" /><testcase classname="tests.test_iteration_571_photo_intel_summary.TestDraftPhotoIntelligence" name="test_draft_photo_intel_stable_form_key_consistency" time="0.906" /><testcase classname="tests.test_iteration_571_photo_intel_summary.TestSummaryDraftEndpoint" name="test_summary_draft_merges_photo_intelligence" time="0.643" /><testcase classname="tests.test_iteration_571_photo_intel_summary.TestSummaryDraftEndpoint" name="test_summary_draft_returns_deterministic_fallback" time="0.149" /><testcase classname="tests.test_iteration_571_photo_intel_summary.TestDailyReportSubmit" name="test_submit_requires_approved_summary" time="0.100" /><testcase classname="tests.test_iteration_571_photo_intel_summary.TestDailyReportSubmit" name="test_submit_with_approved_summary_succeeds" time="0.772" /><testcase classname="tests.test_iteration_571_photo_intel_summary.TestPhotoIntelligenceRead" name="test_photo_intelligence_read_for_submitted_report" time="1.007" /><testcase classname="tests.test_iteration_571_photo_intel_summary.TestRegenerateNoLoops" name="test_regenerate_with_force_true" time="1.320" /></testsuite></testsuites>