<?xml version="1.0" encoding="utf-8"?><testsuites name="pytest tests"><testsuite name="pytest" errors="0" failures="0" skipped="0" tests="13" time="6.138" timestamp="2026-07-17T22:51:31.661668+00:00" hostname="agent-env-e0a7f87a-b339-4e75-89c6-b294af577ac1"><testcase classname="tests.test_p0_admin_visibility_fix.TestAdminCrossPortalVisibility" name="test_admin_login_returns_all_portals" time="1.353" /><testcase classname="tests.test_p0_admin_visibility_fix.TestAdminCrossPortalVisibility" name="test_daily_reports_returns_data" time="0.390" /><testcase classname="tests.test_p0_admin_visibility_fix.TestAdminCrossPortalVisibility" name="test_meetings_returns_data" time="0.371" /><testcase classname="tests.test_p0_admin_visibility_fix.TestAdminCrossPortalVisibility" name="test_incidents_returns_data" time="0.239" /><testcase classname="tests.test_p0_admin_visibility_fix.TestAdminCrossPortalVisibility" name="test_jhas_returns_data" time="0.265" /><testcase classname="tests.test_p0_admin_visibility_fix.TestAdminCrossPortalVisibility" name="test_equipment_inspections_returns_data" time="0.297" /><testcase classname="tests.test_p0_admin_visibility_fix.TestAdminCrossPortalVisibility" name="test_inspections_returns_data" time="0.288" /><testcase classname="tests.test_p0_admin_visibility_fix.TestAdminCrossPortalVisibility" name="test_notifications_returns_data" time="0.285" /><testcase classname="tests.test_p0_admin_visibility_fix.TestAdminCrossPortalVisibility" name="test_operations_center_returns_data" time="0.322" /><testcase classname="tests.test_p0_admin_visibility_fix.TestPMIsolation" name="test_pm_sees_limited_daily_reports" time="1.397" /><testcase classname="tests.test_p0_admin_visibility_fix.TestPMIsolation" name="test_pm_sees_limited_meetings" time="0.724" /><testcase classname="tests.test_p0_admin_visibility_fix.TestComputePmScopeUnit" name="test_directory_admin_actor_gets_unrestricted_scope" time="0.002" /><testcase classname="tests.test_p0_admin_visibility_fix.TestComputePmScopeUnit" name="test_legacy_true_admin_stays_unrestricted" time="0.001" /></testsuite></testsuites>