<?xml version="1.0" encoding="utf-8"?><testsuites name="pytest tests"><testsuite name="pytest" errors="0" failures="0" skipped="0" tests="16" time="0.137" timestamp="2026-07-07T11:32:47.682661+00:00" hostname="agent-env-048a8fa0-4afe-49ee-81b3-30f0d0fa8b74"><testcase classname="backend.tests.test_track_24_3_es_to_en_translation" name="test_empty_payload_short_circuits" time="0.001" /><testcase classname="backend.tests.test_track_24_3_es_to_en_translation" name="test_success_translates_and_preserves" time="0.001" /><testcase classname="backend.tests.test_track_24_3_es_to_en_translation" name="test_fail_closed_on_invalid_json" time="0.001" /><testcase classname="backend.tests.test_track_24_3_es_to_en_translation" name="test_fail_closed_on_key_mismatch" time="0.001" /><testcase classname="backend.tests.test_track_24_3_es_to_en_translation" name="test_fail_closed_on_spanish_leak" time="0.001" /><testcase classname="backend.tests.test_track_24_3_es_to_en_translation" name="test_fail_closed_on_preserve_token_lost" time="0.001" /><testcase classname="backend.tests.test_track_24_3_es_to_en_translation" name="test_fallback_to_anthropic_after_openai_error" time="0.001" /><testcase classname="backend.tests.test_track_24_3_es_to_en_translation" name="test_missing_llm_key_fails_closed" time="0.001" /><testcase classname="backend.tests.test_track_24_3_es_to_en_translation" name="test_audit_row_always_written" time="0.001" /><testcase classname="backend.tests.test_track_24_3_dr_v3_i18n_lock" name="test_no_hardcoded_english_in_dr_v3[NewDailyReportV3.jsx]" time="0.001" /><testcase classname="backend.tests.test_track_24_3_dr_v3_i18n_lock" name="test_no_hardcoded_english_in_dr_v3[sections.jsx]" time="0.002" /><testcase classname="backend.tests.test_track_24_3_dr_v3_i18n_lock" name="test_no_hardcoded_english_in_dr_v3[DailyReportV3ExcavationSection.jsx]" time="0.001" /><testcase classname="backend.tests.test_track_24_3_dr_v3_i18n_lock" name="test_no_hardcoded_english_in_dr_v3[SectionProjectConditions.jsx]" time="0.000" /><testcase classname="backend.tests.test_track_24_3_dr_v3_i18n_lock" name="test_no_hardcoded_english_in_dr_v3[CompetentPersonCombo.jsx]" time="0.000" /><testcase classname="backend.tests.test_track_24_3_dr_v3_i18n_lock" name="test_no_hardcoded_english_in_dr_v3[UnitCombo.jsx]" time="0.000" /><testcase classname="backend.tests.test_track_24_3_dr_v3_i18n_lock" name="test_i18n_keys_have_spanish_values" time="0.007" /></testsuite></testsuites>