<?xml version="1.0" encoding="utf-8"?><testsuites name="pytest tests"><testsuite name="pytest" errors="0" failures="0" skipped="0" tests="27" time="15.664" timestamp="2026-06-15T17:15:37.192431+00:00" hostname="agent-env-048a8fa0-4afe-49ee-81b3-30f0d0fa8b74"><testcase classname="tests.test_track14_rc1_perf_regression" name="test_health_endpoint_under_200ms" time="0.600" /><testcase classname="tests.test_track14_rc1_perf_regression" name="test_version_endpoint_under_200ms" time="0.496" /><testcase classname="tests.test_track14_rc1_perf_regression" name="test_incidents_list_under_500ms" time="1.617" /><testcase classname="tests.test_track14_rc1_perf_regression" name="test_daily_reports_list_under_500ms" time="1.798" /><testcase classname="tests.test_track14_rc1_perf_regression" name="test_jobs_master_list_under_500ms" time="1.478" /><testcase classname="tests.test_track14_rc1_perf_regression" name="test_notifications_list_under_500ms" time="1.525" /><testcase classname="tests.test_track14_rc1_perf_regression" name="test_directory_users_under_500ms" time="1.639" /><testcase classname="tests.test_track14_rc1_perf_regression" name="test_me_directory_under_300ms" time="1.566" /><testcase classname="tests.test_track14_platform_stability_regression" name="test_health_endpoint_is_public_200" time="0.101" /><testcase classname="tests.test_track14_platform_stability_regression" name="test_workflows_last_transition_returns_401_not_500_without_auth" time="0.098" /><testcase classname="tests.test_track14_platform_stability_regression" name="test_notifications_returns_401_not_500_without_auth" time="0.119" /><testcase classname="tests.test_track14_platform_stability_regression" name="test_operations_expirations_summary_returns_401_not_500_without_auth" time="0.155" /><testcase classname="tests.test_track14_platform_stability_regression" name="test_incidents_endpoint_does_not_500_on_missing_id" time="0.107" /><testcase classname="tests.test_track14_sso_cross_portal.TestMultiLoginFanout" name="test_super_admin_portal_tokens_present" time="0.630" /><testcase classname="tests.test_track14_sso_cross_portal.TestMultiLoginFanout" name="test_directory_token_returned" time="0.000" /><testcase classname="tests.test_track14_sso_cross_portal.TestIssuePortalTokenGranted" name="test_issue_safety_token" time="0.216" /><testcase classname="tests.test_track14_sso_cross_portal.TestIssuePortalTokenGranted" name="test_issue_dispatch_token" time="0.225" /><testcase classname="tests.test_track14_sso_cross_portal.TestIssuePortalTokenGranted" name="test_issue_field_leadership_token" time="0.212" /><testcase classname="tests.test_track14_sso_cross_portal.TestIssuePortalTokenGranted" name="test_issue_admin_token" time="0.187" /><testcase classname="tests.test_track14_sso_cross_portal.TestIssuePortalTokenEscalation" name="test_pm_user_cannot_escalate_to_admin" time="0.670" /><testcase classname="tests.test_track14_sso_cross_portal.TestIssuePortalTokenEscalation" name="test_pm_user_cannot_escalate_to_safety" time="0.162" /><testcase classname="tests.test_track14_sso_cross_portal.TestIssuePortalTokenEscalation" name="test_hr_user_cannot_escalate_to_admin" time="0.673" /><testcase classname="tests.test_track14_sso_cross_portal.TestIssuePortalTokenEscalation" name="test_shop_user_cannot_escalate_to_admin" time="0.679" /><testcase classname="tests.test_track14_sso_cross_portal.TestIssuePortalTokenEscalation" name="test_unknown_portal_rejected" time="0.158" /><testcase classname="tests.test_track14_sso_cross_portal.TestIssuePortalTokenEscalation" name="test_unauthenticated_request_rejected" time="0.106" /><testcase classname="tests.test_track14_sso_cross_portal.TestMeDirectory" name="test_super_admin_me_directory" time="0.171" /><testcase classname="tests.test_track14_sso_cross_portal.TestMeDirectory" name="test_me_directory_unauthenticated" time="0.117" /></testsuite></testsuites>