<?xml version="1.0" encoding="utf-8"?><testsuites name="pytest tests"><testsuite name="pytest" errors="0" failures="0" skipped="0" tests="17" time="40.262" timestamp="2026-07-02T12:59:24.653045+00:00" hostname="agent-env-048a8fa0-4afe-49ee-81b3-30f0d0fa8b74"><testcase classname="backend.tests.test_track_19_22_e2e_live.TestStructuredSearch" name="test_q_filter" time="33.042" /><testcase classname="backend.tests.test_track_19_22_e2e_live.TestStructuredSearch" name="test_tag_filter" time="0.239" /><testcase classname="backend.tests.test_track_19_22_e2e_live.TestStructuredSearch" name="test_date_range_filter" time="0.224" /><testcase classname="backend.tests.test_track_19_22_e2e_live.TestStructuredSearch" name="test_uploader_email_filter" time="0.240" /><testcase classname="backend.tests.test_track_19_22_e2e_live.TestStructuredSearch" name="test_department_and_lane_filter" time="0.259" /><testcase classname="backend.tests.test_track_19_22_e2e_live.TestStructuredSearch" name="test_related_asset_filter" time="0.231" /><testcase classname="backend.tests.test_track_19_22_e2e_live.TestBatchLifecycle" name="test_full_batch_flow" time="3.093" /><testcase classname="backend.tests.test_track_19_22_e2e_live.TestPackageExports" name="test_hr_can_download_all_packages[complete_file]" time="0.326" /><testcase classname="backend.tests.test_track_19_22_e2e_live.TestPackageExports" name="test_hr_can_download_all_packages[training]" time="0.275" /><testcase classname="backend.tests.test_track_19_22_e2e_live.TestPackageExports" name="test_hr_can_download_all_packages[discipline]" time="0.292" /><testcase classname="backend.tests.test_track_19_22_e2e_live.TestPackageExports" name="test_hr_can_download_all_packages[safety]" time="0.361" /><testcase classname="backend.tests.test_track_19_22_e2e_live.TestPackageExports" name="test_hr_can_download_all_packages[ppe_asset]" time="0.308" /><testcase classname="backend.tests.test_track_19_22_e2e_live.TestPackageExports" name="test_hr_can_download_all_packages[historical_records]" time="0.268" /><testcase classname="backend.tests.test_track_19_22_e2e_live.TestPackageGating" name="test_safety_denied_on_complete_file" time="0.196" /><testcase classname="backend.tests.test_track_19_22_e2e_live.TestPackageGating" name="test_safety_allowed_on_safety_pkg" time="0.263" /><testcase classname="backend.tests.test_track_19_22_e2e_live.TestPackageGating" name="test_safety_denied_on_discipline" time="0.211" /><testcase classname="backend.tests.test_track_19_22_e2e_live" name="test_employee_roster_shape_unchanged" time="0.307" /></testsuite></testsuites>