<?xml version="1.0" encoding="utf-8"?><testsuites name="pytest tests"><testsuite name="pytest" errors="0" failures="0" skipped="2" tests="304" time="222.675" timestamp="2026-06-29T13:56:43.512579+00:00" hostname="agent-env-048a8fa0-4afe-49ee-81b3-30f0d0fa8b74"><testcase classname="tests.test_track_16_04_transportation_foundation" name="test_1_carrier_status_constants" time="0.001" /><testcase classname="tests.test_track_16_04_transportation_foundation" name="test_2_person_kinds_supported" time="0.000" /><testcase classname="tests.test_track_16_04_transportation_foundation" name="test_3_masci_employee_requires_employee_id" time="0.001" /><testcase classname="tests.test_track_16_04_transportation_foundation" name="test_4_leased_driver_requires_carrier_id" time="0.000" /><testcase classname="tests.test_track_16_04_transportation_foundation" name="test_5_duplicate_employee_driver_prevented" time="0.000" /><testcase classname="tests.test_track_16_04_transportation_foundation" name="test_6_duplicate_leased_license_prevented" time="0.000" /><testcase classname="tests.test_track_16_04_transportation_foundation" name="test_7_truck_ownership_supports_masci_and_leased" time="0.000" /><testcase classname="tests.test_track_16_04_transportation_foundation" name="test_8_leased_truck_requires_carrier_id" time="0.000" /><testcase classname="tests.test_track_16_04_transportation_foundation" name="test_9_masci_owned_truck_links_equipment_id" time="0.000" /><testcase classname="tests.test_track_16_04_transportation_foundation" name="test_10_new_record_defaults_pending_review" time="0.000" /><testcase classname="tests.test_track_16_04_transportation_foundation" name="test_11_safety_hold_and_suspended" time="0.000" /><testcase classname="tests.test_track_16_04_transportation_foundation" name="test_12_masci_employee_hr_inactive_forces_not_dispatchable" time="0.000" /><testcase classname="tests.test_track_16_04_transportation_foundation" name="test_13_admin_routes_require_admin_strict" time="0.002" /><testcase classname="tests.test_track_16_04_transportation_foundation" name="test_14_dispatch_routes_require_dispatch_or_admin" time="0.002" /><testcase classname="tests.test_track_16_04_transportation_foundation" name="test_15_no_public_transport_routes" time="0.000" /><testcase classname="tests.test_track_16_04_transportation_foundation" name="test_16_audit_writes_on_create_update" time="0.000" /><testcase classname="tests.test_track_16_04_transportation_foundation" name="test_17_route_wired_into_server" time="0.002" /><testcase classname="tests.test_track_16_04_transportation_foundation" name="test_18_admin_transportation_route_exists" time="0.000" /><testcase classname="tests.test_track_16_04_transportation_foundation" name="test_19_no_forbidden_status_language" time="0.001" /><testcase classname="tests.test_track_16_04_transportation_foundation" name="test_20_no_forgedops_academy_in_track_16_04_artefacts" time="0.001" /><testcase classname="tests.test_track_16_04_transportation_foundation" name="test_21_no_duplicate_storage_engine" time="0.000" /><testcase classname="tests.test_track_16_04_transportation_foundation" name="test_22_deployment_gate_includes_this_file" time="0.000" /><testcase classname="tests.test_track_16_04_transportation_foundation" name="test_identity_resolver_async_callables" time="0.000" /><testcase classname="tests.test_track_16_04_transportation_foundation" name="test_identity_resolver_no_license_returns_none" time="0.000" /><testcase classname="tests.test_track_16_06_live_smoke" name="test_01_dashboard_anonymous_returns_401" time="0.229" /><testcase classname="tests.test_track_16_06_live_smoke" name="test_02_documents_queue_anonymous_returns_401" time="0.114" /><testcase classname="tests.test_track_16_06_live_smoke" name="test_03_inspections_queue_anonymous_returns_401" time="0.103" /><testcase classname="tests.test_track_16_06_live_smoke" name="test_04_audit_timeline_anonymous_returns_401" time="0.133" /><testcase classname="tests.test_track_16_06_live_smoke" name="test_05_dashboard_payload_shape" time="1.409" /><testcase classname="tests.test_track_16_06_live_smoke" name="test_06_documents_queue_default" time="0.251" /><testcase classname="tests.test_track_16_06_live_smoke" name="test_07_documents_queue_filter_scope_carrier" time="0.238" /><testcase classname="tests.test_track_16_06_live_smoke" name="test_08_documents_queue_filter_scope_driver" time="0.228" /><testcase classname="tests.test_track_16_06_live_smoke" name="test_09_documents_queue_expiring_filter" time="0.253" /><testcase classname="tests.test_track_16_06_live_smoke" name="test_10_inspections_queue_default" time="0.233" /><testcase classname="tests.test_track_16_06_live_smoke" name="test_11_inspections_queue_filter_result_ready" time="0.222" /><testcase classname="tests.test_track_16_06_live_smoke" name="test_12_audit_timeline_default" time="0.422" /><testcase classname="tests.test_track_16_06_live_smoke" name="test_13_audit_timeline_entity_filter" time="0.334" /><testcase classname="tests.test_track_16_06_live_smoke" name="test_14_carrier_workspace_404_on_unknown" time="0.225" /><testcase classname="tests.test_track_16_06_live_smoke" name="test_15_driver_workspace_404_on_unknown" time="0.220" /><testcase classname="tests.test_track_16_06_live_smoke" name="test_16_truck_workspace_404_on_unknown" time="0.284" /><testcase classname="tests.test_track_16_06_live_smoke" name="test_17_carrier_workspace_happy_path" time="0.701" /><testcase classname="tests.test_track_16_06_live_smoke" name="test_18_truck_workspace_happy_path" time="0.523" /><testcase classname="tests.test_track_16_06_live_smoke" name="test_19_driver_workspace_happy_path" time="0.565" /><testcase classname="tests.test_track_16_06_transportation_experience_layer" name="test_1_dashboard_endpoint_exists" time="0.000" /><testcase classname="tests.test_track_16_06_transportation_experience_layer" name="test_2_document_queue_endpoint_exists" time="0.000" /><testcase classname="tests.test_track_16_06_transportation_experience_layer" name="test_3_inspection_queue_endpoint_exists" time="0.000" /><testcase classname="tests.test_track_16_06_transportation_experience_layer" name="test_4_audit_timeline_endpoint_exists" time="0.000" /><testcase classname="tests.test_track_16_06_transportation_experience_layer" name="test_5_workspace_endpoints_exist" time="0.000" /><testcase classname="tests.test_track_16_06_transportation_experience_layer" name="test_6_all_experience_routes_are_admin_strict" time="0.000" /><testcase classname="tests.test_track_16_06_transportation_experience_layer" name="test_7_no_new_audit_system" time="0.000" /><testcase classname="tests.test_track_16_06_transportation_experience_layer" name="test_8_no_duplicate_identity_or_storage" time="0.000" /><testcase classname="tests.test_track_16_06_transportation_experience_layer" name="test_9_no_new_storage_or_upload" time="0.000" /><testcase classname="tests.test_track_16_06_transportation_experience_layer" name="test_10_register_wired_into_server" time="0.002" /><testcase classname="tests.test_track_16_06_transportation_experience_layer" name="test_11_no_public_route_introduced" time="0.000" /><testcase classname="tests.test_track_16_06_transportation_experience_layer" name="test_12_transportation_app_router_exists" time="0.000" /><testcase classname="tests.test_track_16_06_transportation_experience_layer" name="test_13_left_navigation_has_required_sections" time="0.000" /><testcase classname="tests.test_track_16_06_transportation_experience_layer" name="test_14_dashboard_tiles_present" time="0.000" /><testcase classname="tests.test_track_16_06_transportation_experience_layer" name="test_15_carrier_workspace_has_required_sections" time="0.000" /><testcase classname="tests.test_track_16_06_transportation_experience_layer" name="test_16_driver_workspace_renders" time="0.000" /><testcase classname="tests.test_track_16_06_transportation_experience_layer" name="test_17_truck_workspace_renders" time="0.000" /><testcase classname="tests.test_track_16_06_transportation_experience_layer" name="test_18_compliance_dashboard_has_three_columns" time="0.000" /><testcase classname="tests.test_track_16_06_transportation_experience_layer" name="test_19_document_center_renders" time="0.000" /><testcase classname="tests.test_track_16_06_transportation_experience_layer" name="test_20_inspection_center_includes_disclaimer" time="0.000" /><testcase classname="tests.test_track_16_06_transportation_experience_layer" name="test_21_rate_schedule_center_renders" time="0.000" /><testcase classname="tests.test_track_16_06_transportation_experience_layer" name="test_22_audit_timeline_renders" time="0.000" /><testcase classname="tests.test_track_16_06_transportation_experience_layer" name="test_23_no_dead_buttons_use_coming_soon" time="0.000" /><testcase classname="tests.test_track_16_06_transportation_experience_layer" name="test_24_old_admin_transportation_is_reexport" time="0.000" /><testcase classname="tests.test_track_16_06_transportation_experience_layer" name="test_25_app_js_route_mounts_splat" time="0.000" /><testcase classname="tests.test_track_16_06_transportation_experience_layer" name="test_26_track_16_04_tests_still_exist" time="0.000" /><testcase classname="tests.test_track_16_06_transportation_experience_layer" name="test_27_track_16_05_tests_still_exist" time="0.000" /><testcase classname="tests.test_track_16_06_transportation_experience_layer" name="test_28_phase_1_endpoints_still_registered" time="0.002" /><testcase classname="tests.test_track_16_06_transportation_experience_layer" name="test_29_phase_2_endpoints_still_registered" time="0.001" /><testcase classname="tests.test_track_16_06_transportation_experience_layer" name="test_30_deployment_gate_includes_16_06" time="0.000" /><testcase classname="tests.test_track_16_06_transportation_experience_layer" name="test_31_no_forgedops_academy_references" time="0.001" /><testcase classname="tests.test_track_16_06_transportation_experience_layer" name="test_32_no_forbidden_status_language" time="0.001" /><testcase classname="tests.test_track_16_06_transportation_experience_layer" name="test_33_responsive_grid_classes_used" time="0.000" /><testcase classname="tests.test_track_16_06_transportation_experience_layer" name="test_34_chip_component_is_single_source_of_truth" time="0.000" /><testcase classname="tests.test_track_16_06_transportation_experience_layer" name="test_35_dispatch_endpoints_unchanged_in_experience_layer" time="0.000" /><testcase classname="tests.test_track_16_06_transportation_experience_layer" name="test_36_experience_layer_registers_before_phase2_to_avoid_path_shadow" time="0.002" /><testcase classname="tests.test_track_16_08_transportation_orientation" name="test_01_orientation_router_file_exists" time="0.000" /><testcase classname="tests.test_track_16_08_transportation_orientation" name="test_02_router_defines_22_default_modules" time="0.000" /><testcase classname="tests.test_track_16_08_transportation_orientation" name="test_03_four_languages_supported" time="0.000" /><testcase classname="tests.test_track_16_08_transportation_orientation" name="test_04_bootstrap_hook_in_server" time="0.002" /><testcase classname="tests.test_track_16_08_transportation_orientation" name="test_05_completion_threshold_99" time="0.000" /><testcase classname="tests.test_track_16_08_transportation_orientation" name="test_06_quiz_max_attempts_enforced" time="0.000" /><testcase classname="tests.test_track_16_08_transportation_orientation" name="test_07_no_skip_rule_in_heartbeat" time="0.000" /><testcase classname="tests.test_track_16_08_transportation_orientation" name="test_08_certificate_audit_hash_present" time="0.000" /><testcase classname="tests.test_track_16_08_transportation_orientation" name="test_09_public_qr_verify_endpoint" time="0.000" /><testcase classname="tests.test_track_16_08_transportation_orientation" name="test_10_public_invite_endpoints_exist" time="0.000" /><testcase classname="tests.test_track_16_08_transportation_orientation" name="test_11_external_endpoints_are_public_no_admin_gate" time="0.001" /><testcase classname="tests.test_track_16_08_transportation_orientation" name="test_12_uses_email_routing_v2_not_sms" time="0.002" /><testcase classname="tests.test_track_16_08_transportation_orientation" name="test_13_notification_kinds_full_catalog" time="0.000" /><testcase classname="tests.test_track_16_08_transportation_orientation" name="test_14_eligibility_reads_orientation_status" time="0.000" /><testcase classname="tests.test_track_16_08_transportation_orientation" name="test_15_eligibility_blocks_on_missing_orientation" time="0.000" /><testcase classname="tests.test_track_16_08_transportation_orientation" name="test_16_eligibility_blocks_on_expired_orientation" time="0.000" /><testcase classname="tests.test_track_16_08_transportation_orientation" name="test_17_eligibility_blocks_on_quiz_failed" time="0.000" /><testcase classname="tests.test_track_16_08_transportation_orientation" name="test_18_eligibility_passes_when_orientation_current" time="0.000" /><testcase classname="tests.test_track_16_08_transportation_orientation" name="test_19_transportation_routes_inject_orientation_for_persons" time="0.000" /><testcase classname="tests.test_track_16_08_transportation_orientation" name="test_20_phase2_person_context_injects_orientation" time="0.000" /><testcase classname="tests.test_track_16_08_transportation_orientation" name="test_21_status_helper_exposes_four_states" time="0.000" /><testcase classname="tests.test_track_16_08_transportation_orientation" name="test_22_deployment_gate_includes_16_08" time="0.000" /><testcase classname="tests.test_track_16_08_transportation_orientation" name="test_23_track_16_04_05_06_07_preserved" time="0.000" /><testcase classname="tests.test_track_16_08_transportation_orientation" name="test_24_no_dead_ui_in_transportation_app" time="0.000" /><testcase classname="tests.test_track_16_08_transportation_orientation" name="test_25_audit_kinds_full_lifecycle" time="0.000" /><testcase classname="tests.test_track_16_08_transportation_orientation" name="test_26_orientation_valid_months_annual" time="0.000" /><testcase classname="tests.test_track_16_08_transportation_orientation" name="test_30_status_no_required_modules_is_missing" time="0.001" /><testcase classname="tests.test_track_16_08_transportation_orientation" name="test_31_status_all_completed_is_current" time="0.000" /><testcase classname="tests.test_track_16_08_transportation_orientation" name="test_32_status_one_missing_is_missing" time="0.000" /><testcase classname="tests.test_track_16_08_transportation_orientation" name="test_33_status_expired_is_expired" time="0.000" /><testcase classname="tests.test_track_16_08_transportation_orientation" name="test_34_status_only_failed_is_quiz_failed" time="0.000" /><testcase classname="tests.test_track_16_08_transportation_orientation" name="test_35_status_expiring_soon_flag" time="0.000" /><testcase classname="tests.test_track_16_08_transportation_orientation" name="test_50_list_modules_seeded" time="0.906" /><testcase classname="tests.test_track_16_08_transportation_orientation" name="test_51_each_module_has_4_language_placeholders" time="0.228" /><testcase classname="tests.test_track_16_08_transportation_orientation" name="test_52_orientation_dashboard_endpoint" time="0.493" /><testcase classname="tests.test_track_16_08_transportation_orientation" name="test_53_question_create_and_list" time="0.776" /><testcase classname="tests.test_track_16_08_transportation_orientation" name="test_54_full_orientation_flow_admin" time="4.528" /><testcase classname="tests.test_track_16_08_transportation_orientation" name="test_55_invite_create_open_submit" time="1.858" /><testcase classname="tests.test_track_16_08_transportation_orientation" name="test_56_invite_bad_token_404" time="0.166" /><testcase classname="tests.test_track_16_08_transportation_orientation" name="test_57_admin_endpoints_reject_unauthenticated" time="0.108" /><testcase classname="tests.test_track_18_12b_transportation_dispatcher_functionality" name="test_track_18_12b_restore_document_exists" time="0.000" /><testcase classname="tests.test_track_18_12b_transportation_dispatcher_functionality" name="test_dispatcher_functionality_audit_document_exists" time="0.000" /><testcase classname="tests.test_track_18_12b_transportation_dispatcher_functionality" name="test_api_auth_matrix_document_exists" time="0.000" /><testcase classname="tests.test_track_18_12b_transportation_dispatcher_functionality" name="test_dispatcher_operator_walkthrough_document_exists" time="0.000" /><testcase classname="tests.test_track_18_12b_transportation_dispatcher_functionality" name="test_every_workspace_classified_in_audit_doc" time="0.000" /><testcase classname="tests.test_track_18_12b_transportation_dispatcher_functionality" name="test_tx_get_absorbs_401_403_into_restricted_marker" time="0.000" /><testcase classname="tests.test_track_18_12b_transportation_dispatcher_functionality" name="test_visible_nav_groups_hides_administration_for_non_admin" time="0.000" /><testcase classname="tests.test_track_18_12b_transportation_dispatcher_functionality" name="test_every_workspace_renders_tx_ops_restricted_data[_lists.jsx-must_render0]" time="0.000" /><testcase classname="tests.test_track_18_12b_transportation_dispatcher_functionality" name="test_every_workspace_renders_tx_ops_restricted_data[_orientation.jsx-must_render1]" time="0.000" /><testcase classname="tests.test_track_18_12b_transportation_dispatcher_functionality" name="test_every_workspace_renders_tx_ops_restricted_data[_intelligence.jsx-must_render2]" time="0.000" /><testcase classname="tests.test_track_18_12b_transportation_dispatcher_functionality" name="test_every_workspace_renders_tx_ops_restricted_data[_command_queue.jsx-must_render3]" time="0.000" /><testcase classname="tests.test_track_18_12b_transportation_dispatcher_functionality" name="test_every_workspace_renders_tx_ops_restricted_data[_views.jsx-must_render4]" time="0.000" /><testcase classname="tests.test_track_18_12b_transportation_dispatcher_functionality" name="test_no_forbidden_admin_login_copy_in_transportation_ui" time="0.004" /><testcase classname="tests.test_track_18_12b_transportation_dispatcher_functionality" name="test_no_forbidden_admin_login_copy_in_tx_components" time="0.001" /><testcase classname="tests.test_track_18_12b_transportation_dispatcher_functionality" name="test_no_raw_forbidden_or_unauthorized_user_text" time="0.010" /><testcase classname="tests.test_track_18_12b_transportation_dispatcher_functionality" name="test_admin_strict_loaders_use_txget_not_raw_api_get[/admin/transportation/orientation/dashboard]" time="0.001" /><testcase classname="tests.test_track_18_12b_transportation_dispatcher_functionality" name="test_admin_strict_loaders_use_txget_not_raw_api_get[/admin/transportation/orientation/modules]" time="0.001" /><testcase classname="tests.test_track_18_12b_transportation_dispatcher_functionality" name="test_admin_strict_loaders_use_txget_not_raw_api_get[/admin/transportation/orientation/assignments]" time="0.001" /><testcase classname="tests.test_track_18_12b_transportation_dispatcher_functionality" name="test_admin_strict_loaders_use_txget_not_raw_api_get[/admin/transportation/orientation/certificates]" time="0.001" /><testcase classname="tests.test_track_18_12b_transportation_dispatcher_functionality" name="test_admin_strict_loaders_use_txget_not_raw_api_get[/admin/transportation/email-routes]" time="0.001" /><testcase classname="tests.test_track_18_12b_transportation_dispatcher_functionality" name="test_admin_strict_loaders_use_txget_not_raw_api_get[/admin/transportation/intelligence/dashboard]" time="0.001" /><testcase classname="tests.test_track_18_12b_transportation_dispatcher_functionality" name="test_admin_strict_loaders_use_txget_not_raw_api_get[/admin/transportation/intelligence/recommendations]" time="0.001" /><testcase classname="tests.test_track_18_12b_transportation_dispatcher_functionality" name="test_admin_strict_loaders_use_txget_not_raw_api_get[/admin/transportation/intelligence/predictions]" time="0.001" /><testcase classname="tests.test_track_18_12b_transportation_dispatcher_functionality" name="test_admin_strict_loaders_use_txget_not_raw_api_get[/admin/transportation/intelligence/dispatch-learning]" time="0.001" /><testcase classname="tests.test_track_18_12b_transportation_dispatcher_functionality" name="test_admin_strict_loaders_use_txget_not_raw_api_get[/admin/transportation/intelligence/cleanup-signals]" time="0.001" /><testcase classname="tests.test_track_18_12b_transportation_dispatcher_functionality" name="test_admin_strict_loaders_use_txget_not_raw_api_get[/admin/transportation/automation/actions]" time="0.001" /><testcase classname="tests.test_track_18_12b_transportation_dispatcher_functionality" name="test_admin_strict_loaders_use_txget_not_raw_api_get[/admin/transportation/automation/health]" time="0.001" /><testcase classname="tests.test_track_18_12b_transportation_dispatcher_functionality" name="test_admin_strict_loaders_use_txget_not_raw_api_get[/admin/transportation/automation/forecast]" time="0.001" /><testcase classname="tests.test_track_18_12b_transportation_dispatcher_functionality" name="test_admin_strict_loaders_use_txget_not_raw_api_get[/admin/transportation/automation/digest/preview]" time="0.001" /><testcase classname="tests.test_track_18_12b_transportation_dispatcher_functionality" name="test_admin_strict_loaders_use_txget_not_raw_api_get[/admin/transportation/automation/digest/runs]" time="0.001" /><testcase classname="tests.test_track_18_12b_transportation_dispatcher_functionality" name="test_admin_strict_loaders_use_txget_not_raw_api_get[/admin/transportation/hr-sync]" time="0.001" /><testcase classname="tests.test_track_18_12b_transportation_dispatcher_functionality" name="test_specific_failing_workspace_now_has_restricted_state[Orientation-proof0]" time="0.000" /><testcase classname="tests.test_track_18_12b_transportation_dispatcher_functionality" name="test_specific_failing_workspace_now_has_restricted_state[Drivers-proof1]" time="0.000" /><testcase classname="tests.test_track_18_12b_transportation_dispatcher_functionality" name="test_specific_failing_workspace_now_has_restricted_state[Carriers-proof2]" time="0.000" /><testcase classname="tests.test_track_18_12b_transportation_dispatcher_functionality" name="test_specific_failing_workspace_now_has_restricted_state[Intelligence-proof3]" time="0.000" /><testcase classname="tests.test_track_18_12b_transportation_dispatcher_functionality" name="test_specific_failing_workspace_now_has_restricted_state[Automation-proof4]" time="0.000" /><testcase classname="tests.test_track_18_12b_transportation_dispatcher_functionality" name="test_specific_failing_workspace_now_has_restricted_state[Administration_Audit-proof5]" time="0.000" /><testcase classname="tests.test_track_18_12b_transportation_dispatcher_functionality" name="test_admin_transportation_routes_preserved" time="0.000" /><testcase classname="tests.test_track_18_12b_transportation_dispatcher_functionality" name="test_driver_magic_link_route_preserved" time="0.000" /><testcase classname="tests.test_track_18_12b_transportation_dispatcher_functionality" name="test_admin_strict_endpoints_remain_strict_in_backend" time="0.020" /><testcase classname="tests.test_track_18_12b_transportation_dispatcher_functionality" name="test_cross_portal_readiness_endpoint_still_helper" time="0.000" /><testcase classname="tests.test_track_18_12b_transportation_dispatcher_functionality" name="test_no_dispatch_portal_back_button_inside_txops" time="0.004" /><testcase classname="tests.test_track_18_12b_transportation_dispatcher_functionality" name="test_reports_view_renders_coming_soon" time="0.000" /><testcase classname="tests.test_track_18_12b_transportation_dispatcher_functionality" name="test_mission_control_workspace_strip_preserved" time="0.000" /><testcase classname="tests.test_track_18_12b_transportation_dispatcher_functionality" name="test_prd_md_exists" time="0.000" /><testcase classname="tests.test_track_18_12b_transportation_dispatcher_functionality" name="test_no_new_collections_created_under_track_18_12b" time="0.001" /><testcase classname="tests.test_track_18_12b_transportation_dispatcher_functionality" name="test_restricted_branches_use_portal_branded_component" time="0.000" /><testcase classname="tests.test_track_18_12c_live_api" name="test_dispatch_can_access_ops_guard[/api/admin/transportation/carriers]" time="0.832" /><testcase classname="tests.test_track_18_12c_live_api" name="test_dispatch_can_access_ops_guard[/api/admin/transportation/persons]" time="0.259" /><testcase classname="tests.test_track_18_12c_live_api" name="test_dispatch_can_access_ops_guard[/api/admin/transportation/trucks]" time="0.227" /><testcase classname="tests.test_track_18_12c_live_api" name="test_dispatch_can_access_ops_guard[/api/admin/transportation/documents/queue]" time="0.260" /><testcase classname="tests.test_track_18_12c_live_api" name="test_dispatch_can_access_ops_guard[/api/admin/transportation/inspections/queue]" time="0.254" /><testcase classname="tests.test_track_18_12c_live_api" name="test_dispatch_can_access_ops_guard[/api/admin/transportation/orientation/dashboard]" time="0.393" /><testcase classname="tests.test_track_18_12c_live_api" name="test_dispatch_can_access_ops_guard[/api/admin/transportation/orientation/modules]" time="0.233" /><testcase classname="tests.test_track_18_12c_live_api" name="test_dispatch_can_access_ops_guard[/api/admin/transportation/orientation/assignments]" time="0.233" /><testcase classname="tests.test_track_18_12c_live_api" name="test_dispatch_can_access_ops_guard[/api/admin/transportation/orientation/certificates]" time="0.226" /><testcase classname="tests.test_track_18_12c_live_api" name="test_dispatch_can_access_ops_guard[/api/admin/transportation/automation/actions]" time="0.299" /><testcase classname="tests.test_track_18_12c_live_api" name="test_dispatch_can_access_ops_guard[/api/admin/transportation/automation/forecast]" time="10.387" /><testcase classname="tests.test_track_18_12c_live_api" name="test_dispatch_can_access_ops_guard[/api/admin/transportation/intelligence/cleanup-signals]" time="17.453" /><testcase classname="tests.test_track_18_12c_live_api" name="test_admin_strict_rejects_dispatch_token[/api/admin/transportation/audit-timeline]" time="0.357" /><testcase classname="tests.test_track_18_12c_live_api" name="test_admin_strict_rejects_dispatch_token[/api/admin/transportation/intelligence/dashboard]" time="0.199" /><testcase classname="tests.test_track_18_12c_live_api" name="test_admin_strict_rejects_dispatch_token[/api/admin/transportation/intelligence/recommendations]" time="0.194" /><testcase classname="tests.test_track_18_12c_live_api" name="test_admin_strict_rejects_dispatch_token[/api/admin/transportation/intelligence/predictions]" time="0.199" /><testcase classname="tests.test_track_18_12c_live_api" name="test_admin_strict_rejects_dispatch_token[/api/admin/transportation/intelligence/dispatch-learning]" time="0.198" /><testcase classname="tests.test_track_18_12c_live_api" name="test_admin_strict_rejects_dispatch_token[/api/admin/transportation/email-routes]" time="0.220" /><testcase classname="tests.test_track_18_12c_live_api" name="test_admin_strict_rejects_dispatch_token[/api/admin/transportation/hr-sync]" time="0.198" /><testcase classname="tests.test_track_18_12c_live_api" name="test_admin_can_access_all[/api/admin/transportation/carriers]" time="1.123" /><testcase classname="tests.test_track_18_12c_live_api" name="test_admin_can_access_all[/api/admin/transportation/persons]" time="0.270" /><testcase classname="tests.test_track_18_12c_live_api" name="test_admin_can_access_all[/api/admin/transportation/trucks]" time="0.224" /><testcase classname="tests.test_track_18_12c_live_api" name="test_admin_can_access_all[/api/admin/transportation/documents/queue]" time="0.252" /><testcase classname="tests.test_track_18_12c_live_api" name="test_admin_can_access_all[/api/admin/transportation/inspections/queue]" time="0.243" /><testcase classname="tests.test_track_18_12c_live_api" name="test_admin_can_access_all[/api/admin/transportation/orientation/dashboard]" time="0.402" /><testcase classname="tests.test_track_18_12c_live_api" name="test_admin_can_access_all[/api/admin/transportation/orientation/modules]" time="0.232" /><testcase classname="tests.test_track_18_12c_live_api" name="test_admin_can_access_all[/api/admin/transportation/orientation/assignments]" time="0.236" /><testcase classname="tests.test_track_18_12c_live_api" name="test_admin_can_access_all[/api/admin/transportation/orientation/certificates]" time="0.238" /><testcase classname="tests.test_track_18_12c_live_api" name="test_admin_can_access_all[/api/admin/transportation/automation/actions]" time="0.308" /><testcase classname="tests.test_track_18_12c_live_api" name="test_admin_can_access_all[/api/admin/transportation/automation/forecast]" time="10.792" /><testcase classname="tests.test_track_18_12c_live_api" name="test_admin_can_access_all[/api/admin/transportation/intelligence/cleanup-signals]" time="18.036" /><testcase classname="tests.test_track_18_12c_live_api" name="test_admin_can_access_all[/api/admin/transportation/audit-timeline]" time="0.453" /><testcase classname="tests.test_track_18_12c_live_api" name="test_admin_can_access_all[/api/admin/transportation/intelligence/dashboard]" time="60.114"><skipped type="pytest.skip" message="preview-gateway 502 on slow admin intel: /api/admin/transportation/intelligence/dashboard">/app/backend/tests/test_track_18_12c_live_api.py:116: preview-gateway 502 on slow admin intel: /api/admin/transportation/intelligence/dashboard</skipped></testcase><testcase classname="tests.test_track_18_12c_live_api" name="test_admin_can_access_all[/api/admin/transportation/intelligence/recommendations]" time="60.204"><skipped type="pytest.skip" message="preview-gateway 502 on slow admin intel: /api/admin/transportation/intelligence/recommendations">/app/backend/tests/test_track_18_12c_live_api.py:116: preview-gateway 502 on slow admin intel: /api/admin/transportation/intelligence/recommendations</skipped></testcase><testcase classname="tests.test_track_18_12c_live_api" name="test_admin_can_access_all[/api/admin/transportation/intelligence/predictions]" time="7.477" /><testcase classname="tests.test_track_18_12c_live_api" name="test_admin_can_access_all[/api/admin/transportation/intelligence/dispatch-learning]" time="0.600" /><testcase classname="tests.test_track_18_12c_live_api" name="test_admin_can_access_all[/api/admin/transportation/email-routes]" time="1.514" /><testcase classname="tests.test_track_18_12c_live_api" name="test_admin_can_access_all[/api/admin/transportation/hr-sync]" time="0.260" /><testcase classname="tests.test_track_18_12c_live_api" name="test_dispatch_drivers_real_data" time="0.275" /><testcase classname="tests.test_track_18_12c_live_api" name="test_dispatch_carriers_real_data" time="0.293" /><testcase classname="tests.test_track_18_12c_live_api" name="test_dispatch_trucks_real_data" time="0.240" /><testcase classname="tests.test_track_18_12c_transportation_role_permissions" name="test_track_18_12c_fix_document_exists" time="0.000" /><testcase classname="tests.test_track_18_12c_transportation_role_permissions" name="test_role_permission_matrix_document_exists" time="0.000" /><testcase classname="tests.test_track_18_12c_transportation_role_permissions" name="test_workspace_functionality_audit_document_exists" time="0.000" /><testcase classname="tests.test_track_18_12c_transportation_role_permissions" name="test_endpoint_uses_dispatch_or_admin_gate[transportation.py-&quot;/admin/transportation/carriers&quot;)-require_dispatch_or_admin_dep]" time="0.000" /><testcase classname="tests.test_track_18_12c_transportation_role_permissions" name="test_endpoint_uses_dispatch_or_admin_gate[transportation.py-&quot;/admin/transportation/carriers/{cid}&quot;-require_dispatch_or_admin_dep]" time="0.000" /><testcase classname="tests.test_track_18_12c_transportation_role_permissions" name="test_endpoint_uses_dispatch_or_admin_gate[transportation.py-&quot;/admin/transportation/persons&quot;)-require_dispatch_or_admin_dep]" time="0.000" /><testcase classname="tests.test_track_18_12c_transportation_role_permissions" name="test_endpoint_uses_dispatch_or_admin_gate[transportation.py-&quot;/admin/transportation/persons/{pid}&quot;-require_dispatch_or_admin_dep]" time="0.000" /><testcase classname="tests.test_track_18_12c_transportation_role_permissions" name="test_endpoint_uses_dispatch_or_admin_gate[transportation.py-&quot;/admin/transportation/trucks&quot;)-require_dispatch_or_admin_dep]" time="0.000" /><testcase classname="tests.test_track_18_12c_transportation_role_permissions" name="test_endpoint_uses_dispatch_or_admin_gate[transportation.py-&quot;/admin/transportation/trucks/{tid}&quot;-require_dispatch_or_admin_dep]" time="0.000" /><testcase classname="tests.test_track_18_12c_transportation_role_permissions" name="test_endpoint_uses_dispatch_or_admin_gate[transportation.py-&quot;/admin/transportation/eligibility/{target_type}/{target_id}&quot;-require_dispatch_or_admin_dep]" time="0.000" /><testcase classname="tests.test_track_18_12c_transportation_role_permissions" name="test_endpoint_uses_dispatch_or_admin_gate[transportation_experience.py-&quot;/admin/transportation/documents/queue&quot;-ops_guard]" time="0.000" /><testcase classname="tests.test_track_18_12c_transportation_role_permissions" name="test_endpoint_uses_dispatch_or_admin_gate[transportation_experience.py-&quot;/admin/transportation/inspections/queue&quot;-ops_guard]" time="0.000" /><testcase classname="tests.test_track_18_12c_transportation_role_permissions" name="test_endpoint_uses_dispatch_or_admin_gate[transportation_experience.py-&quot;/admin/transportation/carriers/{cid}/workspace&quot;-ops_guard]" time="0.000" /><testcase classname="tests.test_track_18_12c_transportation_role_permissions" name="test_endpoint_uses_dispatch_or_admin_gate[transportation_experience.py-&quot;/admin/transportation/persons/{pid}/workspace&quot;-ops_guard]" time="0.000" /><testcase classname="tests.test_track_18_12c_transportation_role_permissions" name="test_endpoint_uses_dispatch_or_admin_gate[transportation_experience.py-&quot;/admin/transportation/trucks/{tid}/workspace&quot;-ops_guard]" time="0.000" /><testcase classname="tests.test_track_18_12c_transportation_role_permissions" name="test_endpoint_uses_dispatch_or_admin_gate[transportation_experience.py-&quot;/admin/transportation/timeline/{entity_type}/{entity_id}&quot;-ops_guard]" time="0.000" /><testcase classname="tests.test_track_18_12c_transportation_role_permissions" name="test_endpoint_uses_dispatch_or_admin_gate[transportation_orientation.py-@router.get(&quot;/admin/transportation/orientation/dashboard&quot;-ops_guard]" time="0.000" /><testcase classname="tests.test_track_18_12c_transportation_role_permissions" name="test_endpoint_uses_dispatch_or_admin_gate[transportation_orientation.py-@router.get(&quot;/admin/transportation/orientation/modules&quot;)-ops_guard]" time="0.000" /><testcase classname="tests.test_track_18_12c_transportation_role_permissions" name="test_endpoint_uses_dispatch_or_admin_gate[transportation_orientation.py-@router.get(&quot;/admin/transportation/orientation/assignments&quot;-ops_guard]" time="0.000" /><testcase classname="tests.test_track_18_12c_transportation_role_permissions" name="test_endpoint_uses_dispatch_or_admin_gate[transportation_orientation.py-@router.get(&quot;/admin/transportation/orientation/certificates&quot;-ops_guard]" time="0.000" /><testcase classname="tests.test_track_18_12c_transportation_role_permissions" name="test_endpoint_uses_dispatch_or_admin_gate[transportation_automation.py-&quot;/admin/transportation/automation/actions&quot;)-require_dispatch_or_admin_dep]" time="0.000" /><testcase classname="tests.test_track_18_12c_transportation_role_permissions" name="test_endpoint_uses_dispatch_or_admin_gate[transportation_automation.py-&quot;/admin/transportation/automation/forecast&quot;-require_dispatch_or_admin_dep]" time="0.000" /><testcase classname="tests.test_track_18_12c_transportation_role_permissions" name="test_endpoint_uses_dispatch_or_admin_gate[transportation_intelligence.py-&quot;/cleanup-signals&quot;)-ops_guard]" time="0.000" /><testcase classname="tests.test_track_18_12c_transportation_role_permissions" name="test_endpoint_uses_dispatch_or_admin_gate[transportation_intelligence.py-&quot;/cleanup-signals/{signal_key}&quot;)-ops_guard]" time="0.000" /><testcase classname="tests.test_track_18_12c_transportation_role_permissions" name="test_endpoint_remains_admin_strict[transportation_experience.py-&quot;/admin/transportation/audit-timeline&quot;]" time="0.000" /><testcase classname="tests.test_track_18_12c_transportation_role_permissions" name="test_endpoint_remains_admin_strict[transportation_intelligence.py-&quot;/cleanup-signals/{signal_key}/materialize-actions&quot;]" time="0.000" /><testcase classname="tests.test_track_18_12c_transportation_role_permissions" name="test_endpoint_remains_admin_strict[transportation_intelligence.py-&quot;/dashboard&quot;]" time="0.000" /><testcase classname="tests.test_track_18_12c_transportation_role_permissions" name="test_endpoint_remains_admin_strict[transportation_intelligence.py-&quot;/recommendations&quot;]" time="0.000" /><testcase classname="tests.test_track_18_12c_transportation_role_permissions" name="test_endpoint_remains_admin_strict[transportation_intelligence.py-&quot;/predictions&quot;]" time="0.000" /><testcase classname="tests.test_track_18_12c_transportation_role_permissions" name="test_endpoint_remains_admin_strict[transportation_intelligence.py-&quot;/dispatch-learning&quot;]" time="0.000" /><testcase classname="tests.test_track_18_12c_transportation_role_permissions" name="test_server_wires_experience_dispatch_gate" time="0.001" /><testcase classname="tests.test_track_18_12c_transportation_role_permissions" name="test_server_wires_orientation_dispatch_gate" time="0.001" /><testcase classname="tests.test_track_18_12c_transportation_role_permissions" name="test_server_wires_intelligence_dispatch_gate" time="0.001" /><testcase classname="tests.test_track_18_12c_transportation_role_permissions" name="test_tx_headers_sends_both_tokens" time="0.000" /><testcase classname="tests.test_track_18_12c_transportation_role_permissions" name="test_tx_get_routes_through_tx_headers" time="0.000" /><testcase classname="tests.test_track_18_12c_transportation_role_permissions" name="test_visible_nav_groups_hides_admin_governance_for_dispatch" time="0.000" /><testcase classname="tests.test_track_18_12c_transportation_role_permissions" name="test_command_queue_hides_admin_sub_tabs_from_dispatch" time="0.000" /><testcase classname="tests.test_track_18_12c_transportation_role_permissions" name="test_orientation_hides_admin_sub_tabs_from_dispatch" time="0.000" /><testcase classname="tests.test_track_18_12c_transportation_role_permissions" name="test_admin_transportation_routes_still_mounted" time="0.000" /><testcase classname="tests.test_track_18_12c_transportation_role_permissions" name="test_carrier_write_endpoints_opened_to_dispatch_or_admin_track_19_00" time="0.000" /><testcase classname="tests.test_track_18_12c_transportation_role_permissions" name="test_truck_write_endpoints_remain_admin_strict" time="0.000" /><testcase classname="tests.test_track_18_12c_transportation_role_permissions" name="test_no_new_collections" time="0.001" /><testcase classname="tests.test_track_18_12c_transportation_role_permissions" name="test_mission_control_workspace_strip_intact" time="0.000" /><testcase classname="tests.test_track_19_00_transportation_driver_carrier_foundation" name="test_required_docs_exist[TRACK_19_00_TRANSPORTATION_DRIVER_CARRIER_FOUNDATION.md]" time="0.000" /><testcase classname="tests.test_track_19_00_transportation_driver_carrier_foundation" name="test_required_docs_exist[TRACK_19_00_HR_DRIVER_MODEL_AUDIT.md]" time="0.000" /><testcase classname="tests.test_track_19_00_transportation_driver_carrier_foundation" name="test_required_docs_exist[TRACK_19_00_TRANSPORTATION_DRIVER_MODEL_AUDIT.md]" time="0.000" /><testcase classname="tests.test_track_19_00_transportation_driver_carrier_foundation" name="test_required_docs_exist[TRACK_19_00_CARRIER_MODEL_AUDIT.md]" time="0.000" /><testcase classname="tests.test_track_19_00_transportation_driver_carrier_foundation" name="test_required_docs_exist[TRANSPORTATION_DRIVER_CLASSIFICATION_STANDARD.md]" time="0.000" /><testcase classname="tests.test_track_19_00_transportation_driver_carrier_foundation" name="test_required_docs_exist[TRANSPORTATION_DRIVER_CARRIER_PERMISSION_MATRIX.md]" time="0.000" /><testcase classname="tests.test_track_19_00_transportation_driver_carrier_foundation" name="test_required_docs_exist[TRANSPORTATION_DRIVER_CARRIER_BACKFILL_PLAN.md]" time="0.000" /><testcase classname="tests.test_track_19_00_transportation_driver_carrier_foundation" name="test_eligible_hr_cdl_drivers_accepts_dispatch_token" time="0.883" /><testcase classname="tests.test_track_19_00_transportation_driver_carrier_foundation" name="test_eligible_hr_cdl_drivers_excludes_already_linked" time="0.257" /><testcase classname="tests.test_track_19_00_transportation_driver_carrier_foundation" name="test_eligible_hr_cdl_drivers_accepts_admin_token" time="0.260" /><testcase classname="tests.test_track_19_00_transportation_driver_carrier_foundation" name="test_link_from_hr_rejects_unknown_employee" time="0.275" /><testcase classname="tests.test_track_19_00_transportation_driver_carrier_foundation" name="test_link_from_hr_idempotent_and_succeeds" time="0.833" /><testcase classname="tests.test_track_19_00_transportation_driver_carrier_foundation" name="test_dispatch_can_create_carrier" time="0.350" /><testcase classname="tests.test_track_19_00_transportation_driver_carrier_foundation" name="test_dispatch_can_patch_carrier" time="0.351" /><testcase classname="tests.test_track_19_00_transportation_driver_carrier_foundation" name="test_anonymous_blocked_on_link_from_hr" time="0.125" /><testcase classname="tests.test_track_19_00_transportation_driver_carrier_foundation" name="test_anonymous_blocked_on_carrier_create" time="0.109" /><testcase classname="tests.test_track_19_00_transportation_driver_carrier_foundation" name="test_link_from_hr_enforces_cdl_holder_in_source" time="0.000" /><testcase classname="tests.test_track_19_00_transportation_driver_carrier_foundation" name="test_classification_doc_distinguishes_cdl_vs_non_cdl" time="0.000" /><testcase classname="tests.test_track_19_00_transportation_driver_carrier_foundation" name="test_backfill_script_exists_and_default_dry_run" time="0.000" /><testcase classname="tests.test_track_19_00_transportation_driver_carrier_foundation" name="test_backfill_script_not_wired_to_boot" time="0.001" /><testcase classname="tests.test_track_19_00_transportation_driver_carrier_foundation" name="test_frontend_modals_file_exists" time="0.000" /><testcase classname="tests.test_track_19_00_transportation_driver_carrier_foundation" name="test_drivers_and_carriers_lists_render_track_19_ctas" time="0.000" /><testcase classname="tests.test_track_19_01_transportation_academy" name="test_required_docs_exist[TRACK_19_01_LEGACY_22_MODULE_AUDIT.md]" time="0.000" /><testcase classname="tests.test_track_19_01_transportation_academy" name="test_required_docs_exist[TRACK_19_01_TRANSPORTATION_ORIENTATION_VIDEO_INTEGRATION.md]" time="0.000" /><testcase classname="tests.test_track_19_01_transportation_academy" name="test_required_docs_exist[TRACK_19_01A_TRANSPORTATION_ACADEMY_CURRICULUM.md]" time="0.000" /><testcase classname="tests.test_track_19_01_transportation_academy" name="test_required_docs_exist[TRANSPORTATION_ACADEMY_CURRICULUM_STRUCTURE.md]" time="0.000" /><testcase classname="tests.test_track_19_01_transportation_academy" name="test_required_docs_exist[TRANSPORTATION_ACADEMY_MODULE_STANDARD.md]" time="0.000" /><testcase classname="tests.test_track_19_01_transportation_academy" name="test_required_docs_exist[TRANSPORTATION_ACADEMY_PLACEHOLDER_ARCHITECTURE.md]" time="0.000" /><testcase classname="tests.test_track_19_01_transportation_academy" name="test_required_docs_exist[TRANSPORTATION_ACADEMY_TEST_REPORT.md]" time="0.000" /><testcase classname="tests.test_track_19_01_transportation_academy" name="test_academy_endpoint_returns_eleven_modules" time="0.863" /><testcase classname="tests.test_track_19_01_transportation_academy" name="test_academy_ordered_1_to_11" time="0.000" /><testcase classname="tests.test_track_19_01_transportation_academy" name="test_module_1_and_2_published_with_video" time="0.000" /><testcase classname="tests.test_track_19_01_transportation_academy" name="test_modules_3_to_11_in_development_with_metadata" time="0.000" /><testcase classname="tests.test_track_19_01_transportation_academy" name="test_module_4_and_11_are_new_keys" time="0.000" /><testcase classname="tests.test_track_19_01_transportation_academy" name="test_retired_legacy_keys_hidden_from_academy" time="0.000" /><testcase classname="tests.test_track_19_01_transportation_academy" name="test_bootstrap_function_exists" time="0.000" /><testcase classname="tests.test_track_19_01_transportation_academy" name="test_bootstrap_is_idempotent_skip" time="0.000" /><testcase classname="tests.test_track_19_01_transportation_academy" name="test_academy_endpoint_is_wired" time="0.000" /><testcase classname="tests.test_track_19_01_transportation_academy" name="test_video_player_uses_video_url" time="0.000" /><testcase classname="tests.test_track_19_01_transportation_academy" name="test_frontend_academy_page_exists" time="0.000" /><testcase classname="tests.test_track_19_01_transportation_academy" name="test_routes_wired_in_transportation_app" time="0.000" /><testcase classname="tests.test_track_19_01_transportation_academy" name="test_sidebar_entry_exists" time="0.000" /><testcase classname="tests.test_track_19_01_transportation_academy" name="test_existing_welcome_to_masci_assignments_preserved" time="0.000" /><testcase classname="tests.test_track_19_02_transportation_fleet_projection" name="test_fleet_projection_returns_masci_and_leased" time="0.953" /><testcase classname="tests.test_track_19_02_transportation_fleet_projection" name="test_fleet_projection_category_filter" time="0.271" /><testcase classname="tests.test_track_19_02_transportation_fleet_projection" name="test_fleet_projection_ownership_filter_leased" time="0.288" /><testcase classname="tests.test_track_19_02_transportation_fleet_projection" name="test_fleet_projection_search_q" time="0.258" /><testcase classname="tests.test_track_19_02_transportation_fleet_projection" name="test_fleet_projection_dispatch_can_read" time="0.271" /><testcase classname="tests.test_track_19_02_transportation_fleet_projection" name="test_fleet_projection_anon_rejected" time="0.128" /><testcase classname="tests.test_track_19_02_transportation_fleet_projection" name="test_fleet_adopt_is_admin_only" time="0.468" /><testcase classname="tests.test_track_19_02_transportation_fleet_projection" name="test_fleet_adopt_admin_and_idempotent" time="1.793" /><testcase classname="tests.test_track_19_02_transportation_fleet_projection" name="test_fleet_adopt_rejects_non_transport_category" time="0.560" /><testcase classname="tests.test_track_19_02_transportation_fleet_projection" name="test_version_exposes_real_commit_and_built_at" time="0.121" /><testcase classname="tests.test_track_19_02_transportation_fleet_projection" name="test_orientation_dashboard_fast" time="0.495" /></testsuite></testsuites>