<?xml version="1.0" encoding="utf-8"?><testsuites name="pytest tests"><testsuite name="pytest" errors="0" failures="0" skipped="0" tests="110" time="0.179" timestamp="2026-06-27T22:14:31.618232+00:00" hostname="agent-env-048a8fa0-4afe-49ee-81b3-30f0d0fa8b74"><testcase classname="tests.test_track_16_04_transportation_foundation" name="test_1_carrier_status_constants" time="0.001" /><testcase classname="tests.test_track_16_04_transportation_foundation" name="test_2_person_kinds_supported" time="0.000" /><testcase classname="tests.test_track_16_04_transportation_foundation" name="test_3_masci_employee_requires_employee_id" time="0.000" /><testcase classname="tests.test_track_16_04_transportation_foundation" name="test_4_leased_driver_requires_carrier_id" time="0.000" /><testcase classname="tests.test_track_16_04_transportation_foundation" name="test_5_duplicate_employee_driver_prevented" time="0.000" /><testcase classname="tests.test_track_16_04_transportation_foundation" name="test_6_duplicate_leased_license_prevented" time="0.000" /><testcase classname="tests.test_track_16_04_transportation_foundation" name="test_7_truck_ownership_supports_masci_and_leased" time="0.000" /><testcase classname="tests.test_track_16_04_transportation_foundation" name="test_8_leased_truck_requires_carrier_id" time="0.000" /><testcase classname="tests.test_track_16_04_transportation_foundation" name="test_9_masci_owned_truck_links_equipment_id" time="0.000" /><testcase classname="tests.test_track_16_04_transportation_foundation" name="test_10_new_record_defaults_pending_review" time="0.000" /><testcase classname="tests.test_track_16_04_transportation_foundation" name="test_11_safety_hold_and_suspended" time="0.000" /><testcase classname="tests.test_track_16_04_transportation_foundation" name="test_12_masci_employee_hr_inactive_forces_not_dispatchable" time="0.000" /><testcase classname="tests.test_track_16_04_transportation_foundation" name="test_13_admin_routes_require_admin_strict" time="0.002" /><testcase classname="tests.test_track_16_04_transportation_foundation" name="test_14_dispatch_routes_require_dispatch_or_admin" time="0.002" /><testcase classname="tests.test_track_16_04_transportation_foundation" name="test_15_no_public_transport_routes" time="0.000" /><testcase classname="tests.test_track_16_04_transportation_foundation" name="test_16_audit_writes_on_create_update" time="0.000" /><testcase classname="tests.test_track_16_04_transportation_foundation" name="test_17_route_wired_into_server" time="0.001" /><testcase classname="tests.test_track_16_04_transportation_foundation" name="test_18_admin_transportation_route_exists" time="0.000" /><testcase classname="tests.test_track_16_04_transportation_foundation" name="test_19_no_forbidden_status_language" time="0.000" /><testcase classname="tests.test_track_16_04_transportation_foundation" name="test_20_no_forgedops_academy_in_track_16_04_artefacts" time="0.001" /><testcase classname="tests.test_track_16_04_transportation_foundation" name="test_21_no_duplicate_storage_engine" time="0.000" /><testcase classname="tests.test_track_16_04_transportation_foundation" name="test_22_deployment_gate_includes_this_file" time="0.000" /><testcase classname="tests.test_track_16_04_transportation_foundation" name="test_identity_resolver_async_callables" time="0.000" /><testcase classname="tests.test_track_16_04_transportation_foundation" name="test_identity_resolver_no_license_returns_none" time="0.000" /><testcase classname="tests.test_track_16_05_transportation_onboarding_compliance_center" name="test_1_default_rate_is_85_dollars_per_hour" time="0.000" /><testcase classname="tests.test_track_16_05_transportation_onboarding_compliance_center" name="test_2_only_versioned_rate_change_path" time="0.000" /><testcase classname="tests.test_track_16_05_transportation_onboarding_compliance_center" name="test_3_activate_retires_other_active" time="0.000" /><testcase classname="tests.test_track_16_05_transportation_onboarding_compliance_center" name="test_4_packet_locks_rate_schedule_id_at_creation" time="0.000" /><testcase classname="tests.test_track_16_05_transportation_onboarding_compliance_center" name="test_5_packet_preserves_masci_payment_increment_language" time="0.000" /><testcase classname="tests.test_track_16_05_transportation_onboarding_compliance_center" name="test_6_required_carrier_document_types_exist" time="0.000" /><testcase classname="tests.test_track_16_05_transportation_onboarding_compliance_center" name="test_7_required_driver_document_types_include_cdl_medical_clearinghouse" time="0.000" /><testcase classname="tests.test_track_16_05_transportation_onboarding_compliance_center" name="test_8_requirements_catalog_includes_masci_packet_baseline" time="0.000" /><testcase classname="tests.test_track_16_05_transportation_onboarding_compliance_center" name="test_9_document_upload_stores_r2_key_not_bytes" time="0.000" /><testcase classname="tests.test_track_16_05_transportation_onboarding_compliance_center" name="test_10_document_review_supports_required_statuses" time="0.000" /><testcase classname="tests.test_track_16_05_transportation_onboarding_compliance_center" name="test_11_packet_status_transitions_are_valid" time="0.000" /><testcase classname="tests.test_track_16_05_transportation_onboarding_compliance_center" name="test_12_packet_cannot_approve_with_missing_required_docs" time="0.000" /><testcase classname="tests.test_track_16_05_transportation_onboarding_compliance_center" name="test_13_packet_cannot_approve_without_rate_acknowledgement" time="0.000" /><testcase classname="tests.test_track_16_05_transportation_onboarding_compliance_center" name="test_14_packet_cannot_approve_with_expired_required_docs" time="0.000" /><testcase classname="tests.test_track_16_05_transportation_onboarding_compliance_center" name="test_15_eligibility_blocks_needs_correction_docs" time="0.000" /><testcase classname="tests.test_track_16_05_transportation_onboarding_compliance_center" name="test_16_eligibility_blocks_expired_docs" time="0.000" /><testcase classname="tests.test_track_16_05_transportation_onboarding_compliance_center" name="test_17_eligibility_blocks_missing_clearinghouse_when_required" time="0.000" /><testcase classname="tests.test_track_16_05_transportation_onboarding_compliance_center" name="test_18_audit_rows_written_for_packet_rate_doc_events" time="0.000" /><testcase classname="tests.test_track_16_05_transportation_onboarding_compliance_center" name="test_19_rbac_admin_required_for_writes" time="0.000" /><testcase classname="tests.test_track_16_05_transportation_onboarding_compliance_center" name="test_20_dispatch_routes_are_read_only" time="0.000" /><testcase classname="tests.test_track_16_05_transportation_onboarding_compliance_center" name="test_21_no_public_invite_route" time="0.000" /><testcase classname="tests.test_track_16_05_transportation_onboarding_compliance_center" name="test_22_status_language_avoids_punitive_terms" time="0.001" /><testcase classname="tests.test_track_16_05_transportation_onboarding_compliance_center" name="test_23_no_forgedops_academy_references" time="0.001" /><testcase classname="tests.test_track_16_05_transportation_onboarding_compliance_center" name="test_24_track_16_04_tests_still_present" time="0.000" /><testcase classname="tests.test_track_16_05_transportation_onboarding_compliance_center" name="test_25_deployment_gate_includes_16_05" time="0.000" /><testcase classname="tests.test_track_16_05_transportation_onboarding_compliance_center" name="test_26_inspection_collection_exists" time="0.000" /><testcase classname="tests.test_track_16_05_transportation_onboarding_compliance_center" name="test_27_inspection_explicitly_not_dot_inspection" time="0.000" /><testcase classname="tests.test_track_16_05_transportation_onboarding_compliance_center" name="test_28_inspection_checklist_has_all_required_categories" time="0.000" /><testcase classname="tests.test_track_16_05_transportation_onboarding_compliance_center" name="test_29_required_truck_exterior_items_exist" time="0.000" /><testcase classname="tests.test_track_16_05_transportation_onboarding_compliance_center" name="test_30_required_lights_warning_items_exist" time="0.000" /><testcase classname="tests.test_track_16_05_transportation_onboarding_compliance_center" name="test_31_required_marking_items_exist" time="0.000" /><testcase classname="tests.test_track_16_05_transportation_onboarding_compliance_center" name="test_32_required_ppe_items_exist" time="0.000" /><testcase classname="tests.test_track_16_05_transportation_onboarding_compliance_center" name="test_33_result_statuses_use_canonical_set" time="0.000" /><testcase classname="tests.test_track_16_05_transportation_onboarding_compliance_center" name="test_34_item_statuses_use_canonical_set" time="0.000" /><testcase classname="tests.test_track_16_05_transportation_onboarding_compliance_center" name="test_35_forbidden_inspection_words_absent" time="0.001" /><testcase classname="tests.test_track_16_05_transportation_onboarding_compliance_center" name="test_36_photo_evidence_stored_as_r2_keys" time="0.000" /><testcase classname="tests.test_track_16_05_transportation_onboarding_compliance_center" name="test_37_leased_truck_blocked_without_inspection" time="0.000" /><testcase classname="tests.test_track_16_05_transportation_onboarding_compliance_center" name="test_38_leased_truck_blocked_by_expired_inspection" time="0.000" /><testcase classname="tests.test_track_16_05_transportation_onboarding_compliance_center" name="test_39_leased_truck_blocked_by_unresolved_critical_correction" time="0.000" /><testcase classname="tests.test_track_16_05_transportation_onboarding_compliance_center" name="test_40_driver_ppe_issue_blocks_driver" time="0.000" /><testcase classname="tests.test_track_16_05_transportation_onboarding_compliance_center" name="test_41_admin_only_for_inspection_writes" time="0.000" /><testcase classname="tests.test_track_16_05_transportation_onboarding_compliance_center" name="test_42_dispatch_readiness_route_is_read_only" time="0.000" /><testcase classname="tests.test_track_16_05_transportation_onboarding_compliance_center" name="test_43_inspection_lifecycle_audit_kinds_present" time="0.000" /><testcase classname="tests.test_track_16_05_transportation_onboarding_compliance_center" name="test_44_inspection_disclaimer_preserved_in_records" time="0.000" /><testcase classname="tests.test_track_16_05_transportation_onboarding_compliance_center" name="test_45_no_claim_replaces_dot_fmcsa" time="0.000" /><testcase classname="tests.test_track_16_05_transportation_onboarding_compliance_center" name="test_46_inspection_triggers_cover_required_set" time="0.000" /><testcase classname="tests.test_track_16_05_transportation_onboarding_compliance_center" name="test_47_annual_default_is_12_months_configurable" time="0.000" /><testcase classname="tests.test_track_16_05_transportation_onboarding_compliance_center" name="test_48_dashboard_endpoint_exposes_due_and_overdue" time="0.000" /><testcase classname="tests.test_track_16_05_transportation_onboarding_compliance_center" name="test_49_bootstrap_function_exists_and_is_idempotent" time="0.000" /><testcase classname="tests.test_track_16_05_transportation_onboarding_compliance_center" name="test_50_admin_transportation_page_has_phase1_tabs" time="0.000" /><testcase classname="tests.test_track_16_06_transportation_experience_layer" name="test_1_dashboard_endpoint_exists" time="0.000" /><testcase classname="tests.test_track_16_06_transportation_experience_layer" name="test_2_document_queue_endpoint_exists" time="0.000" /><testcase classname="tests.test_track_16_06_transportation_experience_layer" name="test_3_inspection_queue_endpoint_exists" time="0.000" /><testcase classname="tests.test_track_16_06_transportation_experience_layer" name="test_4_audit_timeline_endpoint_exists" time="0.000" /><testcase classname="tests.test_track_16_06_transportation_experience_layer" name="test_5_workspace_endpoints_exist" time="0.000" /><testcase classname="tests.test_track_16_06_transportation_experience_layer" name="test_6_all_experience_routes_are_admin_strict" time="0.000" /><testcase classname="tests.test_track_16_06_transportation_experience_layer" name="test_7_no_new_audit_system" time="0.000" /><testcase classname="tests.test_track_16_06_transportation_experience_layer" name="test_8_no_duplicate_identity_or_storage" time="0.000" /><testcase classname="tests.test_track_16_06_transportation_experience_layer" name="test_9_no_new_storage_or_upload" time="0.000" /><testcase classname="tests.test_track_16_06_transportation_experience_layer" name="test_10_register_wired_into_server" time="0.002" /><testcase classname="tests.test_track_16_06_transportation_experience_layer" name="test_11_no_public_route_introduced" time="0.000" /><testcase classname="tests.test_track_16_06_transportation_experience_layer" name="test_12_transportation_app_router_exists" time="0.000" /><testcase classname="tests.test_track_16_06_transportation_experience_layer" name="test_13_left_navigation_has_required_sections" time="0.000" /><testcase classname="tests.test_track_16_06_transportation_experience_layer" name="test_14_dashboard_tiles_present" time="0.000" /><testcase classname="tests.test_track_16_06_transportation_experience_layer" name="test_15_carrier_workspace_has_required_sections" time="0.000" /><testcase classname="tests.test_track_16_06_transportation_experience_layer" name="test_16_driver_workspace_renders" time="0.000" /><testcase classname="tests.test_track_16_06_transportation_experience_layer" name="test_17_truck_workspace_renders" time="0.000" /><testcase classname="tests.test_track_16_06_transportation_experience_layer" name="test_18_compliance_dashboard_has_three_columns" time="0.000" /><testcase classname="tests.test_track_16_06_transportation_experience_layer" name="test_19_document_center_renders" time="0.000" /><testcase classname="tests.test_track_16_06_transportation_experience_layer" name="test_20_inspection_center_includes_disclaimer" time="0.000" /><testcase classname="tests.test_track_16_06_transportation_experience_layer" name="test_21_rate_schedule_center_renders" time="0.000" /><testcase classname="tests.test_track_16_06_transportation_experience_layer" name="test_22_audit_timeline_renders" time="0.000" /><testcase classname="tests.test_track_16_06_transportation_experience_layer" name="test_23_no_dead_buttons_use_coming_soon" time="0.000" /><testcase classname="tests.test_track_16_06_transportation_experience_layer" name="test_24_old_admin_transportation_is_reexport" time="0.000" /><testcase classname="tests.test_track_16_06_transportation_experience_layer" name="test_25_app_js_route_mounts_splat" time="0.000" /><testcase classname="tests.test_track_16_06_transportation_experience_layer" name="test_26_track_16_04_tests_still_exist" time="0.000" /><testcase classname="tests.test_track_16_06_transportation_experience_layer" name="test_27_track_16_05_tests_still_exist" time="0.000" /><testcase classname="tests.test_track_16_06_transportation_experience_layer" name="test_28_phase_1_endpoints_still_registered" time="0.001" /><testcase classname="tests.test_track_16_06_transportation_experience_layer" name="test_29_phase_2_endpoints_still_registered" time="0.001" /><testcase classname="tests.test_track_16_06_transportation_experience_layer" name="test_30_deployment_gate_includes_16_06" time="0.000" /><testcase classname="tests.test_track_16_06_transportation_experience_layer" name="test_31_no_forgedops_academy_references" time="0.001" /><testcase classname="tests.test_track_16_06_transportation_experience_layer" name="test_32_no_forbidden_status_language" time="0.001" /><testcase classname="tests.test_track_16_06_transportation_experience_layer" name="test_33_responsive_grid_classes_used" time="0.000" /><testcase classname="tests.test_track_16_06_transportation_experience_layer" name="test_34_chip_component_is_single_source_of_truth" time="0.000" /><testcase classname="tests.test_track_16_06_transportation_experience_layer" name="test_35_dispatch_endpoints_unchanged_in_experience_layer" time="0.000" /><testcase classname="tests.test_track_16_06_transportation_experience_layer" name="test_36_experience_layer_registers_before_phase2_to_avoid_path_shadow" time="0.002" /></testsuite></testsuites>