<?xml version="1.0" encoding="utf-8"?><testsuites name="pytest tests"><testsuite name="pytest" errors="0" failures="1" skipped="0" tests="1502" time="243.796" timestamp="2026-06-28T19:03:18.286492+00:00" hostname="agent-env-048a8fa0-4afe-49ee-81b3-30f0d0fa8b74"><testcase classname="tests.test_track_15_76_trust_spine" name="test_emit_stage_writes_event" time="0.485" /><testcase classname="tests.test_track_15_76_trust_spine" name="test_emit_stage_rejects_unknown_stage_and_status" time="0.334" /><testcase classname="tests.test_track_15_76_trust_spine" name="test_trust_spine_endpoint_no_activity_is_amber_not_green" time="1.437" /><testcase classname="tests.test_track_15_76_trust_spine" name="test_trust_spine_endpoint_failure_event_flips_red" time="1.367" /><testcase classname="tests.test_track_15_76_trust_spine" name="test_admin_endpoint_requires_auth" time="0.108" /><testcase classname="tests.test_track_15_76_trust_spine_extended" name="test_record_helpers_thread_correlation_id" time="0.418" /><testcase classname="tests.test_track_15_76_trust_spine_extended" name="test_missing_expected_stage_is_amber_not_green" time="1.352" /><testcase classname="tests.test_track_15_76_trust_spine_extended" name="test_drilldown_endpoint_returns_recent_events" time="0.471" /><testcase classname="tests.test_track_15_76_trust_spine_extended" name="test_every_declared_workflow_is_in_dashboard" time="1.306" /><testcase classname="tests.test_track_15_76_trust_spine_extended" name="test_universal_dispatcher_threads_cid_for_audit_written" time="0.004" /><testcase classname="tests.test_track_15_76_email_render_wl_regression" name="test_render_email_html_does_not_raise[daily-report]" time="0.363" /><testcase classname="tests.test_track_15_76_email_render_wl_regression" name="test_render_email_html_does_not_raise[meeting]" time="0.005" /><testcase classname="tests.test_track_15_76_email_render_wl_regression" name="test_render_email_html_does_not_raise[inspection]" time="0.004" /><testcase classname="tests.test_track_15_76_email_render_wl_regression" name="test_render_email_html_does_not_raise[incident]" time="0.004" /><testcase classname="tests.test_track_15_76_email_render_wl_regression" name="test_render_email_html_does_not_raise[jha]" time="0.004" /><testcase classname="tests.test_track_15_76_email_render_wl_regression" name="test_render_email_html_does_not_raise[qaqc]" time="0.005" /><testcase classname="tests.test_track_15_76_email_render_wl_regression" name="test_render_email_html_does_not_raise[equipment-inspection]" time="0.005" /><testcase classname="tests.test_track_15_76_email_render_wl_regression" name="test_render_email_html_does_not_raise[dvir]" time="0.004" /><testcase classname="tests.test_track_15_76_email_render_wl_regression" name="test_render_email_html_severe_note_path" time="0.008" /><testcase classname="tests.test_track_15_76a_operations_trust_center" name="test_trust_score_capped_by_red_workflow" time="0.001" /><testcase classname="tests.test_track_15_76a_operations_trust_center" name="test_trust_score_not_100_with_amber" time="0.000" /><testcase classname="tests.test_track_15_76a_operations_trust_center" name="test_idle_workflow_reduces_confidence" time="0.000" /><testcase classname="tests.test_track_15_76a_operations_trust_center" name="test_unknown_audit_caps_score" time="0.000" /><testcase classname="tests.test_track_15_76a_operations_trust_center" name="test_master_data_red_drops_score" time="0.000" /><testcase classname="tests.test_track_15_76a_operations_trust_center" name="test_red_alert_fires_once_on_transition" time="0.425" /><testcase classname="tests.test_track_15_76a_operations_trust_center" name="test_red_alert_cooldown_suppresses_repeat" time="0.484" /><testcase classname="tests.test_track_15_76a_operations_trust_center" name="test_humanize_attaches_operator_copy" time="0.001" /><testcase classname="tests.test_track_15_76a_operations_trust_center" name="test_payload_contains_no_secrets" time="3.076" /><testcase classname="tests.test_track_15_76a_operations_trust_center" name="test_anonymous_access_denied" time="0.092" /><testcase classname="tests.test_track_15_76b_finalization" name="test_categorized_score_has_seven_subsystems" time="0.000" /><testcase classname="tests.test_track_15_76b_finalization" name="test_failing_category_caps_overall_score" time="0.000" /><testcase classname="tests.test_track_15_76b_finalization" name="test_findings_carry_severity" time="1.303" /><testcase classname="tests.test_track_15_76b_finalization" name="test_operator_actions_sorted_with_remediation_links" time="0.000" /><testcase classname="tests.test_track_15_76b_finalization" name="test_executive_narrative_is_human_readable" time="0.000" /><testcase classname="tests.test_track_15_76b_finalization" name="test_trend_snapshots_persist_and_read" time="0.415" /><testcase classname="tests.test_track_15_76b_finalization" name="test_eta_uses_critical_actions_only" time="0.000" /><testcase classname="tests.test_track_15_77_production_lock" name="test_gate_1_workflow_lifecycle_contracts_present" time="0.000" /><testcase classname="tests.test_track_15_77_production_lock" name="test_gate_2_dispatcher_threads_cid" time="0.002" /><testcase classname="tests.test_track_15_77_production_lock" name="test_gate_3_render_email_html_does_not_raise[daily-report]" time="0.003" /><testcase classname="tests.test_track_15_77_production_lock" name="test_gate_3_render_email_html_does_not_raise[meeting]" time="0.002" /><testcase classname="tests.test_track_15_77_production_lock" name="test_gate_3_render_email_html_does_not_raise[inspection]" time="0.002" /><testcase classname="tests.test_track_15_77_production_lock" name="test_gate_3_render_email_html_does_not_raise[incident]" time="0.002" /><testcase classname="tests.test_track_15_77_production_lock" name="test_gate_3_render_email_html_does_not_raise[jha]" time="0.002" /><testcase classname="tests.test_track_15_77_production_lock" name="test_gate_3_render_email_html_does_not_raise[qaqc]" time="0.002" /><testcase classname="tests.test_track_15_77_production_lock" name="test_gate_3_render_email_html_does_not_raise[equipment-inspection]" time="0.002" /><testcase classname="tests.test_track_15_77_production_lock" name="test_gate_3_render_email_html_does_not_raise[dvir]" time="0.002" /><testcase classname="tests.test_track_15_77_production_lock" name="test_gate_4_pm_routing_reads_project_team_assignments_first" time="0.000" /><testcase classname="tests.test_track_15_77_production_lock" name="test_gate_5_workflow_submit_emits_record_created[/app/backend/routes/daily_reports.py-daily-report]" time="0.000" /><testcase classname="tests.test_track_15_77_production_lock" name="test_gate_5_workflow_submit_emits_record_created[/app/backend/routes/safety.py-meeting]" time="0.000" /><testcase classname="tests.test_track_15_77_production_lock" name="test_gate_5_workflow_submit_emits_record_created[/app/backend/routes/safety.py-jha]" time="0.000" /><testcase classname="tests.test_track_15_77_production_lock" name="test_gate_5_workflow_submit_emits_record_created[/app/backend/routes/safety.py-incident]" time="0.000" /><testcase classname="tests.test_track_15_77_production_lock" name="test_gate_5_workflow_submit_emits_record_created[/app/backend/routes/safety.py-inspection]" time="0.000" /><testcase classname="tests.test_track_15_77_production_lock" name="test_gate_5_workflow_submit_emits_record_created[/app/backend/routes/qaqc.py-qaqc]" time="0.000" /><testcase classname="tests.test_track_15_77_production_lock" name="test_gate_5_workflow_submit_emits_record_created[/app/backend/routes/equipment.py-equipment-inspection]" time="0.000" /><testcase classname="tests.test_track_15_77_production_lock" name="test_gate_5_workflow_submit_emits_record_created[/app/backend/routes/employee_requests.py-hr-request]" time="0.000" /><testcase classname="tests.test_track_15_77_production_lock" name="test_gate_5_workflow_submit_emits_record_created[/app/backend/routes/dispatch_lifecycle.py-dispatch-assignment]" time="0.000" /><testcase classname="tests.test_track_15_77_production_lock" name="test_gate_5_workflow_submit_emits_record_created[/app/backend/routes/fleet_ops.py-shop-defect]" time="0.000" /><testcase classname="tests.test_track_15_77_production_lock" name="test_gate_6_no_fake_green" time="0.000" /><testcase classname="tests.test_track_15_77_production_lock" name="test_gate_7_red_alert_cooldown" time="0.471" /><testcase classname="tests.test_track_15_77_production_lock" name="test_gate_8_no_secret_leakage" time="2.811" /><testcase classname="tests.test_track_15_77_production_lock" name="test_gate_9_anonymous_access_blocked[/api/admin/trust-spine]" time="0.097" /><testcase classname="tests.test_track_15_77_production_lock" name="test_gate_9_anonymous_access_blocked[/api/admin/operations-trust-center]" time="0.069" /><testcase classname="tests.test_track_15_77_production_lock" name="test_gate_9_anonymous_access_blocked[/api/admin/platform-trust/validate]" time="0.069" /><testcase classname="tests.test_track_15_77_production_lock" name="test_gate_10_cross_page_workflow_count_consistency" time="3.691" /><testcase classname="tests.test_track_15_77_production_lock" name="test_gate_11_otc_band_count_self_consistency" time="2.748" /><testcase classname="tests.test_track_15_77_production_lock" name="test_gate_12_master_data_findings_actionable" time="1.403" /><testcase classname="tests.test_track_15_77_production_lock" name="test_gate_13_headline_eta_critical_only" time="0.000" /><testcase classname="tests.test_track_15_77_production_lock" name="test_gate_14_dispatcher_exception_emits_trust_spine_failure" time="0.001" /><testcase classname="tests.test_track_15_77_production_lock" name="test_gate_15_dispatcher_failure_carries_remediation" time="0.001" /><testcase classname="tests.test_track_15_78_deployment_gate" name="test_gate_endpoint_requires_admin" time="0.089" /><testcase classname="tests.test_track_15_78_deployment_gate" name="test_pm_missing_route_is_advisory" time="2.364" /><testcase classname="tests.test_track_15_78_deployment_gate" name="test_critical_route_missing_is_blocker" time="0.000" /><testcase classname="tests.test_track_15_78_deployment_gate" name="test_unknown_audit_triggers_blocker" time="2.481" /><testcase classname="tests.test_track_15_78_deployment_gate" name="test_decision_is_binary" time="2.465" /><testcase classname="tests.test_track_15_78_deployment_gate" name="test_cli_gate_returns_nonzero_on_fail" time="0.263" /><testcase classname="tests.test_track_15_78_deployment_gate" name="test_payload_json_serializable" time="2.425" /><testcase classname="tests.test_track_15_78_deployment_gate" name="test_regression_gate_count_reported" time="2.423" /><testcase classname="tests.test_track_15_79b_dr_forensics" name="test_endpoint_requires_admin" time="0.117" /><testcase classname="tests.test_track_15_79b_dr_forensics" name="test_payload_shape_summary" time="0.753" /><testcase classname="tests.test_track_15_79b_dr_forensics" name="test_limit_max_enforced" time="0.028" /><testcase classname="tests.test_track_15_79b_dr_forensics" name="test_roster_pm_resolves_via_canonical_query" time="1.412" /><testcase classname="tests.test_track_15_79b_dr_forensics" name="test_roster_copms_resolve" time="1.454" /><testcase classname="tests.test_track_15_79b_dr_forensics" name="test_role_name_mismatch_detected" time="1.342" /><testcase classname="tests.test_track_15_79b_dr_forensics" name="test_inactive_assignment_detected" time="1.265" /><testcase classname="tests.test_track_15_79b_dr_forensics" name="test_classifier_detects_missing_notification_stage" time="0.001" /><testcase classname="tests.test_track_15_79b_dr_forensics" name="test_classifier_provider_rejected" time="0.000" /><testcase classname="tests.test_track_15_79b_dr_forensics" name="test_no_secrets_leak_in_payload" time="0.760" /><testcase classname="tests.test_track_15_79b_dr_forensics" name="test_endpoint_performs_no_writes" time="1.472" /><testcase classname="tests.test_track_15_79b_dr_forensics" name="test_classifier_dead_letter_only" time="0.000" /><testcase classname="tests.test_track_15_79c_dispatch_task_retention" name="test_dispatch_retention_set_present_in_server_py" time="0.001" /><testcase classname="tests.test_track_15_79c_dispatch_task_retention" name="test_schedule_auto_email_retains_strong_reference" time="2.681" /><testcase classname="tests.test_track_15_79c_dispatch_task_retention" name="test_schedule_auto_email_handles_burst_without_loss" time="0.118" /><testcase classname="tests.test_track_15_79c_dispatch_task_retention" name="test_dispatch_retention_set_self_clears" time="0.101" /><testcase classname="tests.test_track_15_79c_dispatch_task_retention" name="test_schedule_auto_email_no_running_loop_is_silent" time="0.000" /><testcase classname="tests.test_track_15_79c_dispatch_task_retention" name="test_render_email_html_no_wl_regression" time="0.014" /><testcase classname="tests.test_track_15_79c_dispatch_task_retention" name="test_create_task_line_keeps_reference" time="0.002" /><testcase classname="tests.test_track_15_79e_production_certification" name="test_endpoint_requires_admin" time="0.086" /><testcase classname="tests.test_track_15_79e_production_certification" name="test_payload_shape" time="0.760" /><testcase classname="tests.test_track_15_79e_production_certification" name="test_status_verified_requires_completed_ok" time="1.010" /><testcase classname="tests.test_track_15_79e_production_certification" name="test_failed_never_auto_clears_without_new_ok" time="0.953" /><testcase classname="tests.test_track_15_79e_production_certification" name="test_subsequent_ok_flips_failed_to_verified" time="1.000" /><testcase classname="tests.test_track_15_79e_production_certification" name="test_not_yet_exercised_for_unused_workflow" time="0.743" /><testcase classname="tests.test_track_15_79e_production_certification" name="test_no_secrets_in_certification_payload" time="0.758" /><testcase classname="tests.test_track_15_79e_production_certification" name="test_platform_band_rules" time="0.766" /><testcase classname="tests.test_track_15_80_no_secrets_in_repo" name="test_no_high_entropy_secrets_in_tracked_files" time="9.887" /><testcase classname="tests.test_track_15_80_no_secrets_in_repo" name="test_sealed_secrets_file_not_tracked" time="0.004" /><testcase classname="tests.test_track_15_80_no_secrets_in_repo" name="test_gitignore_blocks_known_secret_patterns" time="0.000" /><testcase classname="tests.test_track_15_81_dispatch_map_portal" name="test_dispatch_portal_owned_map_route_exists" time="0.001" /><testcase classname="tests.test_track_15_81_dispatch_map_portal" name="test_admin_operations_map_route_still_admin_only" time="0.000" /><testcase classname="tests.test_track_15_81_dispatch_map_portal" name="test_dispatch_map_hero_has_no_admin_console_links" time="0.000" /><testcase classname="tests.test_track_15_81_dispatch_map_portal" name="test_dispatch_live_snapshot_has_no_admin_console_links" time="0.000" /><testcase classname="tests.test_track_15_81_dispatch_map_portal" name="test_no_dispatch_portal_component_links_to_admin_operations_map" time="0.003" /><testcase classname="tests.test_track_15_81_dispatch_map_portal" name="test_operations_map_snapshot_accepts_dispatch_token" time="1.231" /><testcase classname="tests.test_track_15_81_dispatch_map_portal" name="test_operations_map_timeline_accepts_dispatch_token" time="0.223" /><testcase classname="tests.test_track_15_81_dispatch_map_portal" name="test_operations_map_search_accepts_dispatch_token" time="0.243" /><testcase classname="tests.test_track_15_81_dispatch_map_portal" name="test_operations_map_anonymous_still_rejected" time="0.104" /><testcase classname="tests.test_track_15_82_dispatch_layout_rolloff" name="test_dispatch_map_route_uses_dispatch_wrapper" time="0.001" /><testcase classname="tests.test_track_15_82_dispatch_layout_rolloff" name="test_admin_operations_map_route_keeps_bare_page" time="0.000" /><testcase classname="tests.test_track_15_82_dispatch_layout_rolloff" name="test_dispatch_map_wrapper_has_back_to_hub_link" time="0.000" /><testcase classname="tests.test_track_15_82_dispatch_layout_rolloff" name="test_dispatch_map_wrapper_uses_dispatch_orange_breadcrumb" time="0.000" /><testcase classname="tests.test_track_15_82_dispatch_layout_rolloff" name="test_roll_off_truck_in_canonical_taxonomy" time="0.001" /><testcase classname="tests.test_track_15_82_dispatch_layout_rolloff" name="test_roll_off_legacy_crosswalk_category" time="0.000" /><testcase classname="tests.test_track_15_82_dispatch_layout_rolloff" name="test_roll_off_legacy_crosswalk_preop" time="0.000" /><testcase classname="tests.test_track_15_82_dispatch_layout_rolloff" name="test_normalize_asset_kind_collapses_roll_off_aliases" time="0.000" /><testcase classname="tests.test_track_15_82_dispatch_layout_rolloff" name="test_normalize_asset_kind_preserves_existing_behavior" time="0.000" /><testcase classname="tests.test_track_15_82_dispatch_layout_rolloff" name="test_operations_map_fleet_family_recognizes_roll_off" time="0.000" /><testcase classname="tests.test_track_15_82_dispatch_layout_rolloff" name="test_operations_map_existing_families_unchanged" time="0.000" /><testcase classname="tests.test_track_15_82_dispatch_layout_rolloff" name="test_roll_off_marker_resolves_to_dump_truck_sprite" time="0.000" /><testcase classname="tests.test_track_15_82_dispatch_layout_rolloff" name="test_roll_off_marker_does_not_steal_existing_sprites" time="0.000" /><testcase classname="tests.test_track_15_82b_dispatch_landing_rolloff_action" name="test_haul_types_includes_roll_off" time="0.000" /><testcase classname="tests.test_track_15_82b_dispatch_landing_rolloff_action" name="test_haul_types_preserves_existing_entries" time="0.000" /><testcase classname="tests.test_track_15_82b_dispatch_landing_rolloff_action" name="test_dispatch_daily_haul_counts_seeds_roll_off_slot" time="0.000" /><testcase classname="tests.test_track_15_82b_dispatch_landing_rolloff_action" name="test_dispatch_hub_renders_roll_off_action_button" time="0.000" /><testcase classname="tests.test_track_15_82b_dispatch_landing_rolloff_action" name="test_dispatch_hub_issue_grid_widens_for_five_actions" time="0.000" /><testcase classname="tests.test_track_15_82b_dispatch_landing_rolloff_action" name="test_dispatch_hub_preserves_existing_actions" time="0.000" /><testcase classname="tests.test_track_15_82b_dispatch_landing_rolloff_action" name="test_assignment_drawer_haul_type_picker_handles_roll_off" time="0.000" /><testcase classname="tests.test_track_15_83_production_excellence_lockup" name="test_ops_map_css_clamps_next_action_text" time="0.000" /><testcase classname="tests.test_track_15_83_production_excellence_lockup" name="test_ops_map_css_has_tablet_breakpoint_guardrail" time="0.000" /><testcase classname="tests.test_track_15_83_production_excellence_lockup" name="test_ops_map_css_owner_line_does_not_bleed" time="0.000" /><testcase classname="tests.test_track_15_83_production_excellence_lockup" name="test_transfer_visibility_module_exists" time="0.000" /><testcase classname="tests.test_track_15_83_production_excellence_lockup" name="test_admin_dispatch_uses_operator_visibility_filter" time="0.000" /><testcase classname="tests.test_track_15_83_production_excellence_lockup" name="test_transfer_visibility_filters_audit_2_project_pattern" time="0.000" /><testcase classname="tests.test_track_15_83_production_excellence_lockup" name="test_transfer_visibility_preserves_real_transfers" time="0.000" /><testcase classname="tests.test_track_15_83_production_excellence_lockup" name="test_track_15_82b_roll_off_tile_still_present_on_dispatch_hub" time="0.000" /><testcase classname="tests.test_track_15_83_production_excellence_lockup" name="test_track_15_81_admin_map_route_still_admin_only" time="0.000" /><testcase classname="tests.test_track_15_83b_production_excellence_sweep" name="test_transfer_visibility_module_exists" time="0.000" /><testcase classname="tests.test_track_15_83b_production_excellence_sweep" name="test_is_operator_visible_transfer_filters_audit_2_pattern" time="0.001" /><testcase classname="tests.test_track_15_83b_production_excellence_sweep" name="test_is_operator_visible_transfer_filters_reason_signals" time="0.000" /><testcase classname="tests.test_track_15_83b_production_excellence_sweep" name="test_is_operator_visible_transfer_filters_source_signals" time="0.000" /><testcase classname="tests.test_track_15_83b_production_excellence_sweep" name="test_is_operator_visible_transfer_filters_explicit_flags" time="0.000" /><testcase classname="tests.test_track_15_83b_production_excellence_sweep" name="test_is_operator_visible_transfer_preserves_real_records" time="0.000" /><testcase classname="tests.test_track_15_83b_production_excellence_sweep" name="test_filter_helper_returns_suppressed_count" time="0.000" /><testcase classname="tests.test_track_15_83b_production_excellence_sweep" name="test_operations_transfers_supports_audience_query" time="0.000" /><testcase classname="tests.test_track_15_83b_production_excellence_sweep" name="test_asset_transfers_supports_audience_query" time="0.000" /><testcase classname="tests.test_track_15_83b_production_excellence_sweep" name="test_dispatch_landing_does_not_show_admin_gated_copy" time="0.000" /><testcase classname="tests.test_track_15_83b_production_excellence_sweep" name="test_dispatch_landing_does_not_show_iter_label" time="0.000" /><testcase classname="tests.test_track_15_83b_production_excellence_sweep" name="test_dispatch_transfers_tab_uses_operator_audience" time="0.000" /><testcase classname="tests.test_track_15_83b_production_excellence_sweep" name="test_preview_routes_mounted_only_under_internal_namespace" time="0.001" /><testcase classname="tests.test_track_15_83b_production_excellence_sweep" name="test_admin_operations_map_route_still_admin_only" time="0.000" /><testcase classname="tests.test_track_15_83b_production_excellence_sweep" name="test_roll_off_tile_still_on_dispatch_hub" time="0.000" /><testcase classname="tests.test_track_15_83b_production_excellence_sweep" name="test_operations_transfers_default_returns_legacy_shape" time="0.882" /><testcase classname="tests.test_track_15_83b_production_excellence_sweep" name="test_operations_transfers_operator_audience_returns_envelope" time="0.278" /><testcase classname="tests.test_track_15_83b_production_excellence_sweep" name="test_asset_transfers_operator_audience_smoke" time="0.283" /><testcase classname="tests.test_track_15_84_forgedops_production_excellence_certification" name="test_admin_legacy_imports_no_iter_label" time="0.000" /><testcase classname="tests.test_track_15_84_forgedops_production_excellence_certification" name="test_admin_guide_no_iter_parity_label" time="0.000" /><testcase classname="tests.test_track_15_84_forgedops_production_excellence_certification" name="test_no_rendered_iter_labels_in_production_pages" time="0.044" /><testcase classname="tests.test_track_15_84_forgedops_production_excellence_certification" name="test_no_preview_route_outside_internal_namespace" time="0.000" /><testcase classname="tests.test_track_15_84_forgedops_production_excellence_certification" name="test_backend_transfer_visibility_helper_still_present" time="0.000" /><testcase classname="tests.test_track_15_84_forgedops_production_excellence_certification" name="test_dispatch_landing_no_admin_gated_copy" time="0.000" /><testcase classname="tests.test_track_15_84_forgedops_production_excellence_certification" name="test_roll_off_tile_still_present" time="0.000" /><testcase classname="tests.test_track_15_84_forgedops_production_excellence_certification" name="test_dispatch_map_route_still_under_dispatch_guard" time="0.000" /><testcase classname="tests.test_track_15_84_forgedops_production_excellence_certification" name="test_admin_operations_map_route_still_admin_only" time="0.000" /><testcase classname="tests.test_track_15_84_forgedops_production_excellence_certification" name="test_track_15_83_css_guardrails_still_active" time="0.000" /><testcase classname="tests.test_track_15_85_mandatory_full_platform_certification" name="test_safety_hub_component_exists" time="0.000" /><testcase classname="tests.test_track_15_85_mandatory_full_platform_certification" name="test_safety_login_no_dev_or_admin_wording_in_default_render" time="0.000" /><testcase classname="tests.test_track_15_85_mandatory_full_platform_certification" name="test_safety_portal_routes_mounted_under_safety_namespace" time="0.000" /><testcase classname="tests.test_track_15_85_mandatory_full_platform_certification" name="test_trench_safety_route_mounted" time="0.000" /><testcase classname="tests.test_track_15_85_mandatory_full_platform_certification" name="test_trench_safety_field_command_has_stop_work_authority_copy" time="0.004" /><testcase classname="tests.test_track_15_85_mandatory_full_platform_certification" name="test_dispatch_map_route_split_preserved" time="0.000" /><testcase classname="tests.test_track_15_85_mandatory_full_platform_certification" name="test_dispatch_landing_clean_of_scaffolding" time="0.000" /><testcase classname="tests.test_track_15_85_mandatory_full_platform_certification" name="test_admin_legacy_imports_no_iter_label_persisted" time="0.000" /><testcase classname="tests.test_track_15_85_mandatory_full_platform_certification" name="test_backend_transfer_visibility_helper_persisted" time="0.000" /><testcase classname="tests.test_track_15_85_mandatory_full_platform_certification" name="test_operations_transfers_audience_persisted" time="0.000" /><testcase classname="tests.test_track_15_85_mandatory_full_platform_certification" name="test_ops_map_responsive_guardrails_persisted" time="0.000" /><testcase classname="tests.test_track_15_85_mandatory_full_platform_certification" name="test_no_rendered_iter_labels_across_all_pages" time="0.042" /><testcase classname="tests.test_track_15_85_mandatory_full_platform_certification" name="test_pm_portal_canonical_route_mounted" time="0.001" /><testcase classname="tests.test_track_15_85_mandatory_full_platform_certification" name="test_leadership_canonical_route_mounted" time="0.000" /><testcase classname="tests.test_track_15_85_mandatory_full_platform_certification" name="test_no_404_on_canonical_portal_paths" time="0.001" /><testcase classname="tests.test_track_15_85_mandatory_full_platform_certification" name="test_canonical_portal_paths_are_protected_by_their_guards" time="0.000" /><testcase classname="tests.test_track_15_85_mandatory_full_platform_certification" name="test_is_valid_admin_token_remains_hard_false_stub" time="0.000" /><testcase classname="tests.test_track_15_85_mandatory_full_platform_certification" name="test_is_valid_admin_token_docstring_documents_retirement" time="0.001" /><testcase classname="tests.test_track_15_85_mandatory_full_platform_certification" name="test_no_mixed_jsx_children_inside_option_tags" time="0.040" /><testcase classname="tests.test_track_15_85_mandatory_full_platform_certification" name="test_public_trench_safety_dashboard_field_safe_chrome" time="0.001" /><testcase classname="tests.test_track_15_85_mandatory_full_platform_certification" name="test_public_trench_safety_report_field_safe_chrome" time="0.000" /><testcase classname="tests.test_track_15_85_mandatory_full_platform_certification" name="test_qr_landing_serial_missing_action_required" time="0.000" /><testcase classname="tests.test_track_15_85_mandatory_full_platform_certification" name="test_public_form_routes_remain_publicly_mounted" time="0.001" /><testcase classname="tests.test_track_15_85_mandatory_full_platform_certification" name="test_admin_deep_canonical_routes_mounted" time="0.001" /><testcase classname="tests.test_track_15_85_mandatory_full_platform_certification" name="test_trust_center_canonical_surfaces_mounted" time="0.001" /><testcase classname="tests.test_track_15_85_mandatory_full_platform_certification" name="test_not_found_recovery_page_has_portal_switcher" time="0.000" /><testcase classname="tests.test_track_15_86_browser_smoke_gate" name="test_runner_file_exists" time="0.000" /><testcase classname="tests.test_track_15_86_browser_smoke_gate" name="test_runner_module_importable" time="0.001" /><testcase classname="tests.test_track_15_86_browser_smoke_gate" name="test_gate_routes_cover_certified_high_signal_landings" time="0.001" /><testcase classname="tests.test_track_15_86_browser_smoke_gate" name="test_extended_routes_cover_every_certified_family" time="0.001" /><testcase classname="tests.test_track_15_86_browser_smoke_gate" name="test_every_gate_route_is_discoverable_in_app_js" time="0.001" /><testcase classname="tests.test_track_15_86_browser_smoke_gate" name="test_every_extended_route_is_discoverable_in_app_js" time="0.003" /><testcase classname="tests.test_track_15_86_browser_smoke_gate" name="test_gate_viewports_include_required_breakpoints" time="0.001" /><testcase classname="tests.test_track_15_86_browser_smoke_gate" name="test_extended_viewports_include_laptop_and_desktop" time="0.001" /><testcase classname="tests.test_track_15_86_browser_smoke_gate" name="test_runner_enforces_every_required_assertion" time="0.000" /><testcase classname="tests.test_track_15_86_browser_smoke_gate" name="test_runner_pass_requires_all_assertions_true" time="0.000" /><testcase classname="tests.test_track_15_86_browser_smoke_gate" name="test_runner_authenticates_via_canonical_multi_login_only" time="0.000" /><testcase classname="tests.test_track_15_86_browser_smoke_gate" name="test_public_routes_are_not_token_authenticated" time="0.001" /><testcase classname="tests.test_track_15_86_browser_smoke_gate" name="test_forbidden_strings_list_keeps_track_15_84_entries" time="0.001" /><testcase classname="tests.test_track_15_86_browser_smoke_gate" name="test_hydration_detector_keeps_track_15_85_exec4_needle" time="0.001" /><testcase classname="tests.test_track_15_86_browser_smoke_gate" name="test_runner_cli_surface_preserved" time="0.000" /><testcase classname="tests.test_track_15_86_browser_smoke_gate" name="test_deployment_gate_includes_track_15_86_meta_file" time="0.000" /><testcase classname="tests.test_track_15_86_browser_smoke_gate" name="test_track_15_85_regression_file_still_present" time="0.000" /><testcase classname="tests.test_track_15_86_browser_smoke_gate" name="test_runner_route_lists_are_non_empty" time="0.001" /><testcase classname="tests.test_track_15_86_browser_smoke_gate" name="test_ledger_documents_track_15_86" time="0.001" /><testcase classname="tests.test_track_15_87_multi_portal_access_authority" name="test_directory_portal_login_helper_exists" time="0.000" /><testcase classname="tests.test_track_15_87_multi_portal_access_authority" name="test_helper_exposes_try_directory_portal_login" time="0.000" /><testcase classname="tests.test_track_15_87_multi_portal_access_authority" name="test_helper_requires_portal_in_directory_portals_array" time="0.000" /><testcase classname="tests.test_track_15_87_multi_portal_access_authority" name="test_helper_rejects_disabled_directory_users" time="0.000" /><testcase classname="tests.test_track_15_87_multi_portal_access_authority" name="test_helper_blocks_must_change_password_users" time="0.000" /><testcase classname="tests.test_track_15_87_multi_portal_access_authority" name="test_helper_uses_canonical_user_directory_authenticate" time="0.000" /><testcase classname="tests.test_track_15_87_multi_portal_access_authority" name="test_helper_does_not_introduce_shared_admin_password_bypass" time="0.000" /><testcase classname="tests.test_track_15_87_multi_portal_access_authority" name="test_portal_login_imports_canonical_helper[hr-path0]" time="0.000" /><testcase classname="tests.test_track_15_87_multi_portal_access_authority" name="test_portal_login_imports_canonical_helper[dispatch-path1]" time="0.000" /><testcase classname="tests.test_track_15_87_multi_portal_access_authority" name="test_portal_login_imports_canonical_helper[safety-path2]" time="0.000" /><testcase classname="tests.test_track_15_87_multi_portal_access_authority" name="test_portal_login_imports_canonical_helper[pm-path3]" time="0.000" /><testcase classname="tests.test_track_15_87_multi_portal_access_authority" name="test_portal_login_imports_canonical_helper[shop-path4]" time="0.001" /><testcase classname="tests.test_track_15_87_multi_portal_access_authority" name="test_portal_login_requires_correct_portal_key[hr-path0]" time="0.000" /><testcase classname="tests.test_track_15_87_multi_portal_access_authority" name="test_portal_login_requires_correct_portal_key[dispatch-path1]" time="0.000" /><testcase classname="tests.test_track_15_87_multi_portal_access_authority" name="test_portal_login_requires_correct_portal_key[safety-path2]" time="0.001" /><testcase classname="tests.test_track_15_87_multi_portal_access_authority" name="test_portal_login_requires_correct_portal_key[pm-path3]" time="0.000" /><testcase classname="tests.test_track_15_87_multi_portal_access_authority" name="test_portal_login_requires_correct_portal_key[shop-path4]" time="0.001" /><testcase classname="tests.test_track_15_87_multi_portal_access_authority" name="test_portal_login_kind_field_matches_portal[hr-path0]" time="0.000" /><testcase classname="tests.test_track_15_87_multi_portal_access_authority" name="test_portal_login_kind_field_matches_portal[dispatch-path1]" time="0.000" /><testcase classname="tests.test_track_15_87_multi_portal_access_authority" name="test_portal_login_kind_field_matches_portal[safety-path2]" time="0.000" /><testcase classname="tests.test_track_15_87_multi_portal_access_authority" name="test_portal_login_kind_field_matches_portal[pm-path3]" time="0.000" /><testcase classname="tests.test_track_15_87_multi_portal_access_authority" name="test_portal_login_kind_field_matches_portal[shop-path4]" time="0.001" /><testcase classname="tests.test_track_15_87_multi_portal_access_authority" name="test_hr_router_built_with_directory_portal_minter" time="0.001" /><testcase classname="tests.test_track_15_87_multi_portal_access_authority" name="test_dispatch_router_built_with_directory_portal_minter" time="0.001" /><testcase classname="tests.test_track_15_87_multi_portal_access_authority" name="test_safety_router_built_with_directory_portal_minter" time="0.001" /><testcase classname="tests.test_track_15_87_multi_portal_access_authority" name="test_pm_router_built_with_directory_pm_minter_fn_in_login_deps" time="0.001" /><testcase classname="tests.test_track_15_87_multi_portal_access_authority" name="test_shop_login_uses_directory_shop_token_minter" time="0.001" /><testcase classname="tests.test_track_15_87_multi_portal_access_authority" name="test_canonical_portal_grant_keys_remain_seven" time="0.000" /><testcase classname="tests.test_track_15_87_multi_portal_access_authority" name="test_access_control_panel_writes_canonical_portal_keys" time="0.000" /><testcase classname="tests.test_track_15_87_multi_portal_access_authority" name="test_track_15_32_retired_admin_stub_preserved" time="0.000" /><testcase classname="tests.test_track_15_87_multi_portal_access_authority" name="test_multi_login_still_reads_directory_portals" time="0.000" /><testcase classname="tests.test_track_15_87_multi_portal_access_authority" name="test_track_15_85_and_15_86_test_files_still_present" time="0.000" /><testcase classname="tests.test_track_15_87_multi_portal_access_authority" name="test_track_15_87_wired_into_deployment_gate" time="0.000" /><testcase classname="tests.test_track_15_88_people_access_credential_usability_clarity" name="test_helper_module_exists" time="0.000" /><testcase classname="tests.test_track_15_88_people_access_credential_usability_clarity" name="test_helper_exports_derive_function" time="0.000" /><testcase classname="tests.test_track_15_88_people_access_credential_usability_clarity" name="test_helper_canonical_state_constants_exist" time="0.000" /><testcase classname="tests.test_track_15_88_people_access_credential_usability_clarity" name="test_usable_active_issued_with_grants" time="0.000" /><testcase classname="tests.test_track_15_88_people_access_credential_usability_clarity" name="test_blocked_disabled_takes_precedence_over_everything" time="0.000" /><testcase classname="tests.test_track_15_88_people_access_credential_usability_clarity" name="test_blocked_never_issued_for_missing_hash" time="0.000" /><testcase classname="tests.test_track_15_88_people_access_credential_usability_clarity" name="test_blocked_change_required" time="0.000" /><testcase classname="tests.test_track_15_88_people_access_credential_usability_clarity" name="test_blocked_no_portal_access" time="0.000" /><testcase classname="tests.test_track_15_88_people_access_credential_usability_clarity" name="test_empty_row_treated_as_inactive_disabled" time="0.000" /><testcase classname="tests.test_track_15_88_people_access_credential_usability_clarity" name="test_portal_count_matches_input_array" time="0.000" /><testcase classname="tests.test_track_15_88_people_access_credential_usability_clarity" name="test_helper_never_leaks_password_hash" time="0.000" /><testcase classname="tests.test_track_15_88_people_access_credential_usability_clarity" name="test_helper_only_reads_safe_fields" time="0.000" /><testcase classname="tests.test_track_15_88_people_access_credential_usability_clarity" name="test_directory_routes_import_helper" time="0.000" /><testcase classname="tests.test_track_15_88_people_access_credential_usability_clarity" name="test_list_endpoint_enriches_views" time="0.000" /><testcase classname="tests.test_track_15_88_people_access_credential_usability_clarity" name="test_create_update_reset_endpoints_enrich_views" time="0.001" /><testcase classname="tests.test_track_15_88_people_access_credential_usability_clarity" name="test_enrich_helper_strips_no_hash_from_view" time="0.000" /><testcase classname="tests.test_track_15_88_people_access_credential_usability_clarity" name="test_panel_imports_and_renders_usability_badges" time="0.000" /><testcase classname="tests.test_track_15_88_people_access_credential_usability_clarity" name="test_panel_credential_badge_map_keys_match_backend_contract" time="0.000" /><testcase classname="tests.test_track_15_88_people_access_credential_usability_clarity" name="test_panel_blocked_reason_map_keys_match_backend_contract" time="0.000" /><testcase classname="tests.test_track_15_88_people_access_credential_usability_clarity" name="test_panel_renders_data_testids_for_state" time="0.000" /><testcase classname="tests.test_track_15_88_people_access_credential_usability_clarity" name="test_panel_does_not_render_password_hash" time="0.000" /><testcase classname="tests.test_track_15_88_people_access_credential_usability_clarity" name="test_backend_state_strings_match_frontend_keys" time="0.001" /><testcase classname="tests.test_track_15_88_people_access_credential_usability_clarity" name="test_track_15_87_test_file_still_present" time="0.000" /><testcase classname="tests.test_track_15_88_people_access_credential_usability_clarity" name="test_track_15_87_helper_still_present" time="0.000" /><testcase classname="tests.test_track_15_88_people_access_credential_usability_clarity" name="test_track_15_86_and_15_85_files_preserved" time="0.000" /><testcase classname="tests.test_track_15_88_people_access_credential_usability_clarity" name="test_deployment_gate_wires_track_15_88" time="0.000" /><testcase classname="tests.test_track_15_93_zero_touch_bootstrap" name="test_module_exists_and_exports_canonical_entry_point" time="0.000" /><testcase classname="tests.test_track_15_93_zero_touch_bootstrap" name="test_module_reuses_canonical_seed_catalog" time="0.000" /><testcase classname="tests.test_track_15_93_zero_touch_bootstrap" name="test_server_registers_bootstrap_before_ready_flip" time="0.001" /><testcase classname="tests.test_track_15_93_zero_touch_bootstrap" name="test_readiness_endpoint_wires_bootstrap_block" time="0.000" /><testcase classname="tests.test_track_15_93_zero_touch_bootstrap" name="test_deployment_gate_includes_track_15_93" time="0.000" /><testcase classname="tests.test_track_15_93_zero_touch_bootstrap" name="test_fresh_empty_database_initializes_all_routes" time="1.960" /><testcase classname="tests.test_track_15_93_zero_touch_bootstrap" name="test_critical_routes_all_present_after_bootstrap" time="1.802" /><testcase classname="tests.test_track_15_93_zero_touch_bootstrap" name="test_repeated_bootstrap_is_idempotent" time="46.548"><failure message="Failed: Timeout (&gt;30.0s) from pytest-timeout.">item = &lt;Coroutine test_repeated_bootstrap_is_idempotent&gt;

    @pytest.hookimpl(wrapper=True, tryfirst=True)
    def pytest_runtest_call(item: Any) -&gt; Generator[None, Any, None]:
        if _soft_scope is None:
&gt;           yield

/root/.venv/lib/python3.11/site-packages/pytest_playwright/pytest_playwright.py:102: 
_ _ _ _ _ _ _ _ _ _ _ _ _ _ _ _ _ _ _ _ _ _ _ _ _ _ _ _ _ _ _ _ _ _ _ _ _ _ _ _ 
/root/.venv/lib/python3.11/site-packages/pytest_asyncio/plugin.py:569: in runtest
    super().runtest()
/root/.venv/lib/python3.11/site-packages/pytest_asyncio/plugin.py:905: in inner
    runner.run(coro, context=context)
/usr/local/lib/python3.11/asyncio/runners.py:118: in run
    return self._loop.run_until_complete(task)
           ^^^^^^^^^^^^^^^^^^^^^^^^^^^^^^^^^^^
/usr/local/lib/python3.11/asyncio/base_events.py:641: in run_until_complete
    self.run_forever()
/usr/local/lib/python3.11/asyncio/base_events.py:608: in run_forever
    self._run_once()
/usr/local/lib/python3.11/asyncio/base_events.py:1898: in _run_once
    event_list = self._selector.select(timeout)
                 ^^^^^^^^^^^^^^^^^^^^^^^^^^^^^^
_ _ _ _ _ _ _ _ _ _ _ _ _ _ _ _ _ _ _ _ _ _ _ _ _ _ _ _ _ _ _ _ _ _ _ _ _ _ _ _ 

self = &lt;selectors.EpollSelector object at 0xfac33565ccd0&gt;, timeout = -1

    def select(self, timeout=None):
        if timeout is None:
            timeout = -1
        elif timeout &lt;= 0:
            timeout = 0
        else:
            # epoll_wait() has a resolution of 1 millisecond, round away
            # from zero to wait *at least* timeout seconds.
            timeout = math.ceil(timeout * 1e3) * 1e-3
    
        # epoll_wait() expects `maxevents` to be greater than zero;
        # we want to make sure that `select()` can be called when no
        # FD is registered.
        max_ev = max(len(self._fd_to_key), 1)
    
        ready = []
        try:
&gt;           fd_event_list = self._selector.poll(timeout, max_ev)
                            ^^^^^^^^^^^^^^^^^^^^^^^^^^^^^^^^^^^^
E           Failed: Timeout (&gt;30.0s) from pytest-timeout.

/usr/local/lib/python3.11/selectors.py:468: Failed</failure></testcase><testcase classname="tests.test_track_15_93_zero_touch_bootstrap" name="test_partially_configured_database_only_fills_gaps" time="1.914" /><testcase classname="tests.test_track_15_93_zero_touch_bootstrap" name="test_admin_customized_rows_are_never_overwritten" time="4.986" /><testcase classname="tests.test_track_15_93_zero_touch_bootstrap" name="test_bootstrap_never_deletes_existing_documents" time="1.783" /><testcase classname="tests.test_track_15_93_zero_touch_bootstrap" name="test_bootstrap_status_and_history_persisted" time="4.201" /><testcase classname="tests.test_track_15_93_zero_touch_bootstrap" name="test_critical_route_with_empty_to_is_refused" time="1.741" /><testcase classname="tests.test_track_15_95_operations_map_phone_overflow" name="test_css_file_exists" time="0.000" /><testcase classname="tests.test_track_15_95_operations_map_phone_overflow" name="test_mobile_banner_uses_minmax_clamp" time="0.000" /><testcase classname="tests.test_track_15_95_operations_map_phone_overflow" name="test_mobile_banner_has_phone_480_collapse" time="0.000" /><testcase classname="tests.test_track_15_95_operations_map_phone_overflow" name="test_tile_has_min_width_zero_on_mobile" time="0.000" /><testcase classname="tests.test_track_15_95_operations_map_phone_overflow" name="test_tile_text_wraps_on_mobile" time="0.000" /><testcase classname="tests.test_track_15_95_operations_map_phone_overflow" name="test_track_15_83_project_card_constraints_preserved" time="0.000" /><testcase classname="tests.test_track_15_95_operations_map_phone_overflow" name="test_track_15_86_smoke_gate_runner_unchanged" time="0.000" /><testcase classname="tests.test_track_15_95_operations_map_phone_overflow" name="test_track_15_93_bootstrap_module_still_present" time="0.001" /><testcase classname="tests.test_track_15_95_operations_map_phone_overflow" name="test_deployment_gate_includes_track_15_95" time="0.000" /><testcase classname="tests.test_track_15_97_github_actions_health_probe" name="test_workflow_file_exists" time="0.000" /><testcase classname="tests.test_track_15_97_github_actions_health_probe" name="test_no_legacy_pr_noop_sibling" time="0.000" /><testcase classname="tests.test_track_15_97_github_actions_health_probe" name="test_workflow_yaml_parses" time="0.006" /><testcase classname="tests.test_track_15_97_github_actions_health_probe" name="test_workflow_name_canonical" time="0.005" /><testcase classname="tests.test_track_15_97_github_actions_health_probe" name="test_workflow_triggers_include_pr_schedule_and_dispatch" time="0.005" /><testcase classname="tests.test_track_15_97_github_actions_health_probe" name="test_probe_job_exists_and_has_no_job_level_if" time="0.005" /><testcase classname="tests.test_track_15_97_github_actions_health_probe" name="test_probe_job_has_non_empty_steps" time="0.005" /><testcase classname="tests.test_track_15_97_github_actions_health_probe" name="test_probe_runs_health_endpoint_check" time="0.005" /><testcase classname="tests.test_track_15_97_github_actions_health_probe" name="test_probe_runs_version_endpoint_check" time="0.005" /><testcase classname="tests.test_track_15_97_github_actions_health_probe" name="test_authenticated_readiness_step_gated_to_non_pr" time="0.005" /><testcase classname="tests.test_track_15_97_github_actions_health_probe" name="test_step_summary_always_published" time="0.005" /><testcase classname="tests.test_track_15_97_github_actions_health_probe" name="test_no_hardcoded_credentials_in_workflow" time="0.000" /><testcase classname="tests.test_track_15_97_github_actions_health_probe" name="test_secrets_referenced_via_secrets_context_only" time="0.000" /><testcase classname="tests.test_track_15_97_github_actions_health_probe" name="test_no_continue_on_error_hiding_failures" time="0.000" /><testcase classname="tests.test_track_15_97_github_actions_health_probe" name="test_deployment_gate_includes_track_15_97" time="0.000" /><testcase classname="tests.test_track_16_00_github_lifecycle_hardening" name="test_workflow_file_exists" time="0.000" /><testcase classname="tests.test_track_16_00_github_lifecycle_hardening" name="test_no_legacy_pr_noop_sibling" time="0.000" /><testcase classname="tests.test_track_16_00_github_lifecycle_hardening" name="test_workflow_name_is_canonical" time="0.005" /><testcase classname="tests.test_track_16_00_github_lifecycle_hardening" name="test_triggers_include_all_three" time="0.010" /><testcase classname="tests.test_track_16_00_github_lifecycle_hardening" name="test_no_job_level_if_on_probe" time="0.005" /><testcase classname="tests.test_track_16_00_github_lifecycle_hardening" name="test_first_step_always_runs" time="0.005" /><testcase classname="tests.test_track_16_00_github_lifecycle_hardening" name="test_lifecycle_gate_uses_active_production_source_variable" time="0.000" /><testcase classname="tests.test_track_16_00_github_lifecycle_hardening" name="test_probe_steps_gated_by_is_active" time="0.006" /><testcase classname="tests.test_track_16_00_github_lifecycle_hardening" name="test_authenticated_readiness_step_double_gated" time="0.005" /><testcase classname="tests.test_track_16_00_github_lifecycle_hardening" name="test_no_hardcoded_credentials" time="0.000" /><testcase classname="tests.test_track_16_00_github_lifecycle_hardening" name="test_no_continue_on_error" time="0.000" /><testcase classname="tests.test_track_16_00_github_lifecycle_hardening" name="test_cli_script_exists_and_executable_bit" time="0.000" /><testcase classname="tests.test_track_16_00_github_lifecycle_hardening" name="test_cli_parses_python" time="0.003" /><testcase classname="tests.test_track_16_00_github_lifecycle_hardening" name="test_cli_supports_dry_run_and_apply_flags" time="0.000" /><testcase classname="tests.test_track_16_00_github_lifecycle_hardening" name="test_cli_reads_token_from_env_only" time="0.000" /><testcase classname="tests.test_track_16_00_github_lifecycle_hardening" name="test_cli_never_prints_token_payload" time="0.000" /><testcase classname="tests.test_track_16_00_github_lifecycle_hardening" name="test_cli_only_targets_snapshot_named_repos_by_default" time="0.000" /><testcase classname="tests.test_track_16_00_github_lifecycle_hardening" name="test_cli_does_not_modify_active_repo" time="0.000" /><testcase classname="tests.test_track_16_00_github_lifecycle_hardening" name="test_cli_supports_audit_active_repo_mode" time="0.000" /><testcase classname="tests.test_track_16_00_github_lifecycle_hardening" name="test_audit_mode_detects_duplicate_active_repos" time="0.000" /><testcase classname="tests.test_track_16_00_github_lifecycle_hardening" name="test_deployment_gate_includes_track_16_00" time="0.000" /><testcase classname="tests.test_track_16_04_transportation_foundation" name="test_1_carrier_status_constants" time="0.000" /><testcase classname="tests.test_track_16_04_transportation_foundation" name="test_2_person_kinds_supported" time="0.000" /><testcase classname="tests.test_track_16_04_transportation_foundation" name="test_3_masci_employee_requires_employee_id" time="0.000" /><testcase classname="tests.test_track_16_04_transportation_foundation" name="test_4_leased_driver_requires_carrier_id" time="0.000" /><testcase classname="tests.test_track_16_04_transportation_foundation" name="test_5_duplicate_employee_driver_prevented" time="0.000" /><testcase classname="tests.test_track_16_04_transportation_foundation" name="test_6_duplicate_leased_license_prevented" time="0.000" /><testcase classname="tests.test_track_16_04_transportation_foundation" name="test_7_truck_ownership_supports_masci_and_leased" time="0.000" /><testcase classname="tests.test_track_16_04_transportation_foundation" name="test_8_leased_truck_requires_carrier_id" time="0.000" /><testcase classname="tests.test_track_16_04_transportation_foundation" name="test_9_masci_owned_truck_links_equipment_id" time="0.000" /><testcase classname="tests.test_track_16_04_transportation_foundation" name="test_10_new_record_defaults_pending_review" time="0.000" /><testcase classname="tests.test_track_16_04_transportation_foundation" name="test_11_safety_hold_and_suspended" time="0.000" /><testcase classname="tests.test_track_16_04_transportation_foundation" name="test_12_masci_employee_hr_inactive_forces_not_dispatchable" time="0.000" /><testcase classname="tests.test_track_16_04_transportation_foundation" name="test_13_admin_routes_require_admin_strict" time="0.001" /><testcase classname="tests.test_track_16_04_transportation_foundation" name="test_14_dispatch_routes_require_dispatch_or_admin" time="0.001" /><testcase classname="tests.test_track_16_04_transportation_foundation" name="test_15_no_public_transport_routes" time="0.000" /><testcase classname="tests.test_track_16_04_transportation_foundation" name="test_16_audit_writes_on_create_update" time="0.000" /><testcase classname="tests.test_track_16_04_transportation_foundation" name="test_17_route_wired_into_server" time="0.001" /><testcase classname="tests.test_track_16_04_transportation_foundation" name="test_18_admin_transportation_route_exists" time="0.000" /><testcase classname="tests.test_track_16_04_transportation_foundation" name="test_19_no_forbidden_status_language" time="0.000" /><testcase classname="tests.test_track_16_04_transportation_foundation" name="test_20_no_forgedops_academy_in_track_16_04_artefacts" time="0.001" /><testcase classname="tests.test_track_16_04_transportation_foundation" name="test_21_no_duplicate_storage_engine" time="0.000" /><testcase classname="tests.test_track_16_04_transportation_foundation" name="test_22_deployment_gate_includes_this_file" time="0.000" /><testcase classname="tests.test_track_16_04_transportation_foundation" name="test_identity_resolver_async_callables" time="0.000" /><testcase classname="tests.test_track_16_04_transportation_foundation" name="test_identity_resolver_no_license_returns_none" time="0.000" /><testcase classname="tests.test_track_16_05_transportation_onboarding_compliance_center" name="test_1_default_rate_is_85_dollars_per_hour" time="0.000" /><testcase classname="tests.test_track_16_05_transportation_onboarding_compliance_center" name="test_2_only_versioned_rate_change_path" time="0.000" /><testcase classname="tests.test_track_16_05_transportation_onboarding_compliance_center" name="test_3_activate_retires_other_active" time="0.000" /><testcase classname="tests.test_track_16_05_transportation_onboarding_compliance_center" name="test_4_packet_locks_rate_schedule_id_at_creation" time="0.000" /><testcase classname="tests.test_track_16_05_transportation_onboarding_compliance_center" name="test_5_packet_preserves_masci_payment_increment_language" time="0.000" /><testcase classname="tests.test_track_16_05_transportation_onboarding_compliance_center" name="test_6_required_carrier_document_types_exist" time="0.000" /><testcase classname="tests.test_track_16_05_transportation_onboarding_compliance_center" name="test_7_required_driver_document_types_include_cdl_medical_clearinghouse" time="0.000" /><testcase classname="tests.test_track_16_05_transportation_onboarding_compliance_center" name="test_8_requirements_catalog_includes_masci_packet_baseline" time="0.000" /><testcase classname="tests.test_track_16_05_transportation_onboarding_compliance_center" name="test_9_document_upload_stores_r2_key_not_bytes" time="0.000" /><testcase classname="tests.test_track_16_05_transportation_onboarding_compliance_center" name="test_10_document_review_supports_required_statuses" time="0.000" /><testcase classname="tests.test_track_16_05_transportation_onboarding_compliance_center" name="test_11_packet_status_transitions_are_valid" time="0.000" /><testcase classname="tests.test_track_16_05_transportation_onboarding_compliance_center" name="test_12_packet_cannot_approve_with_missing_required_docs" time="0.000" /><testcase classname="tests.test_track_16_05_transportation_onboarding_compliance_center" name="test_13_packet_cannot_approve_without_rate_acknowledgement" time="0.000" /><testcase classname="tests.test_track_16_05_transportation_onboarding_compliance_center" name="test_14_packet_cannot_approve_with_expired_required_docs" time="0.000" /><testcase classname="tests.test_track_16_05_transportation_onboarding_compliance_center" name="test_15_eligibility_blocks_needs_correction_docs" time="0.000" /><testcase classname="tests.test_track_16_05_transportation_onboarding_compliance_center" name="test_16_eligibility_blocks_expired_docs" time="0.000" /><testcase classname="tests.test_track_16_05_transportation_onboarding_compliance_center" name="test_17_eligibility_blocks_missing_clearinghouse_when_required" time="0.000" /><testcase classname="tests.test_track_16_05_transportation_onboarding_compliance_center" name="test_18_audit_rows_written_for_packet_rate_doc_events" time="0.000" /><testcase classname="tests.test_track_16_05_transportation_onboarding_compliance_center" name="test_19_rbac_admin_required_for_writes" time="0.000" /><testcase classname="tests.test_track_16_05_transportation_onboarding_compliance_center" name="test_20_dispatch_routes_are_read_only" time="0.000" /><testcase classname="tests.test_track_16_05_transportation_onboarding_compliance_center" name="test_21_no_public_invite_route" time="0.000" /><testcase classname="tests.test_track_16_05_transportation_onboarding_compliance_center" name="test_22_status_language_avoids_punitive_terms" time="0.001" /><testcase classname="tests.test_track_16_05_transportation_onboarding_compliance_center" name="test_23_no_forgedops_academy_references" time="0.001" /><testcase classname="tests.test_track_16_05_transportation_onboarding_compliance_center" name="test_24_track_16_04_tests_still_present" time="0.000" /><testcase classname="tests.test_track_16_05_transportation_onboarding_compliance_center" name="test_25_deployment_gate_includes_16_05" time="0.000" /><testcase classname="tests.test_track_16_05_transportation_onboarding_compliance_center" name="test_26_inspection_collection_exists" time="0.000" /><testcase classname="tests.test_track_16_05_transportation_onboarding_compliance_center" name="test_27_inspection_explicitly_not_dot_inspection" time="0.000" /><testcase classname="tests.test_track_16_05_transportation_onboarding_compliance_center" name="test_28_inspection_checklist_has_all_required_categories" time="0.000" /><testcase classname="tests.test_track_16_05_transportation_onboarding_compliance_center" name="test_29_required_truck_exterior_items_exist" time="0.000" /><testcase classname="tests.test_track_16_05_transportation_onboarding_compliance_center" name="test_30_required_lights_warning_items_exist" time="0.000" /><testcase classname="tests.test_track_16_05_transportation_onboarding_compliance_center" name="test_31_required_marking_items_exist" time="0.000" /><testcase classname="tests.test_track_16_05_transportation_onboarding_compliance_center" name="test_32_required_ppe_items_exist" time="0.000" /><testcase classname="tests.test_track_16_05_transportation_onboarding_compliance_center" name="test_33_result_statuses_use_canonical_set" time="0.000" /><testcase classname="tests.test_track_16_05_transportation_onboarding_compliance_center" name="test_34_item_statuses_use_canonical_set" time="0.001" /><testcase classname="tests.test_track_16_05_transportation_onboarding_compliance_center" name="test_35_forbidden_inspection_words_absent" time="0.001" /><testcase classname="tests.test_track_16_05_transportation_onboarding_compliance_center" name="test_36_photo_evidence_stored_as_r2_keys" time="0.000" /><testcase classname="tests.test_track_16_05_transportation_onboarding_compliance_center" name="test_37_leased_truck_blocked_without_inspection" time="0.000" /><testcase classname="tests.test_track_16_05_transportation_onboarding_compliance_center" name="test_38_leased_truck_blocked_by_expired_inspection" time="0.000" /><testcase classname="tests.test_track_16_05_transportation_onboarding_compliance_center" name="test_39_leased_truck_blocked_by_unresolved_critical_correction" time="0.000" /><testcase classname="tests.test_track_16_05_transportation_onboarding_compliance_center" name="test_40_driver_ppe_issue_blocks_driver" time="0.000" /><testcase classname="tests.test_track_16_05_transportation_onboarding_compliance_center" name="test_41_admin_only_for_inspection_writes" time="0.000" /><testcase classname="tests.test_track_16_05_transportation_onboarding_compliance_center" name="test_42_dispatch_readiness_route_is_read_only" time="0.000" /><testcase classname="tests.test_track_16_05_transportation_onboarding_compliance_center" name="test_43_inspection_lifecycle_audit_kinds_present" time="0.000" /><testcase classname="tests.test_track_16_05_transportation_onboarding_compliance_center" name="test_44_inspection_disclaimer_preserved_in_records" time="0.000" /><testcase classname="tests.test_track_16_05_transportation_onboarding_compliance_center" name="test_45_no_claim_replaces_dot_fmcsa" time="0.000" /><testcase classname="tests.test_track_16_05_transportation_onboarding_compliance_center" name="test_46_inspection_triggers_cover_required_set" time="0.000" /><testcase classname="tests.test_track_16_05_transportation_onboarding_compliance_center" name="test_47_annual_default_is_12_months_configurable" time="0.000" /><testcase classname="tests.test_track_16_05_transportation_onboarding_compliance_center" name="test_48_dashboard_endpoint_exposes_due_and_overdue" time="0.000" /><testcase classname="tests.test_track_16_05_transportation_onboarding_compliance_center" name="test_49_bootstrap_function_exists_and_is_idempotent" time="0.000" /><testcase classname="tests.test_track_16_05_transportation_onboarding_compliance_center" name="test_50_admin_transportation_page_has_phase1_tabs" time="0.000" /><testcase classname="tests.test_track_16_06_transportation_experience_layer" name="test_1_dashboard_endpoint_exists" time="0.000" /><testcase classname="tests.test_track_16_06_transportation_experience_layer" name="test_2_document_queue_endpoint_exists" time="0.000" /><testcase classname="tests.test_track_16_06_transportation_experience_layer" name="test_3_inspection_queue_endpoint_exists" time="0.000" /><testcase classname="tests.test_track_16_06_transportation_experience_layer" name="test_4_audit_timeline_endpoint_exists" time="0.000" /><testcase classname="tests.test_track_16_06_transportation_experience_layer" name="test_5_workspace_endpoints_exist" time="0.000" /><testcase classname="tests.test_track_16_06_transportation_experience_layer" name="test_6_all_experience_routes_are_admin_strict" time="0.000" /><testcase classname="tests.test_track_16_06_transportation_experience_layer" name="test_7_no_new_audit_system" time="0.000" /><testcase classname="tests.test_track_16_06_transportation_experience_layer" name="test_8_no_duplicate_identity_or_storage" time="0.000" /><testcase classname="tests.test_track_16_06_transportation_experience_layer" name="test_9_no_new_storage_or_upload" time="0.000" /><testcase classname="tests.test_track_16_06_transportation_experience_layer" name="test_10_register_wired_into_server" time="0.001" /><testcase classname="tests.test_track_16_06_transportation_experience_layer" name="test_11_no_public_route_introduced" time="0.000" /><testcase classname="tests.test_track_16_06_transportation_experience_layer" name="test_12_transportation_app_router_exists" time="0.000" /><testcase classname="tests.test_track_16_06_transportation_experience_layer" name="test_13_left_navigation_has_required_sections" time="0.000" /><testcase classname="tests.test_track_16_06_transportation_experience_layer" name="test_14_dashboard_tiles_present" time="0.000" /><testcase classname="tests.test_track_16_06_transportation_experience_layer" name="test_15_carrier_workspace_has_required_sections" time="0.000" /><testcase classname="tests.test_track_16_06_transportation_experience_layer" name="test_16_driver_workspace_renders" time="0.000" /><testcase classname="tests.test_track_16_06_transportation_experience_layer" name="test_17_truck_workspace_renders" time="0.000" /><testcase classname="tests.test_track_16_06_transportation_experience_layer" name="test_18_compliance_dashboard_has_three_columns" time="0.000" /><testcase classname="tests.test_track_16_06_transportation_experience_layer" name="test_19_document_center_renders" time="0.000" /><testcase classname="tests.test_track_16_06_transportation_experience_layer" name="test_20_inspection_center_includes_disclaimer" time="0.000" /><testcase classname="tests.test_track_16_06_transportation_experience_layer" name="test_21_rate_schedule_center_renders" time="0.000" /><testcase classname="tests.test_track_16_06_transportation_experience_layer" name="test_22_audit_timeline_renders" time="0.000" /><testcase classname="tests.test_track_16_06_transportation_experience_layer" name="test_23_no_dead_buttons_use_coming_soon" time="0.000" /><testcase classname="tests.test_track_16_06_transportation_experience_layer" name="test_24_old_admin_transportation_is_reexport" time="0.000" /><testcase classname="tests.test_track_16_06_transportation_experience_layer" name="test_25_app_js_route_mounts_splat" time="0.000" /><testcase classname="tests.test_track_16_06_transportation_experience_layer" name="test_26_track_16_04_tests_still_exist" time="0.000" /><testcase classname="tests.test_track_16_06_transportation_experience_layer" name="test_27_track_16_05_tests_still_exist" time="0.000" /><testcase classname="tests.test_track_16_06_transportation_experience_layer" name="test_28_phase_1_endpoints_still_registered" time="0.001" /><testcase classname="tests.test_track_16_06_transportation_experience_layer" name="test_29_phase_2_endpoints_still_registered" time="0.001" /><testcase classname="tests.test_track_16_06_transportation_experience_layer" name="test_30_deployment_gate_includes_16_06" time="0.000" /><testcase classname="tests.test_track_16_06_transportation_experience_layer" name="test_31_no_forgedops_academy_references" time="0.001" /><testcase classname="tests.test_track_16_06_transportation_experience_layer" name="test_32_no_forbidden_status_language" time="0.001" /><testcase classname="tests.test_track_16_06_transportation_experience_layer" name="test_33_responsive_grid_classes_used" time="0.000" /><testcase classname="tests.test_track_16_06_transportation_experience_layer" name="test_34_chip_component_is_single_source_of_truth" time="0.000" /><testcase classname="tests.test_track_16_06_transportation_experience_layer" name="test_35_dispatch_endpoints_unchanged_in_experience_layer" time="0.000" /><testcase classname="tests.test_track_16_06_transportation_experience_layer" name="test_36_experience_layer_registers_before_phase2_to_avoid_path_shadow" time="0.001" /><testcase classname="tests.test_track_16_07_transportation_workflow_activation" name="test_1_timeline_endpoint_exists" time="0.000" /><testcase classname="tests.test_track_16_07_transportation_workflow_activation" name="test_2_timeline_endpoint_is_admin_strict" time="0.000" /><testcase classname="tests.test_track_16_07_transportation_workflow_activation" name="test_3_timeline_validates_entity_type" time="0.000" /><testcase classname="tests.test_track_16_07_transportation_workflow_activation" name="test_4_timeline_returns_combined_direct_and_related_events" time="0.000" /><testcase classname="tests.test_track_16_07_transportation_workflow_activation" name="test_4b_timeline_enforces_404_for_unknown_entity" time="0.000" /><testcase classname="tests.test_track_16_07_transportation_workflow_activation" name="test_5_inspection_wizard_component_exists" time="0.000" /><testcase classname="tests.test_track_16_07_transportation_workflow_activation" name="test_6_inspection_wizard_three_stages" time="0.000" /><testcase classname="tests.test_track_16_07_transportation_workflow_activation" name="test_7_inspection_wizard_includes_disclaimer_text" time="0.000" /><testcase classname="tests.test_track_16_07_transportation_workflow_activation" name="test_8_inspection_wizard_supports_all_required_triggers" time="0.000" /><testcase classname="tests.test_track_16_07_transportation_workflow_activation" name="test_9_inspection_wizard_uses_existing_endpoints" time="0.000" /><testcase classname="tests.test_track_16_07_transportation_workflow_activation" name="test_10_inspection_wizard_marks_all_pass_button" time="0.000" /><testcase classname="tests.test_track_16_07_transportation_workflow_activation" name="test_11_inspection_wizard_mobile_friendly_classes" time="0.000" /><testcase classname="tests.test_track_16_07_transportation_workflow_activation" name="test_12_document_dropzone_component_exists" time="0.000" /><testcase classname="tests.test_track_16_07_transportation_workflow_activation" name="test_13_dropzone_supports_drag_drop_browse_camera" time="0.000" /><testcase classname="tests.test_track_16_07_transportation_workflow_activation" name="test_14_dropzone_uses_multipart_form" time="0.000" /><testcase classname="tests.test_track_16_07_transportation_workflow_activation" name="test_15_dropzone_progress_indicator_present" time="0.000" /><testcase classname="tests.test_track_16_07_transportation_workflow_activation" name="test_16_dropzone_uploads_to_existing_phase2_endpoints" time="0.000" /><testcase classname="tests.test_track_16_07_transportation_workflow_activation" name="test_17_signature_pad_component_exists" time="0.000" /><testcase classname="tests.test_track_16_07_transportation_workflow_activation" name="test_18_signature_captures_required_audit_fields" time="0.000" /><testcase classname="tests.test_track_16_07_transportation_workflow_activation" name="test_19_packet_signs_and_submits_via_existing_endpoint" time="0.000" /><testcase classname="tests.test_track_16_07_transportation_workflow_activation" name="test_20_rate_create_dialog_exists" time="0.000" /><testcase classname="tests.test_track_16_07_transportation_workflow_activation" name="test_21_rate_dialog_uses_existing_endpoints" time="0.000" /><testcase classname="tests.test_track_16_07_transportation_workflow_activation" name="test_22_rate_dialog_default_85" time="0.000" /><testcase classname="tests.test_track_16_07_transportation_workflow_activation" name="test_23_rate_dialog_preserves_historic_packets_note" time="0.000" /><testcase classname="tests.test_track_16_07_transportation_workflow_activation" name="test_24_compliance_timeline_component_exists" time="0.000" /><testcase classname="tests.test_track_16_07_transportation_workflow_activation" name="test_25_timeline_renders_audit_lineage_per_entity" time="0.000" /><testcase classname="tests.test_track_16_07_transportation_workflow_activation" name="test_26_packet_checklist_component_exists" time="0.000" /><testcase classname="tests.test_track_16_07_transportation_workflow_activation" name="test_27_packet_checklist_has_required_actions" time="0.000" /><testcase classname="tests.test_track_16_07_transportation_workflow_activation" name="test_28_packet_checklist_uses_signature_pad" time="0.000" /><testcase classname="tests.test_track_16_07_transportation_workflow_activation" name="test_29_carrier_packet_pane_uses_packet_checklist" time="0.000" /><testcase classname="tests.test_track_16_07_transportation_workflow_activation" name="test_30_carrier_documents_pane_uses_dropzone" time="0.000" /><testcase classname="tests.test_track_16_07_transportation_workflow_activation" name="test_31_driver_documents_uses_dropzone" time="0.000" /><testcase classname="tests.test_track_16_07_transportation_workflow_activation" name="test_32_truck_workspace_has_inspection_wizard" time="0.000" /><testcase classname="tests.test_track_16_07_transportation_workflow_activation" name="test_33_inspection_center_has_inline_launcher" time="0.000" /><testcase classname="tests.test_track_16_07_transportation_workflow_activation" name="test_34_rate_center_has_new_version_button" time="0.000" /><testcase classname="tests.test_track_16_07_transportation_workflow_activation" name="test_35_document_center_has_inline_review_actions" time="0.000" /><testcase classname="tests.test_track_16_07_transportation_workflow_activation" name="test_36_compliance_timeline_mounted_in_each_workspace" time="0.000" /><testcase classname="tests.test_track_16_07_transportation_workflow_activation" name="test_37_no_duplicate_audit_or_storage_in_widgets" time="0.000" /><testcase classname="tests.test_track_16_07_transportation_workflow_activation" name="test_38_no_forgedops_academy_or_punitive_language" time="0.001" /><testcase classname="tests.test_track_16_07_transportation_workflow_activation" name="test_39_chip_remains_single_source_of_truth" time="0.000" /><testcase classname="tests.test_track_16_07_transportation_workflow_activation" name="test_40_deployment_gate_includes_16_07" time="0.000" /><testcase classname="tests.test_track_16_07_transportation_workflow_activation" name="test_41_prior_track_tests_still_referenced" time="0.000" /><testcase classname="tests.test_track_16_08_transportation_orientation" name="test_01_orientation_router_file_exists" time="0.000" /><testcase classname="tests.test_track_16_08_transportation_orientation" name="test_02_router_defines_22_default_modules" time="0.000" /><testcase classname="tests.test_track_16_08_transportation_orientation" name="test_03_four_languages_supported" time="0.000" /><testcase classname="tests.test_track_16_08_transportation_orientation" name="test_04_bootstrap_hook_in_server" time="0.001" /><testcase classname="tests.test_track_16_08_transportation_orientation" name="test_05_completion_threshold_99" time="0.000" /><testcase classname="tests.test_track_16_08_transportation_orientation" name="test_06_quiz_max_attempts_enforced" time="0.000" /><testcase classname="tests.test_track_16_08_transportation_orientation" name="test_07_no_skip_rule_in_heartbeat" time="0.000" /><testcase classname="tests.test_track_16_08_transportation_orientation" name="test_08_certificate_audit_hash_present" time="0.000" /><testcase classname="tests.test_track_16_08_transportation_orientation" name="test_09_public_qr_verify_endpoint" time="0.000" /><testcase classname="tests.test_track_16_08_transportation_orientation" name="test_10_public_invite_endpoints_exist" time="0.000" /><testcase classname="tests.test_track_16_08_transportation_orientation" name="test_11_external_endpoints_are_public_no_admin_gate" time="0.001" /><testcase classname="tests.test_track_16_08_transportation_orientation" name="test_12_uses_email_routing_v2_not_sms" time="0.002" /><testcase classname="tests.test_track_16_08_transportation_orientation" name="test_13_notification_kinds_full_catalog" time="0.000" /><testcase classname="tests.test_track_16_08_transportation_orientation" name="test_14_eligibility_reads_orientation_status" time="0.000" /><testcase classname="tests.test_track_16_08_transportation_orientation" name="test_15_eligibility_blocks_on_missing_orientation" time="0.000" /><testcase classname="tests.test_track_16_08_transportation_orientation" name="test_16_eligibility_blocks_on_expired_orientation" time="0.000" /><testcase classname="tests.test_track_16_08_transportation_orientation" name="test_17_eligibility_blocks_on_quiz_failed" time="0.000" /><testcase classname="tests.test_track_16_08_transportation_orientation" name="test_18_eligibility_passes_when_orientation_current" time="0.000" /><testcase classname="tests.test_track_16_08_transportation_orientation" name="test_19_transportation_routes_inject_orientation_for_persons" time="0.000" /><testcase classname="tests.test_track_16_08_transportation_orientation" name="test_20_phase2_person_context_injects_orientation" time="0.000" /><testcase classname="tests.test_track_16_08_transportation_orientation" name="test_21_status_helper_exposes_four_states" time="0.000" /><testcase classname="tests.test_track_16_08_transportation_orientation" name="test_22_deployment_gate_includes_16_08" time="0.000" /><testcase classname="tests.test_track_16_08_transportation_orientation" name="test_23_track_16_04_05_06_07_preserved" time="0.000" /><testcase classname="tests.test_track_16_08_transportation_orientation" name="test_24_no_dead_ui_in_transportation_app" time="0.000" /><testcase classname="tests.test_track_16_08_transportation_orientation" name="test_25_audit_kinds_full_lifecycle" time="0.000" /><testcase classname="tests.test_track_16_08_transportation_orientation" name="test_26_orientation_valid_months_annual" time="0.000" /><testcase classname="tests.test_track_16_08_transportation_orientation" name="test_30_status_no_required_modules_is_missing" time="0.001" /><testcase classname="tests.test_track_16_08_transportation_orientation" name="test_31_status_all_completed_is_current" time="0.000" /><testcase classname="tests.test_track_16_08_transportation_orientation" name="test_32_status_one_missing_is_missing" time="0.000" /><testcase classname="tests.test_track_16_08_transportation_orientation" name="test_33_status_expired_is_expired" time="0.000" /><testcase classname="tests.test_track_16_08_transportation_orientation" name="test_34_status_only_failed_is_quiz_failed" time="0.000" /><testcase classname="tests.test_track_16_08_transportation_orientation" name="test_35_status_expiring_soon_flag" time="0.000" /><testcase classname="tests.test_track_16_08_transportation_orientation" name="test_50_list_modules_seeded" time="0.891" /><testcase classname="tests.test_track_16_08_transportation_orientation" name="test_51_each_module_has_4_language_placeholders" time="0.229" /><testcase classname="tests.test_track_16_08_transportation_orientation" name="test_52_orientation_dashboard_endpoint" time="7.732" /><testcase classname="tests.test_track_16_08_transportation_orientation" name="test_53_question_create_and_list" time="0.770" /><testcase classname="tests.test_track_16_08_transportation_orientation" name="test_54_full_orientation_flow_admin" time="4.453" /><testcase classname="tests.test_track_16_08_transportation_orientation" name="test_55_invite_create_open_submit" time="1.782" /><testcase classname="tests.test_track_16_08_transportation_orientation" name="test_56_invite_bad_token_404" time="0.174" /><testcase classname="tests.test_track_16_08_transportation_orientation" name="test_57_admin_endpoints_reject_unauthenticated" time="0.139" /><testcase classname="tests.test_track_16_09_transportation_dispatch_gate_email_pilot" name="test_01_gate_lib_file_exists" time="0.001" /><testcase classname="tests.test_track_16_09_transportation_dispatch_gate_email_pilot" name="test_02_dispatch_lifecycle_invokes_gate" time="0.001" /><testcase classname="tests.test_track_16_09_transportation_dispatch_gate_email_pilot" name="test_03_assignment_create_accepts_override_id" time="0.001" /><testcase classname="tests.test_track_16_09_transportation_dispatch_gate_email_pilot" name="test_04_409_returned_on_block" time="0.000" /><testcase classname="tests.test_track_16_09_transportation_dispatch_gate_email_pilot" name="test_05_pilot_route_keys_exactly_four" time="0.001" /><testcase classname="tests.test_track_16_09_transportation_dispatch_gate_email_pilot" name="test_06_all_22_transport_kinds_enumerated" time="0.001" /><testcase classname="tests.test_track_16_09_transportation_dispatch_gate_email_pilot" name="test_07_override_authorization_rejects_dispatch_only" time="0.000" /><testcase classname="tests.test_track_16_09_transportation_dispatch_gate_email_pilot" name="test_08_override_max_duration_capped" time="0.000" /><testcase classname="tests.test_track_16_09_transportation_dispatch_gate_email_pilot" name="test_09_override_requires_acknowledgement" time="0.001" /><testcase classname="tests.test_track_16_09_transportation_dispatch_gate_email_pilot" name="test_10_human_reasons_no_punitive_language" time="0.000" /><testcase classname="tests.test_track_16_09_transportation_dispatch_gate_email_pilot" name="test_11_no_sms_twilio_push_in_track_16_09" time="0.002" /><testcase classname="tests.test_track_16_09_transportation_dispatch_gate_email_pilot" name="test_12_email_routing_v2_used_no_duplicate_sender" time="0.001" /><testcase classname="tests.test_track_16_09_transportation_dispatch_gate_email_pilot" name="test_13_pilot_send_only_when_route_enabled" time="0.001" /><testcase classname="tests.test_track_16_09_transportation_dispatch_gate_email_pilot" name="test_14_dry_run_audit_for_non_pilot" time="0.000" /><testcase classname="tests.test_track_16_09_transportation_dispatch_gate_email_pilot" name="test_15_email_audit_rows_do_not_log_raw_tokens" time="0.001" /><testcase classname="tests.test_track_16_09_transportation_dispatch_gate_email_pilot" name="test_16_bootstrap_in_server" time="0.001" /><testcase classname="tests.test_track_16_09_transportation_dispatch_gate_email_pilot" name="test_17_email_route_toggle_endpoint_restricted_to_pilot" time="0.000" /><testcase classname="tests.test_track_16_09_transportation_dispatch_gate_email_pilot" name="test_18_audit_kinds_include_override_lifecycle" time="0.000" /><testcase classname="tests.test_track_16_09_transportation_dispatch_gate_email_pilot" name="test_19_deployment_gate_includes_16_09" time="0.000" /><testcase classname="tests.test_track_
[...]
se classname="tests.test_track_18_05_operational_excellence" name="test_17_track_wired_into_deployment_gate" time="0.000" /><testcase classname="tests.test_track_18_05_operational_excellence" name="test_18_no_legacy_workspace_terms_in_hub_portaldefs" time="0.000" /><testcase classname="tests.test_track_18_05_operational_excellence" name="test_19_no_legacy_office_portals_anywhere_in_hub" time="0.002" /><testcase classname="tests.test_track_18_05_operational_excellence" name="test_20_certification_doc_declares_go" time="0.000" /><testcase classname="tests.test_track_18_06_operational_design_system" name="test_01_design_system_doc_exists" time="0.000" /><testcase classname="tests.test_track_18_06_operational_design_system" name="test_02_workspace_audit_exists" time="0.000" /><testcase classname="tests.test_track_18_06_operational_design_system" name="test_03_rhythm_audit_exists" time="0.000" /><testcase classname="tests.test_track_18_06_operational_design_system" name="test_04_cognitive_audit_exists" time="0.000" /><testcase classname="tests.test_track_18_06_operational_design_system" name="test_05_trust_audit_exists" time="0.000" /><testcase classname="tests.test_track_18_06_operational_design_system" name="test_06_mobile_audit_exists" time="0.000" /><testcase classname="tests.test_track_18_06_operational_design_system" name="test_07_guidance_design_audit_exists" time="0.000" /><testcase classname="tests.test_track_18_06_operational_design_system" name="test_08_defines_page_anatomy" time="0.000" /><testcase classname="tests.test_track_18_06_operational_design_system" name="test_09_defines_card_anatomy" time="0.000" /><testcase classname="tests.test_track_18_06_operational_design_system" name="test_10_defines_status_language" time="0.000" /><testcase classname="tests.test_track_18_06_operational_design_system" name="test_11_defines_color_system" time="0.000" /><testcase classname="tests.test_track_18_06_operational_design_system" name="test_12_defines_typography_system" time="0.000" /><testcase classname="tests.test_track_18_06_operational_design_system" name="test_13_defines_spacing_system" time="0.000" /><testcase classname="tests.test_track_18_06_operational_design_system" name="test_14_defines_buttons" time="0.000" /><testcase classname="tests.test_track_18_06_operational_design_system" name="test_15_defines_tables" time="0.000" /><testcase classname="tests.test_track_18_06_operational_design_system" name="test_16_defines_drawers_modals" time="0.000" /><testcase classname="tests.test_track_18_06_operational_design_system" name="test_17_defines_search" time="0.001" /><testcase classname="tests.test_track_18_06_operational_design_system" name="test_18_defines_right_rail" time="0.000" /><testcase classname="tests.test_track_18_06_operational_design_system" name="test_19_defines_empty_states" time="0.000" /><testcase classname="tests.test_track_18_06_operational_design_system" name="test_20_defines_loading_states" time="0.000" /><testcase classname="tests.test_track_18_06_operational_design_system" name="test_21_defines_restricted_states" time="0.000" /><testcase classname="tests.test_track_18_06_operational_design_system" name="test_22_defines_error_states" time="0.000" /><testcase classname="tests.test_track_18_06_operational_design_system" name="test_23_defines_mobile_tablet" time="0.000" /><testcase classname="tests.test_track_18_06_operational_design_system" name="test_24_defines_accessibility" time="0.000" /><testcase classname="tests.test_track_18_06_operational_design_system" name="test_25_defines_trust" time="0.000" /><testcase classname="tests.test_track_18_06_operational_design_system" name="test_26_every_workspace_has_score" time="0.000" /><testcase classname="tests.test_track_18_06_operational_design_system" name="test_27_no_red_items" time="0.000" /><testcase classname="tests.test_track_18_06_operational_design_system" name="test_28_deferred_yellow_documented" time="0.000" /><testcase classname="tests.test_track_18_06_operational_design_system" name="test_29_no_new_collections_added_by_18_06" time="0.001" /><testcase classname="tests.test_track_18_06_operational_design_system" name="test_30_no_new_routes_added_by_18_06" time="0.005" /><testcase classname="tests.test_track_18_06_operational_design_system" name="test_31_dispatch_token_alias_preserved" time="0.001" /><testcase classname="tests.test_track_18_06_operational_design_system" name="test_32_dispatch_login_route_preserved" time="0.000" /><testcase classname="tests.test_track_18_06_operational_design_system" name="test_33_relationships_route_prefix_preserved" time="0.000" /><testcase classname="tests.test_track_18_06_operational_design_system" name="test_34_rbac_admin_strict_routes_unchanged" time="0.000" /><testcase classname="tests.test_track_18_06_operational_design_system" name="test_35_status_color_registry_present" time="0.000" /><testcase classname="tests.test_track_18_06_operational_design_system" name="test_36_empty_state_standard_present" time="0.000" /><testcase classname="tests.test_track_18_06_operational_design_system" name="test_37_restricted_state_standard_present" time="0.000" /><testcase classname="tests.test_track_18_06_operational_design_system" name="test_38_mobile_audit_covers_required_breakpoints" time="0.000" /><testcase classname="tests.test_track_18_06_operational_design_system" name="test_39_guidance_design_audit_covers_role_playbooks" time="0.000" /><testcase classname="tests.test_track_18_06_operational_design_system" name="test_40_track_wired_into_deployment_gate" time="0.000" /><testcase classname="tests.test_track_18_06_operational_design_system" name="test_41_certification_declares_go" time="0.000" /><testcase classname="tests.test_track_18_07_design_system_linter" name="test_lint_no_raw_no_data_empty_state" time="3.676" /><testcase classname="tests.test_track_18_07_design_system_linter" name="test_lint_no_raw_developer_error_text" time="3.140" /><testcase classname="tests.test_track_18_07_design_system_linter" name="test_lint_no_legacy_restricted_state_wording" time="2.643" /><testcase classname="tests.test_track_18_07_design_system_linter" name="test_lint_no_user_facing_dispatch_portal" time="0.554" /><testcase classname="tests.test_track_18_07_design_system_linter" name="test_lint_no_user_facing_pm_portal" time="0.555" /><testcase classname="tests.test_track_18_07_design_system_linter" name="test_lint_no_user_facing_hr_portal" time="0.555" /><testcase classname="tests.test_track_18_07_design_system_linter" name="test_lint_no_user_facing_safety_portal" time="0.553" /><testcase classname="tests.test_track_18_07_design_system_linter" name="test_lint_no_user_facing_shop_portal" time="0.555" /><testcase classname="tests.test_track_18_07_design_system_linter" name="test_lint_no_user_facing_admin_console" time="0.555" /><testcase classname="tests.test_track_18_07_design_system_linter" name="test_lint_no_user_facing_admin_portal" time="0.555" /><testcase classname="tests.test_track_18_07_design_system_linter" name="test_lint_no_user_facing_office_portals" time="0.558" /><testcase classname="tests.test_track_18_07_design_system_linter" name="test_lint_no_user_facing_masci_hub" time="0.552" /><testcase classname="tests.test_track_18_07_design_system_linter" name="test_lint_no_vague_ctas" time="2.095" /><testcase classname="tests.test_track_18_07_design_system_linter" name="test_allowlist_entries_resolve_to_real_files" time="0.001" /><testcase classname="tests.test_track_18_07_design_system_linter" name="test_lint_no_status_color_without_label" time="0.680" /><testcase classname="tests.test_track_18_07_design_system_linter" name="test_lint_no_hardcoded_mobile_breaking_widths" time="0.842" /><testcase classname="tests.test_track_18_07_design_system_enforcement" name="test_01_certification_doc_exists" time="0.000" /><testcase classname="tests.test_track_18_07_design_system_enforcement" name="test_02_linter_rules_doc_exists" time="0.000" /><testcase classname="tests.test_track_18_07_design_system_enforcement" name="test_03_design_system_updated_with_audit_timeline_section" time="0.000" /><testcase classname="tests.test_track_18_07_design_system_enforcement" name="test_04_linter_file_exists" time="0.000" /><testcase classname="tests.test_track_18_07_design_system_enforcement" name="test_05_linter_file_defines_at_least_5_rule_tests" time="0.000" /><testcase classname="tests.test_track_18_07_design_system_enforcement" name="test_06_linter_documents_allowlist" time="0.000" /><testcase classname="tests.test_track_18_07_design_system_enforcement" name="test_07_linter_documents_carve_outs_for_internal_registries" time="0.000" /><testcase classname="tests.test_track_18_07_design_system_enforcement" name="test_08_dispatch_change_password_uses_canonical" time="0.000" /><testcase classname="tests.test_track_18_07_design_system_enforcement" name="test_09_hr_change_password_uses_canonical" time="0.000" /><testcase classname="tests.test_track_18_07_design_system_enforcement" name="test_10_hr_hub_kicker_uses_canonical" time="0.000" /><testcase classname="tests.test_track_18_07_design_system_enforcement" name="test_11_pm_change_password_uses_canonical" time="0.000" /><testcase classname="tests.test_track_18_07_design_system_enforcement" name="test_12_view_daily_report_uses_canonical" time="0.000" /><testcase classname="tests.test_track_18_07_design_system_enforcement" name="test_13_safety_change_password_uses_canonical" time="0.000" /><testcase classname="tests.test_track_18_07_design_system_enforcement" name="test_14_safety_audits_uses_canonical" time="0.000" /><testcase classname="tests.test_track_18_07_design_system_enforcement" name="test_15_safety_forms_records_uses_canonical" time="0.000" /><testcase classname="tests.test_track_18_07_design_system_enforcement" name="test_16_admin_dispatch_shell_uses_canonical" time="0.000" /><testcase classname="tests.test_track_18_07_design_system_enforcement" name="test_17_field_leadership_records_uses_canonical" time="0.000" /><testcase classname="tests.test_track_18_07_design_system_enforcement" name="test_18_field_leadership_view_uses_canonical" time="0.000" /><testcase classname="tests.test_track_18_07_design_system_enforcement" name="test_19_deploy_recovery_uses_canonical" time="0.000" /><testcase classname="tests.test_track_18_07_design_system_enforcement" name="test_20_intelligence_empty_state_is_operational" time="0.000" /><testcase classname="tests.test_track_18_07_design_system_enforcement" name="test_21_no_new_collections" time="0.001" /><testcase classname="tests.test_track_18_07_design_system_enforcement" name="test_22_dispatch_token_alias_preserved" time="0.001" /><testcase classname="tests.test_track_18_07_design_system_enforcement" name="test_23_admin_route_prefix_preserved" time="0.000" /><testcase classname="tests.test_track_18_07_design_system_enforcement" name="test_24_dispatch_login_route_preserved" time="0.000" /><testcase classname="tests.test_track_18_07_design_system_enforcement" name="test_25_rbac_admin_strict_guard_intact" time="0.000" /><testcase classname="tests.test_track_18_07_design_system_enforcement" name="test_26_design_system_certification_intact" time="0.000" /><testcase classname="tests.test_track_18_07_design_system_enforcement" name="test_27_linter_wired_into_deployment_gate" time="0.000" /><testcase classname="tests.test_track_18_07_design_system_enforcement" name="test_28_track_enforcement_doc_wired_into_deployment_gate" time="0.000" /><testcase classname="tests.test_track_18_07_design_system_enforcement" name="test_29_certification_declares_go" time="0.000" /><testcase classname="tests.test_track_18_07_design_system_enforcement" name="test_30_flake_investigation_documented" time="0.000" /><testcase classname="tests.test_track_18_08_regression_stability_device_polish" name="test_01_certification_doc_exists" time="0.000" /><testcase classname="tests.test_track_18_08_regression_stability_device_polish" name="test_02_deployment_gate_trust_report_exists" time="0.000" /><testcase classname="tests.test_track_18_08_regression_stability_device_polish" name="test_03_design_system_doc_intact" time="0.000" /><testcase classname="tests.test_track_18_08_regression_stability_device_polish" name="test_04_linter_rules_doc_intact" time="0.000" /><testcase classname="tests.test_track_18_08_regression_stability_device_polish" name="test_05_linter_file_intact" time="0.000" /><testcase classname="tests.test_track_18_08_regression_stability_device_polish" name="test_06_trust_report_documents_three_run_evidence" time="0.000" /><testcase classname="tests.test_track_18_08_regression_stability_device_polish" name="test_07_15_76_flake_root_cause_documented" time="0.000" /><testcase classname="tests.test_track_18_08_regression_stability_device_polish" name="test_08_15_79e_flake_root_cause_documented" time="0.000" /><testcase classname="tests.test_track_18_08_regression_stability_device_polish" name="test_09_trust_report_documents_containment_plan" time="0.000" /><testcase classname="tests.test_track_18_08_regression_stability_device_polish" name="test_10_trust_report_declares_deterministic" time="0.000" /><testcase classname="tests.test_track_18_08_regression_stability_device_polish" name="test_11_live_map_mobile_documented" time="0.000" /><testcase classname="tests.test_track_18_08_regression_stability_device_polish" name="test_12_admin_table_mobile_documented" time="0.000" /><testcase classname="tests.test_track_18_08_regression_stability_device_polish" name="test_13_disposition_explicit" time="0.000" /><testcase classname="tests.test_track_18_08_regression_stability_device_polish" name="test_14_deferrals_documented" time="0.000" /><testcase classname="tests.test_track_18_08_regression_stability_device_polish" name="test_15_linter_defines_r6_status_color_without_label" time="0.000" /><testcase classname="tests.test_track_18_08_regression_stability_device_polish" name="test_16_linter_defines_r7_hardcoded_widths" time="0.000" /><testcase classname="tests.test_track_18_08_regression_stability_device_polish" name="test_17_r7_uses_negative_lookbehind_for_max_w" time="0.000" /><testcase classname="tests.test_track_18_08_regression_stability_device_polish" name="test_18_r7_allows_overflow_wrapped_files" time="0.000" /><testcase classname="tests.test_track_18_08_regression_stability_device_polish" name="test_19_linter_r4_legacy_workspace_rules_preserved" time="0.000" /><testcase classname="tests.test_track_18_08_regression_stability_device_polish" name="test_20_linter_r1_empty_state_preserved" time="0.000" /><testcase classname="tests.test_track_18_08_regression_stability_device_polish" name="test_21_linter_r2_error_state_preserved" time="0.000" /><testcase classname="tests.test_track_18_08_regression_stability_device_polish" name="test_22_linter_r3_restricted_state_preserved" time="0.000" /><testcase classname="tests.test_track_18_08_regression_stability_device_polish" name="test_23_no_new_collections" time="0.001" /><testcase classname="tests.test_track_18_08_regression_stability_device_polish" name="test_24_dispatch_token_alias_preserved" time="0.001" /><testcase classname="tests.test_track_18_08_regression_stability_device_polish" name="test_25_admin_route_prefix_preserved" time="0.000" /><testcase classname="tests.test_track_18_08_regression_stability_device_polish" name="test_26_dispatch_login_route_preserved" time="0.000" /><testcase classname="tests.test_track_18_08_regression_stability_device_polish" name="test_27_rbac_admin_strict_guard_intact" time="0.000" /><testcase classname="tests.test_track_18_08_regression_stability_device_polish" name="test_28_track_18_07_lock_files_intact" time="0.000" /><testcase classname="tests.test_track_18_08_regression_stability_device_polish" name="test_29_track_wired_into_deployment_gate" time="0.000" /><testcase classname="tests.test_track_18_08_regression_stability_device_polish" name="test_30_certification_declares_go" time="0.000" /><testcase classname="tests.test_track_18_09_operational_friction_elimination" name="test_friction_elimination_report_exists" time="0.000" /><testcase classname="tests.test_track_18_09_operational_friction_elimination" name="test_visual_rhythm_report_exists" time="0.000" /><testcase classname="tests.test_track_18_09_operational_friction_elimination" name="test_information_hierarchy_report_exists" time="0.000" /><testcase classname="tests.test_track_18_09_operational_friction_elimination" name="test_operator_experience_report_exists" time="0.000" /><testcase classname="tests.test_track_18_09_operational_friction_elimination" name="test_master_list_panel_uses_dynamic_search_placeholder" time="0.000" /><testcase classname="tests.test_track_18_09_operational_friction_elimination" name="test_tasks_search_placeholder_matches_server_scope" time="0.000" /><testcase classname="tests.test_track_18_09_operational_friction_elimination" name="test_r8_duplicate_cta_rule_is_deferred_not_shipped" time="0.000" /><testcase classname="tests.test_track_18_09_operational_friction_elimination" name="test_track_18_09_wired_into_deployment_gate" time="0.000" /><testcase classname="tests.test_track_18_09_operational_friction_elimination" name="test_main_report_links_supporting_reports" time="0.000" /><testcase classname="tests.test_track_18_09a_true_completion_pass" name="test_friction_inventory_exists" time="0.000" /><testcase classname="tests.test_track_18_09a_true_completion_pass" name="test_every_major_workspace_audited" time="0.000" /><testcase classname="tests.test_track_18_09a_true_completion_pass" name="test_every_workspace_has_top_tasks_documented" time="0.000" /><testcase classname="tests.test_track_18_09a_true_completion_pass" name="test_every_workspace_has_friction_findings" time="0.000" /><testcase classname="tests.test_track_18_09a_true_completion_pass" name="test_every_shipped_fix_listed_in_inventory" time="0.000" /><testcase classname="tests.test_track_18_09a_true_completion_pass" name="test_every_deferral_has_a_reason" time="0.000" /><testcase classname="tests.test_track_18_09a_true_completion_pass" name="test_dispatch_routes_preserved" time="0.000" /><testcase classname="tests.test_track_18_09a_true_completion_pass" name="test_transportation_operations_preserved" time="0.000" /><testcase classname="tests.test_track_18_09a_true_completion_pass" name="test_search_behavior_preserved" time="0.000" /><testcase classname="tests.test_track_18_09a_true_completion_pass" name="test_right_rail_preserved" time="0.000" /><testcase classname="tests.test_track_18_09a_true_completion_pass" name="test_no_auth_rbac_changes_disclosed" time="0.000" /><testcase classname="tests.test_track_18_09a_true_completion_pass" name="test_deployment_gate_includes_18_09a" time="0.000" /><testcase classname="tests.test_track_18_09a_true_completion_pass" name="test_deployment_gate_file_is_compilable" time="0.003" /><testcase classname="tests.test_track_18_09a_true_completion_pass" name="test_inventory_documents_frontend_smoke_surfaces" time="0.000" /><testcase classname="tests.test_track_18_09a_true_completion_pass" name="test_admin_user_panels_copy_button_aria_labels" time="0.001" /><testcase classname="tests.test_track_18_09a_true_completion_pass" name="test_admin_refresh_buttons_have_aria_labels" time="0.000" /><testcase classname="tests.test_track_18_09a_true_completion_pass" name="test_po_requests_filter_placeholders_normalized" time="0.000" /><testcase classname="tests.test_track_18_09a_true_completion_pass" name="test_hub_landing_unchanged" time="0.000" /><testcase classname="tests.test_track_18_09a_true_completion_pass" name="test_sign_in_unchanged" time="0.000" /><testcase classname="tests.test_track_18_09a_true_completion_pass" name="test_mission_control_chrome_preserved" time="0.000" /><testcase classname="tests.test_track_18_09a_true_completion_pass" name="test_tasks_search_placeholder_matches_server_scope" time="0.001" /></testsuite></testsuites>