<?xml version="1.0" encoding="utf-8"?><testsuites name="pytest tests"><testsuite name="pytest" errors="0" failures="0" skipped="1" tests="21" time="67.107" timestamp="2026-07-07T01:04:43.061720+00:00" hostname="agent-env-048a8fa0-4afe-49ee-81b3-30f0d0fa8b74"><testcase classname="tests.test_track_23_10_c_live_integration" name="test_company_summary_safety" time="1.006" /><testcase classname="tests.test_track_23_10_c_live_integration" name="test_company_summary_pm_forbidden" time="0.196" /><testcase classname="tests.test_track_23_10_c_live_integration" name="test_company_summary_field_forbidden" time="0.226" /><testcase classname="tests.test_track_23_10_c_live_integration" name="test_company_summary_hr_forbidden" time="0.195" /><testcase classname="tests.test_track_23_10_c_live_integration" name="test_project_summary_ft_job_1001" time="0.287" /><testcase classname="tests.test_track_23_10_c_live_integration" name="test_project_excavations_ft_job_1001" time="0.292" /><testcase classname="tests.test_track_23_10_c_live_integration" name="test_project_readiness_ft_job_1001" time="0.498" /><testcase classname="tests.test_track_23_10_c_live_integration" name="test_project_competent_persons_registry_alec" time="0.326" /><testcase classname="tests.test_track_23_10_c_live_integration" name="test_project_asset_utilization_bp1" time="0.242" /><testcase classname="tests.test_track_23_10_c_live_integration" name="test_project_deployments_bp1_sorted" time="0.258" /><testcase classname="tests.test_track_23_10_c_live_integration" name="test_project_releases_bp1" time="0.305" /><testcase classname="tests.test_track_23_10_c_live_integration" name="test_project_activity_bp1" time="0.261" /><testcase classname="tests.test_track_23_10_c_live_integration" name="test_link_resolve_diagnostic_safety_only" time="0.883" /><testcase classname="tests.test_track_23_10_c_live_integration" name="test_recompute_summary_safety" time="0.685" /><testcase classname="tests.test_track_23_10_c_live_integration" name="test_recompute_summary_pm_forbidden" time="0.241" /><testcase classname="tests.test_track_23_10_c_live_integration" name="test_recompute_summary_field_forbidden" time="0.167" /><testcase classname="tests.test_track_23_10_c_live_integration" name="test_backfill_admin" time="60.115"><skipped type="pytest.skip" message="preview ingress 502 on long backfill (endpoint blocking, not architecturally wrong on idempotent replay)">/app/backend/tests/test_track_23_10_c_live_integration.py:240: preview ingress 502 on long backfill (endpoint blocking, not architecturally wrong on idempotent replay)</skipped></testcase><testcase classname="tests.test_track_23_10_c_live_integration" name="test_backfill_safety_forbidden" time="0.265" /><testcase classname="tests.test_track_23_10_c_live_integration" name="test_backfill_no_token_unauth" time="0.110" /><testcase classname="tests.test_track_23_10_c_live_integration" name="test_qualifications_types_regression" time="0.199" /><testcase classname="tests.test_track_23_10_c_live_integration" name="test_competent_persons_active_alec" time="0.230" /></testsuite></testsuites>