<?xml version="1.0" encoding="utf-8"?><testsuites name="pytest tests"><testsuite name="pytest" errors="0" failures="0" skipped="0" tests="62" time="17.837" timestamp="2026-06-28T19:29:39.024661+00:00" hostname="agent-env-048a8fa0-4afe-49ee-81b3-30f0d0fa8b74"><testcase classname="tests.test_track_18_09c_transportation_ownership" name="test_all_seven_required_deliverables_exist" time="0.001" /><testcase classname="tests.test_track_18_09c_transportation_ownership" name="test_audit_links_all_supporting_documents" time="0.000" /><testcase classname="tests.test_track_18_09c_transportation_ownership" name="test_constitutional_amendment_declared" time="0.000" /><testcase classname="tests.test_track_18_09c_transportation_ownership" name="test_feature_matrix_covers_every_required_category" time="0.000" /><testcase classname="tests.test_track_18_09c_transportation_ownership" name="test_governance_matrix_classifies_admin_routes" time="0.000" /><testcase classname="tests.test_track_18_09c_transportation_ownership" name="test_transportation_compat_redirects_are_path_relative" time="0.000" /><testcase classname="tests.test_track_18_09c_transportation_ownership" name="test_single_source_of_truth_thin_reexport" time="0.000" /><testcase classname="tests.test_track_18_09c_transportation_ownership" name="test_both_doorways_registered_in_app_router" time="0.001" /><testcase classname="tests.test_track_18_09c_transportation_ownership" name="test_dispatch_portal_routes_preserved" time="0.000" /><testcase classname="tests.test_track_18_09c_transportation_ownership" name="test_driver_token_routes_preserved" time="0.000" /><testcase classname="tests.test_track_18_09c_transportation_ownership" name="test_auth_helpers_preserved" time="0.001" /><testcase classname="tests.test_track_18_09c_transportation_ownership" name="test_lock_file_wired_into_deployment_gate" time="0.000" /><testcase classname="tests.test_track_18_09c_transportation_ownership" name="test_no_new_collections_introduced" time="0.002" /><testcase classname="tests.test_track_18_09c_transportation_ownership" name="test_workflow_audit_states_zero_admin_transitions_required" time="0.000" /><testcase classname="tests.test_track_18_09c_transportation_ownership" name="test_role_workday_audit_shows_zero_admin_workday_for_operational_roles" time="0.000" /><testcase classname="tests.test_track_18_09c_transportation_ownership" name="test_final_recommendation_is_go" time="0.000" /><testcase classname="tests.test_track_18_09a_true_completion_pass" name="test_friction_inventory_exists" time="0.000" /><testcase classname="tests.test_track_18_09a_true_completion_pass" name="test_every_major_workspace_audited" time="0.000" /><testcase classname="tests.test_track_18_09a_true_completion_pass" name="test_every_workspace_has_top_tasks_documented" time="0.000" /><testcase classname="tests.test_track_18_09a_true_completion_pass" name="test_every_workspace_has_friction_findings" time="0.000" /><testcase classname="tests.test_track_18_09a_true_completion_pass" name="test_every_shipped_fix_listed_in_inventory" time="0.000" /><testcase classname="tests.test_track_18_09a_true_completion_pass" name="test_every_deferral_has_a_reason" time="0.000" /><testcase classname="tests.test_track_18_09a_true_completion_pass" name="test_dispatch_routes_preserved" time="0.000" /><testcase classname="tests.test_track_18_09a_true_completion_pass" name="test_transportation_operations_preserved" time="0.000" /><testcase classname="tests.test_track_18_09a_true_completion_pass" name="test_search_behavior_preserved" time="0.000" /><testcase classname="tests.test_track_18_09a_true_completion_pass" name="test_right_rail_preserved" time="0.000" /><testcase classname="tests.test_track_18_09a_true_completion_pass" name="test_no_auth_rbac_changes_disclosed" time="0.000" /><testcase classname="tests.test_track_18_09a_true_completion_pass" name="test_deployment_gate_includes_18_09a" time="0.000" /><testcase classname="tests.test_track_18_09a_true_completion_pass" name="test_deployment_gate_file_is_compilable" time="0.002" /><testcase classname="tests.test_track_18_09a_true_completion_pass" name="test_inventory_documents_frontend_smoke_surfaces" time="0.000" /><testcase classname="tests.test_track_18_09a_true_completion_pass" name="test_admin_user_panels_copy_button_aria_labels" time="0.000" /><testcase classname="tests.test_track_18_09a_true_completion_pass" name="test_admin_refresh_buttons_have_aria_labels" time="0.000" /><testcase classname="tests.test_track_18_09a_true_completion_pass" name="test_po_requests_filter_placeholders_normalized" time="0.000" /><testcase classname="tests.test_track_18_09a_true_completion_pass" name="test_hub_landing_unchanged" time="0.000" /><testcase classname="tests.test_track_18_09a_true_completion_pass" name="test_sign_in_unchanged" time="0.000" /><testcase classname="tests.test_track_18_09a_true_completion_pass" name="test_mission_control_chrome_preserved" time="0.000" /><testcase classname="tests.test_track_18_09a_true_completion_pass" name="test_tasks_search_placeholder_matches_server_scope" time="0.000" /><testcase classname="tests.test_track_18_09_operational_friction_elimination" name="test_friction_elimination_report_exists" time="0.000" /><testcase classname="tests.test_track_18_09_operational_friction_elimination" name="test_visual_rhythm_report_exists" time="0.000" /><testcase classname="tests.test_track_18_09_operational_friction_elimination" name="test_information_hierarchy_report_exists" time="0.000" /><testcase classname="tests.test_track_18_09_operational_friction_elimination" name="test_operator_experience_report_exists" time="0.000" /><testcase classname="tests.test_track_18_09_operational_friction_elimination" name="test_master_list_panel_uses_dynamic_search_placeholder" time="0.000" /><testcase classname="tests.test_track_18_09_operational_friction_elimination" name="test_tasks_search_placeholder_matches_server_scope" time="0.000" /><testcase classname="tests.test_track_18_09_operational_friction_elimination" name="test_r8_duplicate_cta_rule_is_deferred_not_shipped" time="0.000" /><testcase classname="tests.test_track_18_09_operational_friction_elimination" name="test_track_18_09_wired_into_deployment_gate" time="0.000" /><testcase classname="tests.test_track_18_09_operational_friction_elimination" name="test_main_report_links_supporting_reports" time="0.000" /><testcase classname="tests.test_track_18_07_design_system_linter" name="test_lint_no_raw_no_data_empty_state" time="3.587" /><testcase classname="tests.test_track_18_07_design_system_linter" name="test_lint_no_raw_developer_error_text" time="3.066" /><testcase classname="tests.test_track_18_07_design_system_linter" name="test_lint_no_legacy_restricted_state_wording" time="2.555" /><testcase classname="tests.test_track_18_07_design_system_linter" name="test_lint_no_user_facing_dispatch_portal" time="0.542" /><testcase classname="tests.test_track_18_07_design_system_linter" name="test_lint_no_user_facing_pm_portal" time="0.544" /><testcase classname="tests.test_track_18_07_design_system_linter" name="test_lint_no_user_facing_hr_portal" time="0.544" /><testcase classname="tests.test_track_18_07_design_system_linter" name="test_lint_no_user_facing_safety_portal" time="0.546" /><testcase classname="tests.test_track_18_07_design_system_linter" name="test_lint_no_user_facing_shop_portal" time="0.549" /><testcase classname="tests.test_track_18_07_design_system_linter" name="test_lint_no_user_facing_admin_console" time="0.544" /><testcase classname="tests.test_track_18_07_design_system_linter" name="test_lint_no_user_facing_admin_portal" time="0.547" /><testcase classname="tests.test_track_18_07_design_system_linter" name="test_lint_no_user_facing_office_portals" time="0.545" /><testcase classname="tests.test_track_18_07_design_system_linter" name="test_lint_no_user_facing_masci_hub" time="0.543" /><testcase classname="tests.test_track_18_07_design_system_linter" name="test_lint_no_vague_ctas" time="2.058" /><testcase classname="tests.test_track_18_07_design_system_linter" name="test_allowlist_entries_resolve_to_real_files" time="0.001" /><testcase classname="tests.test_track_18_07_design_system_linter" name="test_lint_no_status_color_without_label" time="0.670" /><testcase classname="tests.test_track_18_07_design_system_linter" name="test_lint_no_hardcoded_mobile_breaking_widths" time="0.821" /></testsuite></testsuites>