<?xml version="1.0" encoding="utf-8"?><testsuites name="pytest tests"><testsuite name="pytest" errors="0" failures="0" skipped="0" tests="50" time="17.461" timestamp="2026-06-28T00:21:46.392045+00:00" hostname="agent-env-048a8fa0-4afe-49ee-81b3-30f0d0fa8b74"><testcase classname="tests.test_track_16_10_transportation_automation_engine" name="test_01_runner_lib_exists" time="0.001" /><testcase classname="tests.test_track_16_10_transportation_automation_engine" name="test_02_runner_signature_supports_dry_run" time="0.000" /><testcase classname="tests.test_track_16_10_transportation_automation_engine" name="test_03_runner_returns_structured_summary" time="0.000" /><testcase classname="tests.test_track_16_10_transportation_automation_engine" name="test_04_reminder_windows_present" time="0.000" /><testcase classname="tests.test_track_16_10_transportation_automation_engine" name="test_05_event_key_deterministic" time="0.001" /><testcase classname="tests.test_track_16_10_transportation_automation_engine" name="test_06_window_30_days" time="0.000" /><testcase classname="tests.test_track_16_10_transportation_automation_engine" name="test_07_window_14_days" time="0.000" /><testcase classname="tests.test_track_16_10_transportation_automation_engine" name="test_08_window_7_days" time="0.000" /><testcase classname="tests.test_track_16_10_transportation_automation_engine" name="test_09_window_1_day" time="0.000" /><testcase classname="tests.test_track_16_10_transportation_automation_engine" name="test_10_window_due_today" time="0.000" /><testcase classname="tests.test_track_16_10_transportation_automation_engine" name="test_11_window_overdue" time="0.000" /><testcase classname="tests.test_track_16_10_transportation_automation_engine" name="test_12_overdue_repeat_every_7_days" time="0.000" /><testcase classname="tests.test_track_16_10_transportation_automation_engine" name="test_13_inspection_kind_mapped_to_routes" time="0.000" /><testcase classname="tests.test_track_16_10_transportation_automation_engine" name="test_14_orientation_kind_mapped" time="0.000" /><testcase classname="tests.test_track_16_10_transportation_automation_engine" name="test_15_cdl_kind_mapped" time="0.000" /><testcase classname="tests.test_track_16_10_transportation_automation_engine" name="test_16_medical_kind_mapped" time="0.000" /><testcase classname="tests.test_track_16_10_transportation_automation_engine" name="test_17_packet_correction_route" time="0.000" /><testcase classname="tests.test_track_16_10_transportation_automation_engine" name="test_18_override_routes" time="0.000" /><testcase classname="tests.test_track_16_10_transportation_automation_engine" name="test_19_eligibility_changed_route" time="0.000" /><testcase classname="tests.test_track_16_10_transportation_automation_engine" name="test_20_email_routing_v2_used_only" time="0.001" /><testcase classname="tests.test_track_16_10_transportation_automation_engine" name="test_21_no_sms_twilio_push" time="0.001" /><testcase classname="tests.test_track_16_10_transportation_automation_engine" name="test_22_missing_recipients_audits_needs_configuration" time="0.000" /><testcase classname="tests.test_track_16_10_transportation_automation_engine" name="test_23_pilot_routes_preserved" time="0.000" /><testcase classname="tests.test_track_16_10_transportation_automation_engine" name="test_24_non_punitive_language" time="0.000" /><testcase classname="tests.test_track_16_10_transportation_automation_engine" name="test_25_scheduler_respects_env_flag" time="0.002" /><testcase classname="tests.test_track_16_10_transportation_automation_engine" name="test_26_admin_run_endpoint_present" time="0.000" /><testcase classname="tests.test_track_16_10_transportation_automation_engine" name="test_27_action_patch_endpoint_present" time="0.000" /><testcase classname="tests.test_track_16_10_transportation_automation_engine" name="test_28_dispatch_visibility_endpoint_present" time="0.000" /><testcase classname="tests.test_track_16_10_transportation_automation_engine" name="test_29_admin_endpoints_require_admin" time="0.000" /><testcase classname="tests.test_track_16_10_transportation_automation_engine" name="test_30_deployment_gate_includes_16_10" time="0.000" /><testcase classname="tests.test_track_16_10_transportation_automation_engine" name="test_31_prior_tracks_preserved" time="0.000" /><testcase classname="tests.test_track_16_10_transportation_automation_engine" name="test_32_command_queue_ui_route_exists" time="0.000" /><testcase classname="tests.test_track_16_10_transportation_automation_engine" name="test_33_automation_health_ui_route_exists" time="0.001" /><testcase classname="tests.test_track_16_10_transportation_automation_engine" name="test_34_runner_dry_run_does_not_persist_events" time="0.000" /><testcase classname="tests.test_track_16_10_transportation_automation_engine" name="test_35_runner_isolates_per_record_errors" time="0.000" /><testcase classname="tests.test_track_16_10_transportation_automation_engine" name="test_50_runner_empty_db_returns_zero" time="0.001" /><testcase classname="tests.test_track_16_10_transportation_automation_engine" name="test_51_runner_dedupe_no_duplicate_events" time="0.002" /><testcase classname="tests.test_track_16_10_transportation_automation_engine" name="test_52_runner_writes_action_item" time="0.001" /><testcase classname="tests.test_track_16_10_transportation_automation_engine" name="test_53_runner_handles_missing_inspection" time="0.001" /><testcase classname="tests.test_track_16_10_transportation_automation_engine" name="test_54_email_audit_writes_needs_configuration" time="0.000" /><testcase classname="tests.test_track_16_10_transportation_automation_engine" name="test_70_admin_dry_run_endpoint_returns_summary" time="4.077" /><testcase classname="tests.test_track_16_10_transportation_automation_engine" name="test_71_admin_run_endpoint_returns_summary" time="3.433" /><testcase classname="tests.test_track_16_10_transportation_automation_engine" name="test_72_run_history_endpoint" time="0.125" /><testcase classname="tests.test_track_16_10_transportation_automation_engine" name="test_73_action_queue_endpoint" time="0.126" /><testcase classname="tests.test_track_16_10_transportation_automation_engine" name="test_74_forecast_endpoint" time="2.153" /><testcase classname="tests.test_track_16_10_transportation_automation_engine" name="test_75_health_endpoint" time="0.150" /><testcase classname="tests.test_track_16_10_transportation_automation_engine" name="test_76_admin_endpoints_reject_unauthenticated" time="0.038" /><testcase classname="tests.test_track_16_10_transportation_automation_engine" name="test_77_dispatch_visibility_endpoint" time="0.124" /><testcase classname="tests.test_track_16_10_transportation_automation_engine" name="test_78_action_patch_resolves" time="0.275" /><testcase classname="tests.test_track_16_10_transportation_automation_engine" name="test_79_idempotent_live_run" time="6.882" /></testsuite></testsuites>