<?xml version="1.0" encoding="utf-8"?><testsuites name="pytest tests"><testsuite name="pytest" errors="0" failures="0" skipped="0" tests="154" time="14.897" timestamp="2026-07-04T16:47:06.484291+00:00" hostname="agent-env-048a8fa0-4afe-49ee-81b3-30f0d0fa8b74"><testcase classname="backend.tests.test_track_20_6b_test_hardening" name="test_all_deliverables_present" time="0.001" /><testcase classname="backend.tests.test_track_20_6b_test_hardening" name="test_td_20_6a_001_marked_closed" time="0.000" /><testcase classname="backend.tests.test_track_20_6b_test_hardening" name="test_td_20_6a_002_marked_closed" time="0.000" /><testcase classname="backend.tests.test_track_20_6b_test_hardening" name="test_td_20_7_c01_marked_closed" time="0.000" /><testcase classname="backend.tests.test_track_20_6b_test_hardening" name="test_td_20_6b_a01_registered_and_fixed" time="0.000" /><testcase classname="backend.tests.test_track_20_6b_test_hardening" name="test_synthetic_test_record_short_circuit_present" time="0.002" /><testcase classname="backend.tests.test_track_20_6b_test_hardening" name="test_synthetic_test_short_circuit_emits_skip_audit" time="0.002" /><testcase classname="backend.tests.test_track_20_6b_test_hardening" name="test_test_daily_reports_uses_multi_login" time="0.000" /><testcase classname="backend.tests.test_track_20_6b_test_hardening" name="test_test_job_photos_uses_multi_login" time="0.000" /><testcase classname="backend.tests.test_track_20_6b_test_hardening" name="test_test_daily_reports_admin_headers_triple_token" time="0.000" /><testcase classname="backend.tests.test_track_20_6b_test_hardening" name="test_vocabulary_hr_sees_all_lanes_uses_superset" time="0.000" /><testcase classname="backend.tests.test_track_20_6b_test_hardening" name="test_vocabulary_hr_sees_all_lanes_not_strict_equality" time="0.000" /><testcase classname="backend.tests.test_track_20_6b_test_hardening" name="test_vocabulary_unauth_uses_fresh_session" time="0.000" /><testcase classname="backend.tests.test_track_20_6b_test_hardening" name="test_no_email_transports_in_touched_tests" time="0.000" /><testcase classname="backend.tests.test_track_20_6b_test_hardening" name="test_no_skip_hides_target_debt" time="0.000" /><testcase classname="backend.tests.test_track_20_6b_test_hardening" name="test_prd_updated" time="0.005" /><testcase classname="backend.tests.test_track_20_6b_test_hardening" name="test_changelog_updated" time="0.001" /><testcase classname="backend.tests.test_track_20_6b_test_hardening" name="test_prior_track_docs_preserved" time="0.000" /><testcase classname="backend.tests.test_track_21_0_platform_census" name="test_all_deliverables_present" time="0.000" /><testcase classname="backend.tests.test_track_21_0_platform_census" name="test_manifest_is_valid_json" time="0.000" /><testcase classname="backend.tests.test_track_21_0_platform_census" name="test_manifest_lists_endpoints_and_routes_and_collections" time="0.000" /><testcase classname="backend.tests.test_track_21_0_platform_census" name="test_new_class_c_debt_registered" time="0.000" /><testcase classname="backend.tests.test_track_21_0_platform_census" name="test_zero_open_class_a_or_b_at_gate" time="0.000" /><testcase classname="backend.tests.test_track_21_0_platform_census" name="test_track_20_6b_email_gate_untouched" time="0.001" /><testcase classname="backend.tests.test_track_21_0_platform_census" name="test_prd_and_changelog_updated" time="0.007" /><testcase classname="backend.tests.test_track_21_0_platform_census" name="test_prior_release_gate_docs_preserved" time="0.000" /><testcase classname="backend.tests.test_track_21_0_platform_census" name="test_final_report_declares_go" time="0.000" /><testcase classname="backend.tests.test_track_21_1_remediation" name="test_final_report_exists_and_mentions_scope" time="0.000" /><testcase classname="backend.tests.test_track_21_1_remediation" name="test_technical_debt_register_updated_for_21_1" time="0.000" /><testcase classname="backend.tests.test_track_21_1_remediation" name="test_changelog_appended" time="0.001" /><testcase classname="backend.tests.test_track_21_1_remediation" name="test_i18n_has_no_orphaned_value_lines" time="0.003" /><testcase classname="backend.tests.test_track_21_1_remediation" name="test_i18n_has_no_duplicate_keys" time="0.005" /><testcase classname="backend.tests.test_track_21_1_remediation" name="test_frontend_eslint_reports_zero_errors" time="9.755" /><testcase classname="backend.tests.test_track_21_1_remediation" name="test_no_new_live_email_paths_introduced_in_21_1" time="0.000" /><testcase classname="backend.tests.test_track_21_1_remediation" name="test_server_and_app_not_split_in_21_1" time="0.000" /><testcase classname="backend.tests.test_track_21_2e1_payload_canonicalization" name="test_baseline_inventory_shows_zero_residual" time="0.000" /><testcase classname="backend.tests.test_track_21_2e1_payload_canonicalization" name="test_canonicalization_report_committed" time="0.000" /><testcase classname="backend.tests.test_track_21_2e1_payload_canonicalization" name="test_expanded_scan_report_zero_offenders" time="0.000" /><testcase classname="backend.tests.test_track_21_2e1_payload_canonicalization" name="test_no_unsafe_strict_workflow_payload_field_in_tests" time="0.042" /><testcase classname="backend.tests.test_track_21_2e1_payload_canonicalization" name="test_sdk_kill_switch_still_present" time="0.001" /><testcase classname="backend.tests.test_track_21_2e1_payload_canonicalization" name="test_preview_env_still_strict" time="0.000" /><testcase classname="backend.tests.test_track_21_2e1_payload_canonicalization" name="test_track_20_6b_test_prefix_gate_still_present" time="0.001" /><testcase classname="backend.tests.test_track_21_2e1_payload_canonicalization" name="test_auto_email_enabled_still_honors_safety_mode" time="0.000" /><testcase classname="backend.tests.test_track_21_2e1_payload_canonicalization" name="test_no_test_imports_resend_directly_outside_safety_test" time="0.064" /><testcase classname="backend.tests.test_track_21_2e1_payload_canonicalization" name="test_no_pytest_skip_masks_unsafe_workflow_payload" time="0.031" /><testcase classname="backend.tests.test_track_21_2e1_payload_canonicalization" name="test_all_track_21_2e1_deliverables_committed" time="0.000" /><testcase classname="backend.tests.test_track_21_2e1_payload_canonicalization" name="test_prd_documents_email_safety_mode" time="0.005" /><testcase classname="backend.tests.test_track_21_2e1_payload_canonicalization" name="test_debt_register_closes_td_21_2e_c01" time="0.000" /><testcase classname="backend.tests.test_track_21_2e1_payload_canonicalization" name="test_changelog_records_track_21_2e_1" time="0.002" /><testcase classname="backend.tests.test_track_21_2e1_payload_canonicalization" name="test_boot_log_still_records_sdk_patch" time="0.045" /><testcase classname="backend.tests.test_track_21_2e_1_canonicalization" name="test_no_non_test_project_name_literals_remain" time="0.032" /><testcase classname="backend.tests.test_track_21_2e_1_canonicalization" name="test_canonicalization_report_exists" time="0.000" /><testcase classname="backend.tests.test_track_21_2e_1_canonicalization" name="test_track_20_6b_gate_still_present" time="0.002" /><testcase classname="backend.tests.test_track_21_2e_1_canonicalization" name="test_track_21_2e_sdk_kill_switch_still_present" time="0.001" /><testcase classname="backend.tests.test_track_21_2e_1_canonicalization" name="test_preview_env_still_declares_strict_safety_mode" time="0.000" /><testcase classname="backend.tests.test_track_21_2e_1_canonicalization" name="test_canonicalized_literals_follow_uniform_shape" time="0.027" /><testcase classname="backend.tests.test_track_21_2e_email_safety" name="test_resend_sdk_is_patched_when_strict" time="3.867" /><testcase classname="backend.tests.test_track_21_2e_email_safety" name="test_resend_sdk_untouched_when_safety_off" time="0.006" /><testcase classname="backend.tests.test_track_21_2e_email_safety" name="test_auto_email_enabled_false_in_strict" time="0.001" /><testcase classname="backend.tests.test_track_21_2e_email_safety" name="test_auto_email_enabled_true_in_off_mode" time="0.001" /><testcase classname="backend.tests.test_track_21_2e_email_safety" name="test_auto_email_enabled_false_when_unset_and_no_resend_key" time="0.001" /><testcase classname="backend.tests.test_track_21_2e_email_safety" name="test_dispatch_auto_email_source_contains_strict_gate" time="0.001" /><testcase classname="backend.tests.test_track_21_2e_email_safety" name="test_dispatch_auto_email_source_contains_test_prefix_gate" time="0.001" /><testcase classname="backend.tests.test_track_21_2e_email_safety" name="test_no_direct_resend_send_outside_gated_helpers" time="0.144" /><testcase classname="backend.tests.test_track_21_2e_email_safety" name="test_non_test_payload_inventory_exists" time="0.000" /><testcase classname="backend.tests.test_track_21_2e_email_safety" name="test_preview_env_declares_strict_safety_mode" time="0.000" /><testcase classname="backend.tests.test_track_21_2e_email_safety" name="test_boot_log_confirms_patch_active" time="0.038" /><testcase classname="backend.tests.test_track_21_3_remaining_debt_remediation" name="test_env_var_census_committed" time="0.000" /><testcase classname="backend.tests.test_track_21_3_remaining_debt_remediation" name="test_env_example_committed" time="0.000" /><testcase classname="backend.tests.test_track_21_3_remaining_debt_remediation" name="test_cors_middleware_uses_explicit_allow_lists" time="0.002" /><testcase classname="backend.tests.test_track_21_3_remaining_debt_remediation" name="test_cors_hardening_report_committed" time="0.000" /><testcase classname="backend.tests.test_track_21_3_remaining_debt_remediation" name="test_storage_and_sentry_reports_committed" time="0.000" /><testcase classname="backend.tests.test_track_21_3_remaining_debt_remediation" name="test_singleton_collection_review_committed" time="0.000" /><testcase classname="backend.tests.test_track_21_3_remaining_debt_remediation" name="test_component_collision_report_committed" time="0.000" /><testcase classname="backend.tests.test_track_21_3_remaining_debt_remediation" name="test_track_21_2e_kill_switch_still_present" time="0.001" /><testcase classname="backend.tests.test_track_21_3_remaining_debt_remediation" name="test_preview_env_still_strict" time="0.000" /><testcase classname="backend.tests.test_track_21_3_remaining_debt_remediation" name="test_all_track_21_3_deliverables_committed" time="0.000" /><testcase classname="backend.tests.test_track_21_3_remaining_debt_remediation" name="test_debt_register_records_track_21_3" time="0.000" /><testcase classname="backend.tests.test_track_21_3_remaining_debt_remediation" name="test_changelog_records_track_21_3" time="0.001" /><testcase classname="backend.tests.test_track_21_3_remaining_debt_remediation" name="test_boot_log_still_records_sdk_patch" time="0.033" /><testcase classname="backend.tests.test_track_22_0_platform_excellence" name="test_all_track_22_0_deliverables_committed_and_non_empty" time="0.000" /><testcase classname="backend.tests.test_track_22_0_platform_excellence" name="test_platform_manifest_present" time="0.000" /><testcase classname="backend.tests.test_track_22_0_platform_excellence" name="test_executive_summary_records_six_pillars_floor" time="0.000" /><testcase classname="backend.tests.test_track_22_0_platform_excellence" name="test_executive_summary_defers_server_py_to_22_1" time="0.000" /><testcase classname="backend.tests.test_track_22_0_platform_excellence" name="test_executive_summary_defers_app_js_to_22_2" time="0.000" /><testcase classname="backend.tests.test_track_22_0_platform_excellence" name="test_debt_register_records_track_22_deferrals" time="0.000" /><testcase classname="backend.tests.test_track_22_0_platform_excellence" name="test_prd_records_track_22_0" time="0.002" /><testcase classname="backend.tests.test_track_22_0_platform_excellence" name="test_changelog_records_track_22_0" time="0.001" /><testcase classname="backend.tests.test_track_22_0_platform_excellence" name="test_preview_env_still_strict" time="0.000" /><testcase classname="backend.tests.test_track_22_0_platform_excellence" name="test_resend_sdk_kill_switch_still_present" time="0.001" /><testcase classname="backend.tests.test_track_22_0_platform_excellence" name="test_dispatcher_strict_gate_still_present" time="0.001" /><testcase classname="backend.tests.test_track_22_0_platform_excellence" name="test_cors_explicit_allow_lists_still_present" time="0.001" /><testcase classname="backend.tests.test_track_22_0_platform_excellence" name="test_prior_track_lock_test_files_still_committed" time="0.000" /><testcase classname="backend.tests.test_track_22_1_server_modularization" name="test_health_probes_module_exists_with_expected_symbols" time="0.000" /><testcase classname="backend.tests.test_track_22_1_server_modularization" name="test_rate_limiting_module_exists_with_expected_symbols" time="0.000" /><testcase classname="backend.tests.test_track_22_1_server_modularization" name="test_server_py_imports_extracted_modules" time="0.001" /><testcase classname="backend.tests.test_track_22_1_server_modularization" name="test_server_py_no_longer_defines_extracted_bodies" time="0.001" /><testcase classname="backend.tests.test_track_22_1_server_modularization" name="test_runtime_enumeration_snapshots_committed" time="0.000" /><testcase classname="backend.tests.test_track_22_1_server_modularization" name="test_route_count_and_openapi_parity" time="0.006" /><testcase classname="backend.tests.test_track_22_1_server_modularization" name="test_middleware_startup_shutdown_exception_parity" time="0.005" /><testcase classname="backend.tests.test_track_22_1_server_modularization" name="test_route_set_parity_paths_and_methods" time="0.007" /><testcase classname="backend.tests.test_track_22_1_server_modularization" name="test_only_intentional_handler_module_moves" time="0.008" /><testcase classname="backend.tests.test_track_22_1_server_modularization" name="test_all_deliverables_present_and_non_empty" time="0.000" /><testcase classname="backend.tests.test_track_22_1_server_modularization" name="test_debt_register_records_track_22_1_closure" time="0.000" /><testcase classname="backend.tests.test_track_22_1_server_modularization" name="test_prd_records_track_22_1" time="0.002" /><testcase classname="backend.tests.test_track_22_1_server_modularization" name="test_changelog_records_track_22_1" time="0.002" /><testcase classname="backend.tests.test_track_22_1_server_modularization" name="test_email_safety_layers_still_present" time="0.001" /><testcase classname="backend.tests.test_track_22_1_server_modularization" name="test_cors_explicit_allow_lists_preserved" time="0.001" /><testcase classname="backend.tests.test_track_22_1_server_modularization" name="test_track_22_0_lock_still_committed" time="0.000" /><testcase classname="backend.tests.test_track_22_1b_email_dispatch" name="test_email_dispatch_module_exists_with_expected_symbols" time="0.001" /><testcase classname="backend.tests.test_track_22_1b_email_dispatch" name="test_server_py_imports_extracted_names" time="0.002" /><testcase classname="backend.tests.test_track_22_1b_email_dispatch" name="test_dispatcher_body_still_in_server_py" time="0.001" /><testcase classname="backend.tests.test_track_22_1b_email_dispatch" name="test_old_inline_scaffolding_removed_from_server_py" time="0.001" /><testcase classname="backend.tests.test_track_22_1b_email_dispatch" name="test_dispatcher_hook_wired_at_runtime" time="0.000" /><testcase classname="backend.tests.test_track_22_1b_email_dispatch" name="test_resend_sdk_patch_installed_and_blocks" time="0.001" /><testcase classname="backend.tests.test_track_22_1b_email_dispatch" name="test_runtime_snapshots_committed" time="0.000" /><testcase classname="backend.tests.test_track_22_1b_email_dispatch" name="test_runtime_snapshot_zero_drift" time="0.008" /><testcase classname="backend.tests.test_track_22_1b_email_dispatch" name="test_dispatcher_bytecode_fingerprint_recorded" time="0.000" /><testcase classname="backend.tests.test_track_22_1b_email_dispatch" name="test_dispatcher_bytecode_matches_fingerprint" time="0.001" /><testcase classname="backend.tests.test_track_22_1b_email_dispatch" name="test_all_deliverables_present_and_non_empty" time="0.001" /><testcase classname="backend.tests.test_track_22_1b_email_dispatch" name="test_debt_register_records_track_22_1b" time="0.001" /><testcase classname="backend.tests.test_track_22_1b_email_dispatch" name="test_prd_records_track_22_1b" time="0.002" /><testcase classname="backend.tests.test_track_22_1b_email_dispatch" name="test_changelog_records_track_22_1b" time="0.001" /><testcase classname="backend.tests.test_track_22_1b_email_dispatch" name="test_email_safety_layers_still_present" time="0.001" /><testcase classname="backend.tests.test_track_22_1b_email_dispatch" name="test_cors_explicit_allow_lists_preserved" time="0.001" /><testcase classname="backend.tests.test_track_22_1b_email_dispatch" name="test_prior_track_locks_committed" time="0.000" /><testcase classname="backend.tests.test_track_22_1c_scheduler_bootstrap" name="test_startup_inventory_committed" time="0.000" /><testcase classname="backend.tests.test_track_22_1c_scheduler_bootstrap" name="test_inventory_counts_baseline" time="0.001" /><testcase classname="backend.tests.test_track_22_1c_scheduler_bootstrap" name="test_runtime_enum_matches_22_1b_close" time="0.008" /><testcase classname="backend.tests.test_track_22_1c_scheduler_bootstrap" name="test_fingerprint_index_present" time="0.000" /><testcase classname="backend.tests.test_track_22_1c_scheduler_bootstrap" name="test_dispatcher_fingerprint_still_matches_track_22_1b" time="0.000" /><testcase classname="backend.tests.test_track_22_1c_scheduler_bootstrap" name="test_all_locked_handlers_match_live_bytecode" time="0.001" /><testcase classname="backend.tests.test_track_22_1c_scheduler_bootstrap" name="test_fingerprint_index_matches_sibling_txt_files" time="0.000" /><testcase classname="backend.tests.test_track_22_1c_scheduler_bootstrap" name="test_scheduler_bootstrap_module_exists" time="0.000" /><testcase classname="backend.tests.test_track_22_1c_scheduler_bootstrap" name="test_scheduler_bootstrap_does_not_import_resend" time="0.001" /><testcase classname="backend.tests.test_track_22_1c_scheduler_bootstrap" name="test_all_deliverables_present_and_non_empty" time="0.000" /><testcase classname="backend.tests.test_track_22_1c_scheduler_bootstrap" name="test_debt_register_records_track_22_1c" time="0.000" /><testcase classname="backend.tests.test_track_22_1c_scheduler_bootstrap" name="test_prd_records_track_22_1c" time="0.002" /><testcase classname="backend.tests.test_track_22_1c_scheduler_bootstrap" name="test_changelog_records_track_22_1c" time="0.001" /><testcase classname="backend.tests.test_track_22_1c_scheduler_bootstrap" name="test_email_safety_layers_still_present" time="0.001" /><testcase classname="backend.tests.test_track_22_1c_scheduler_bootstrap" name="test_cors_explicit_allow_lists_preserved" time="0.001" /><testcase classname="backend.tests.test_track_22_1c_scheduler_bootstrap" name="test_prior_track_lock_files_committed" time="0.000" /><testcase classname="backend.tests.test_track_22_1d_lifespan_migration" name="test_lifespan_bootstrap_module_exists" time="0.000" /><testcase classname="backend.tests.test_track_22_1d_lifespan_migration" name="test_lifespan_bootstrap_does_not_import_resend" time="0.001" /><testcase classname="backend.tests.test_track_22_1d_lifespan_migration" name="test_server_py_wires_lifespan" time="0.001" /><testcase classname="backend.tests.test_track_22_1d_lifespan_migration" name="test_runtime_snapshots_committed" time="0.000" /><testcase classname="backend.tests.test_track_22_1d_lifespan_migration" name="test_runtime_parity_zero_drift" time="0.116" /><testcase classname="backend.tests.test_track_22_1d_lifespan_migration" name="test_all_bytecode_fingerprints_still_match_live" time="0.001" /><testcase classname="backend.tests.test_track_22_1d_lifespan_migration" name="test_lifecycle_inventory_committed" time="0.000" /><testcase classname="backend.tests.test_track_22_1d_lifespan_migration" name="test_startup_handler_count_preserved" time="0.001" /><testcase classname="backend.tests.test_track_22_1d_lifespan_migration" name="test_all_deliverables_present" time="0.000" /><testcase classname="backend.tests.test_track_22_1d_lifespan_migration" name="test_ledgers_record_track_22_1d" time="0.009" /><testcase classname="backend.tests.test_track_22_1d_lifespan_migration" name="test_email_safety_and_cors_preserved" time="0.001" /><testcase classname="backend.tests.test_track_22_1d_lifespan_migration" name="test_prior_track_lock_files_committed" time="0.000" /></testsuite></testsuites>