<?xml version="1.0" encoding="utf-8"?><testsuites name="pytest tests"><testsuite name="pytest" errors="0" failures="0" skipped="0" tests="40" time="6.003" timestamp="2026-06-27T22:55:05.927442+00:00" hostname="agent-env-048a8fa0-4afe-49ee-81b3-30f0d0fa8b74"><testcase classname="backend.tests.test_track_16_08_transportation_orientation" name="test_01_orientation_router_file_exists" time="0.001" /><testcase classname="backend.tests.test_track_16_08_transportation_orientation" name="test_02_router_defines_22_default_modules" time="0.000" /><testcase classname="backend.tests.test_track_16_08_transportation_orientation" name="test_03_four_languages_supported" time="0.000" /><testcase classname="backend.tests.test_track_16_08_transportation_orientation" name="test_04_bootstrap_hook_in_server" time="0.002" /><testcase classname="backend.tests.test_track_16_08_transportation_orientation" name="test_05_completion_threshold_99" time="0.000" /><testcase classname="backend.tests.test_track_16_08_transportation_orientation" name="test_06_quiz_max_attempts_enforced" time="0.000" /><testcase classname="backend.tests.test_track_16_08_transportation_orientation" name="test_07_no_skip_rule_in_heartbeat" time="0.000" /><testcase classname="backend.tests.test_track_16_08_transportation_orientation" name="test_08_certificate_audit_hash_present" time="0.000" /><testcase classname="backend.tests.test_track_16_08_transportation_orientation" name="test_09_public_qr_verify_endpoint" time="0.000" /><testcase classname="backend.tests.test_track_16_08_transportation_orientation" name="test_10_public_invite_endpoints_exist" time="0.000" /><testcase classname="backend.tests.test_track_16_08_transportation_orientation" name="test_11_external_endpoints_are_public_no_admin_gate" time="0.001" /><testcase classname="backend.tests.test_track_16_08_transportation_orientation" name="test_12_uses_email_routing_v2_not_sms" time="0.002" /><testcase classname="backend.tests.test_track_16_08_transportation_orientation" name="test_13_notification_kinds_full_catalog" time="0.000" /><testcase classname="backend.tests.test_track_16_08_transportation_orientation" name="test_14_eligibility_reads_orientation_status" time="0.000" /><testcase classname="backend.tests.test_track_16_08_transportation_orientation" name="test_15_eligibility_blocks_on_missing_orientation" time="0.001" /><testcase classname="backend.tests.test_track_16_08_transportation_orientation" name="test_16_eligibility_blocks_on_expired_orientation" time="0.000" /><testcase classname="backend.tests.test_track_16_08_transportation_orientation" name="test_17_eligibility_blocks_on_quiz_failed" time="0.000" /><testcase classname="backend.tests.test_track_16_08_transportation_orientation" name="test_18_eligibility_passes_when_orientation_current" time="0.000" /><testcase classname="backend.tests.test_track_16_08_transportation_orientation" name="test_19_transportation_routes_inject_orientation_for_persons" time="0.000" /><testcase classname="backend.tests.test_track_16_08_transportation_orientation" name="test_20_phase2_person_context_injects_orientation" time="0.000" /><testcase classname="backend.tests.test_track_16_08_transportation_orientation" name="test_21_status_helper_exposes_four_states" time="0.000" /><testcase classname="backend.tests.test_track_16_08_transportation_orientation" name="test_22_deployment_gate_includes_16_08" time="0.000" /><testcase classname="backend.tests.test_track_16_08_transportation_orientation" name="test_23_track_16_04_05_06_07_preserved" time="0.000" /><testcase classname="backend.tests.test_track_16_08_transportation_orientation" name="test_24_no_dead_ui_in_transportation_app" time="0.000" /><testcase classname="backend.tests.test_track_16_08_transportation_orientation" name="test_25_audit_kinds_full_lifecycle" time="0.000" /><testcase classname="backend.tests.test_track_16_08_transportation_orientation" name="test_26_orientation_valid_months_annual" time="0.000" /><testcase classname="backend.tests.test_track_16_08_transportation_orientation" name="test_30_status_no_required_modules_is_missing" time="0.001" /><testcase classname="backend.tests.test_track_16_08_transportation_orientation" name="test_31_status_all_completed_is_current" time="0.000" /><testcase classname="backend.tests.test_track_16_08_transportation_orientation" name="test_32_status_one_missing_is_missing" time="0.000" /><testcase classname="backend.tests.test_track_16_08_transportation_orientation" name="test_33_status_expired_is_expired" time="0.000" /><testcase classname="backend.tests.test_track_16_08_transportation_orientation" name="test_34_status_only_failed_is_quiz_failed" time="0.000" /><testcase classname="backend.tests.test_track_16_08_transportation_orientation" name="test_35_status_expiring_soon_flag" time="0.000" /><testcase classname="backend.tests.test_track_16_08_transportation_orientation" name="test_50_list_modules_seeded" time="0.724" /><testcase classname="backend.tests.test_track_16_08_transportation_orientation" name="test_51_each_module_has_4_language_placeholders" time="0.122" /><testcase classname="backend.tests.test_track_16_08_transportation_orientation" name="test_52_orientation_dashboard_endpoint" time="0.756" /><testcase classname="backend.tests.test_track_16_08_transportation_orientation" name="test_53_question_create_and_list" time="0.450" /><testcase classname="backend.tests.test_track_16_08_transportation_orientation" name="test_54_full_orientation_flow_admin" time="2.903" /><testcase classname="backend.tests.test_track_16_08_transportation_orientation" name="test_55_invite_create_open_submit" time="0.904" /><testcase classname="backend.tests.test_track_16_08_transportation_orientation" name="test_56_invite_bad_token_404" time="0.033" /><testcase classname="backend.tests.test_track_16_08_transportation_orientation" name="test_57_admin_endpoints_reject_unauthenticated" time="0.036" /></testsuite></testsuites>