=== Command Center + incident-related test bundle ===
============================= test session starts ==============================
platform linux -- Python 3.11.15, pytest-9.0.3, pluggy-1.6.0 -- /root/.venv/bin/python
cachedir: .pytest_cache
rootdir: /app/backend
plugins: timeout-2.4.0, base-url-2.1.0, playwright-0.8.0, anyio-4.13.0
collecting ... collected 71 items

tests/test_command_center_phase_a.py::test_worst_pill_priority PASSED    [  1%]
tests/test_command_center_phase_a.py::test_default_thresholds_have_all_required_rules PASSED [  2%]
tests/test_command_center_phase_a.py::test_jobs_card_green_when_all_active_jobs_have_dr PASSED [  4%]
tests/test_command_center_phase_a.py::test_jobs_card_red_when_many_jobs_missing_dr PASSED [  5%]
tests/test_command_center_phase_a.py::test_jobs_card_red_when_unowned_corrective_action PASSED [  7%]
tests/test_command_center_phase_a.py::test_safety_card_red_when_critical_incident_unresolved_48h PASSED [  8%]
tests/test_command_center_phase_a.py::test_safety_card_amber_when_critical_incident_24h_only PASSED [  9%]
tests/test_command_center_phase_a.py::test_safety_card_red_on_osha_open_24h PASSED [ 11%]
tests/test_command_center_phase_a.py::test_equipment_card_red_when_oos_72h PASSED [ 12%]
tests/test_command_center_phase_a.py::test_equipment_card_red_on_backlog PASSED [ 14%]
tests/test_command_center_phase_a.py::test_accountability_red_when_many_high_overdue PASSED [ 15%]
tests/test_command_center_phase_a.py::test_accountability_green_when_no_overdue PASSED [ 16%]
tests/test_command_center_phase_a.py::test_approvals_red_when_po_aged_5_days PASSED [ 18%]
tests/test_command_center_phase_a.py::test_approvals_amber_when_po_aged_3_days PASSED [ 19%]
tests/test_command_center_phase_a.py::test_d1_critical_incident_corrected_on_site_does_not_fire_red PASSED [ 21%]
tests/test_command_center_phase_a.py::test_d1_critical_incident_with_closed_ca_does_not_fire_red PASSED [ 22%]
tests/test_command_center_phase_a.py::test_d2_osha_recordable_corrected_on_site_does_not_fire_red PASSED [ 23%]
tests/test_command_center_phase_a.py::test_d2_osha_recordable_with_verified_ca_does_not_fire_red PASSED [ 25%]
tests/test_command_center_phase_a.py::test_d5_approvals_red_with_bson_datetime_created_at PASSED [ 26%]
tests/test_command_center_phase_a.py::test_d5_equipment_red_with_bson_datetime_created_at PASSED [ 28%]
tests/test_incidents.py::TestIncidents::test_create_incident PASSED      [ 29%]
tests/test_incidents.py::TestIncidents::test_create_near_miss PASSED     [ 30%]
tests/test_incidents.py::TestIncidents::test_create_missing_required_returns_422 PASSED [ 32%]
tests/test_incidents.py::TestIncidents::test_list_incidents_summaries PASSED [ 33%]
tests/test_incidents.py::TestIncidents::test_get_incident_full PASSED    [ 35%]
tests/test_incidents.py::TestIncidents::test_get_nonexistent_incident_404 PASSED [ 36%]
tests/test_incidents.py::TestIncidents::test_delete_incident_then_404 PASSED [ 38%]
tests/test_incidents.py::TestIncidents::test_delete_nonexistent_incident_404 PASSED [ 39%]
tests/test_incidents.py::TestIncidents::test_cleanup_near_miss PASSED    [ 40%]
tests/test_incidents.py::TestRegression::test_inspections_list_ok PASSED [ 42%]
tests/test_incidents.py::TestRegression::test_meetings_list_ok PASSED    [ 43%]
tests/test_incidents.py::TestRegression::test_jhas_list_ok PASSED        [ 45%]
tests/test_iter210_incident_helptips.py::test_incident_registry_seed_count PASSED [ 46%]
tests/test_iter210_incident_helptips.py::test_incident_top_level_exposes_canonical_four_tips PASSED [ 47%]
tests/test_iter210_incident_helptips.py::test_incident_tip_endpoint_anon_returns_tips[incident] PASSED [ 49%]
tests/test_iter210_incident_helptips.py::test_incident_tip_endpoint_anon_returns_tips[incident.location] PASSED [ 50%]
tests/test_iter210_incident_helptips.py::test_incident_tip_endpoint_anon_returns_tips[incident.narrative] PASSED [ 52%]
tests/test_iter210_incident_helptips.py::test_incident_tip_endpoint_anon_returns_tips[incident.severity] PASSED [ 53%]
tests/test_iter210_incident_helptips.py::test_incident_tip_endpoint_anon_returns_tips[incident.witnesses] PASSED [ 54%]
tests/test_iter210_incident_helptips.py::test_incident_tip_endpoint_anon_returns_tips[incident.corrective] PASSED [ 56%]
tests/test_iter210_incident_helptips.py::test_incident_leaf_includes_parent_context PASSED [ 57%]
tests/test_iter210_incident_helptips.py::test_incident_tips_bilingual[incident] PASSED [ 59%]
tests/test_iter210_incident_helptips.py::test_incident_tips_bilingual[incident.location] PASSED [ 60%]
tests/test_iter210_incident_helptips.py::test_incident_tips_bilingual[incident.narrative] PASSED [ 61%]
tests/test_iter210_incident_helptips.py::test_incident_tips_bilingual[incident.severity] PASSED [ 63%]
tests/test_iter210_incident_helptips.py::test_incident_tips_bilingual[incident.witnesses] PASSED [ 64%]
tests/test_iter210_incident_helptips.py::test_incident_tips_bilingual[incident.corrective] PASSED [ 66%]
tests/test_iter210_incident_helptips.py::test_incident_tips_concise[incident] PASSED [ 67%]
tests/test_iter210_incident_helptips.py::test_incident_tips_concise[incident.location] PASSED [ 69%]
tests/test_iter210_incident_helptips.py::test_incident_tips_concise[incident.narrative] PASSED [ 70%]
tests/test_iter210_incident_helptips.py::test_incident_tips_concise[incident.severity] PASSED [ 71%]
tests/test_iter210_incident_helptips.py::test_incident_tips_concise[incident.witnesses] PASSED [ 73%]
tests/test_iter210_incident_helptips.py::test_incident_tips_concise[incident.corrective] PASSED [ 74%]
tests/test_iter210_incident_helptips.py::test_incident_tips_no_admin_leak[incident] PASSED [ 76%]
tests/test_iter210_incident_helptips.py::test_incident_tips_no_admin_leak[incident.location] PASSED [ 77%]
tests/test_iter210_incident_helptips.py::test_incident_tips_no_admin_leak[incident.narrative] PASSED [ 78%]
tests/test_iter210_incident_helptips.py::test_incident_tips_no_admin_leak[incident.severity] PASSED [ 80%]
tests/test_iter210_incident_helptips.py::test_incident_tips_no_admin_leak[incident.witnesses] PASSED [ 81%]
tests/test_iter210_incident_helptips.py::test_incident_tips_no_admin_leak[incident.corrective] PASSED [ 83%]
tests/test_iter210_incident_helptips.py::test_incident_tips_include_high_value_coaching_surfaces PASSED [ 84%]
tests/test_iter368_incident_capa_reverse_link.py::TestIncidentCapaReverseLink::test_filter_returns_only_matching_source_id PASSED [ 85%]
tests/test_iter368_incident_capa_reverse_link.py::TestIncidentCapaReverseLink::test_filter_with_wrong_source_id_returns_empty PASSED [ 87%]
tests/test_iter368_incident_capa_reverse_link.py::TestIncidentCapaReverseLink::test_filter_with_source_kind_only PASSED [ 88%]
tests/test_iter368_incident_capa_reverse_link.py::TestIncidentCapaReverseLink::test_filter_does_not_break_existing_status_filter PASSED [ 90%]
tests/test_sprint1c_incident_delete.py::test_super_admin_can_delete_incident_by_uuid PASSED [ 91%]
tests/test_sprint1c_incident_delete.py::test_super_admin_can_delete_incident_by_doc_id PASSED [ 92%]
tests/test_sprint1c_incident_delete.py::test_unknown_identifier_returns_404 PASSED [ 94%]
tests/test_sprint1c_incident_delete.py::test_safety_role_token_is_rejected PASSED [ 95%]
tests/test_sprint1c_incident_delete.py::test_no_token_is_rejected PASSED [ 97%]
tests/test_sprint1c_incident_delete.py::test_incident_with_linked_capa_returns_409 PASSED [ 98%]
tests/test_sprint1c_incident_delete.py::test_delete_writes_audit_event PASSED [100%]

=============================== warnings summary ===============================
../../root/.venv/lib/python3.11/site-packages/starlette/formparsers.py:12
  /root/.venv/lib/python3.11/site-packages/starlette/formparsers.py:12: PendingDeprecationWarning: Please use `import python_multipart` instead.
    import multipart

-- Docs: https://docs.pytest.org/en/stable/how-to/capture-warnings.html
======================== 71 passed, 1 warning in 13.92s ========================
