=== Sprint 1C pytest (gate run) ===
============================= test session starts ==============================
platform linux -- Python 3.11.15, pytest-9.0.3, pluggy-1.6.0 -- /root/.venv/bin/python
cachedir: .pytest_cache
rootdir: /app/backend
plugins: timeout-2.4.0, base-url-2.1.0, playwright-0.8.0, anyio-4.13.0
collecting ... collected 7 items

tests/test_sprint1c_incident_delete.py::test_super_admin_can_delete_incident_by_uuid PASSED [ 14%]
tests/test_sprint1c_incident_delete.py::test_super_admin_can_delete_incident_by_doc_id PASSED [ 28%]
tests/test_sprint1c_incident_delete.py::test_unknown_identifier_returns_404 PASSED [ 42%]
tests/test_sprint1c_incident_delete.py::test_safety_role_token_is_rejected PASSED [ 57%]
tests/test_sprint1c_incident_delete.py::test_no_token_is_rejected PASSED [ 71%]
tests/test_sprint1c_incident_delete.py::test_incident_with_linked_capa_returns_409 PASSED [ 85%]
tests/test_sprint1c_incident_delete.py::test_delete_writes_audit_event PASSED [100%]

============================== 7 passed in 8.09s ===============================
