<?xml version="1.0" encoding="utf-8"?><testsuites name="pytest tests"><testsuite name="pytest" errors="0" failures="0" skipped="0" tests="28" time="1.309" timestamp="2026-07-19T13:56:30.113181+00:00" hostname="agent-env-e0a7f87a-b339-4e75-89c6-b294af577ac1"><testcase classname="backend.tests.test_track_28_11_checkpoint_b_runtime_and_guards" name="test_runtime_routes_no_longer_point_to_memory_paths" time="0.007" /><testcase classname="backend.tests.test_track_28_11_checkpoint_b_runtime_and_guards" name="test_governance_runtime_paths_use_shipped_static_runtime_data" time="0.002" /><testcase classname="backend.tests.test_track_28_11_checkpoint_b_runtime_and_guards" name="test_governance_self_protection_no_longer_reads_test_reports" time="0.002" /><testcase classname="backend.tests.test_track_28_11_checkpoint_b_runtime_and_guards" name="test_operator_safety_requires_confirmation_and_backup_ack" time="0.006" /><testcase classname="backend.tests.test_track_28_11_checkpoint_b_runtime_and_guards" name="test_destructive_routes_use_shared_guard_tokens" time="0.003" /><testcase classname="backend.tests.test_track_28_11_checkpoint_b_runtime_and_guards" name="test_cost_code_bulk_replace_guarded" time="0.002" /><testcase classname="backend.tests.test_track_28_11_checkpoint_b_runtime_and_guards" name="test_jobs_bulk_replace_refuses_empty_rows" time="0.002" /><testcase classname="backend.tests.test_track_28_12_checkpoint_b_restore_supplier_and_headers" name="test_restore_replace_mode_guard_contract_present" time="0.002" /><testcase classname="backend.tests.test_track_28_12_checkpoint_b_restore_supplier_and_headers" name="test_supplier_replace_all_guard_contract_present" time="0.002" /><testcase classname="backend.tests.test_track_28_12_checkpoint_b_restore_supplier_and_headers" name="test_operator_safety_non_empty_scope_refuses_empty" time="0.000" /><testcase classname="backend.tests.test_track_28_12_checkpoint_b_restore_supplier_and_headers" name="test_governance_self_protection_runtime_image_honesty" time="0.000" /><testcase classname="backend.tests.test_track_28_12_checkpoint_b_restore_supplier_and_headers" name="test_canonical_security_headers_present_and_ordered" time="0.002" /><testcase classname="backend.tests.test_track_28_13_checkpoint_b_script_register_and_guards" name="test_seed_project_memberships_is_guarded_and_registered" time="0.004" /><testcase classname="backend.tests.test_track_28_13_checkpoint_b_script_register_and_guards" name="test_seed_equipment_make_model_is_registered" time="0.000" /><testcase classname="backend.tests.test_track_28_13_checkpoint_b_script_register_and_guards" name="test_track_15_65_seed_email_routes_is_registered" time="0.000" /><testcase classname="backend.tests.test_track_28_13_checkpoint_b_script_register_and_guards" name="test_migrate_local_project_docs_to_r2_is_registered" time="0.000" /><testcase classname="backend.tests.test_track_28_14_checkpoint_b_script_inventory" name="test_discovered_write_capable_scripts_are_registered" time="0.423" /><testcase classname="backend.tests.test_track_28_14_checkpoint_b_script_inventory" name="test_known_p1_scripts_are_guarded_fail_closed" time="0.000" /><testcase classname="backend.tests.test_track_28_15_checkpoint_b_exception_inventory" name="test_restore_route_partial_failure_semantics_are_honest" time="0.002" /><testcase classname="backend.tests.test_track_28_15_checkpoint_b_exception_inventory" name="test_security_header_middleware_exists_once_canonically" time="0.003" /><testcase classname="backend.tests.test_track_28_15_checkpoint_b_exception_inventory" name="test_governance_self_protection_runtime_unavailable_is_honest" time="0.000" /><testcase classname="backend.tests.test_track_28_15_checkpoint_b_exception_inventory" name="test_exception_inventory_json_exists_and_has_stable_records" time="0.014" /><testcase classname="backend.tests.test_track_28_16_checkpoint_b_final_script_gate" name="test_all_open_p1_scripts_now_have_fail_closed_contracts" time="0.001" /><testcase classname="backend.tests.test_track_28_10_phase2_reconciliation_repairs" name="test_openai_wrapped_json_extractor_handles_fenced_payloads" time="0.002" /><testcase classname="backend.tests.test_track_28_10_phase2_reconciliation_repairs" name="test_restore_drill_supports_collections_name_json_layout_and_content_hash_key" time="0.000" /><testcase classname="backend.tests.test_track_28_10_phase2_reconciliation_repairs" name="test_daily_reports_new_alias_redirect_present" time="0.000" /><testcase classname="backend.tests.test_track_28_10_phase2_reconciliation_repairs" name="test_splash_overlay_duration_class_repaired" time="0.000" /><testcase classname="backend.tests.test_track_28_10_phase2_reconciliation_repairs" name="test_pm_actor_tagging_present_on_shared_auth_gates" time="0.002" /></testsuite></testsuites>